/usr/share/fonts: skipping, existing cache is valid: 0 fonts, 6 dirs
/usr/share/fonts/X11: skipping, existing cache is valid: 0 fonts, 4 dirs
/usr/share/fonts/X11/Type1: skipping, existing cache is valid: 8 fonts, 0 dirs
/usr/share/fonts/X11/encodings: skipping, existing cache is valid: 0 fonts, 1 dirs
/usr/share/fonts/X11/encodings/large: skipping, existing cache is valid: 0 fonts, 0 dirs
/usr/share/fonts/X11/misc: skipping, existing cache is valid: 89 fonts, 0 dirs
/usr/share/fonts/X11/util: skipping, existing cache is valid: 0 fonts, 0 dirs
/usr/share/fonts/cMap: skipping, existing cache is valid: 0 fonts, 0 dirs
/usr/share/fonts/cmap: skipping, existing cache is valid: 0 fonts, 5 dirs
/usr/share/fonts/cmap/adobe-cns1: skipping, existing cache is valid: 0 fonts, 0 dirs
/usr/share/fonts/cmap/adobe-gb1: skipping, existing cache is valid: 0 fonts, 0 dirs
/usr/share/fonts/cmap/adobe-japan1: skipping, existing cache is valid: 0 fonts, 0 dirs
/usr/share/fonts/cmap/adobe-japan2: skipping, existing cache is valid: 0 fonts, 0 dirs
/usr/share/fonts/cmap/adobe-korea1: skipping, existing cache is valid: 0 fonts, 0 dirs
/usr/share/fonts/opentype: skipping, existing cache is valid: 0 fonts, 4 dirs
/usr/share/fonts/opentype/cantarell: skipping, existing cache is valid: 5 fonts, 0 dirs
/usr/share/fonts/opentype/malayalam: skipping, existing cache is valid: 7 fonts, 0 dirs
/usr/share/fonts/opentype/noto: skipping, existing cache is valid: 28 fonts, 0 dirs
/usr/share/fonts/opentype/urw-base35: skipping, existing cache is valid: 35 fonts, 0 dirs
/usr/share/fonts/truetype: skipping, existing cache is valid: 0 fonts, 47 dirs
/usr/share/fonts/truetype/Gargi: skipping, existing cache is valid: 1 fonts, 0 dirs
/usr/share/fonts/truetype/Gubbi: skipping, existing cache is valid: 1 fonts, 0 dirs
/usr/share/fonts/truetype/Nakula: skipping, existing cache is valid: 1 fonts, 0 dirs
/usr/share/fonts/truetype/Navilu: skipping, existing cache is valid: 1 fonts, 0 dirs
/usr/share/fonts/truetype/Sahadeva: skipping, existing cache is valid: 1 fonts, 0 dirs
/usr/share/fonts/truetype/Sarai: skipping, existing cache is valid: 1 fonts, 0 dirs
/usr/share/fonts/truetype/abyssinica: skipping, existing cache is valid: 1 fonts, 0 dirs
/usr/share/fonts/truetype/dejavu: skipping, existing cache is valid: 6 fonts, 0 dirs
/usr/share/fonts/truetype/droid: skipping, existing cache is valid: 1 fonts, 0 dirs
/usr/share/fonts/truetype/fonts-beng-extra: skipping, existing cache is valid: 6 fonts, 0 dirs
/usr/share/fonts/truetype/fonts-deva-extra: skipping, existing cache is valid: 3 fonts, 0 dirs
/usr/share/fonts/truetype/fonts-gujr-extra: skipping, existing cache is valid: 5 fonts, 0 dirs
/usr/share/fonts/truetype/fonts-guru-extra: skipping, existing cache is valid: 1 fonts, 0 dirs
/usr/share/fonts/truetype/fonts-kalapi: skipping, existing cache is valid: 1 fonts, 0 dirs
/usr/share/fonts/truetype/fonts-orya-extra: skipping, existing cache is valid: 1 fonts, 0 dirs
/usr/share/fonts/truetype/fonts-telu-extra: skipping, existing cache is valid: 2 fonts, 0 dirs
/usr/share/fonts/truetype/fonts-yrsa-rasa: skipping, existing cache is valid: 10 fonts, 0 dirs
/usr/share/fonts/truetype/freefont: skipping, existing cache is valid: 12 fonts, 0 dirs
/usr/share/fonts/truetype/kacst: skipping, existing cache is valid: 15 fonts, 0 dirs
/usr/share/fonts/truetype/kacst-one: skipping, existing cache is valid: 2 fonts, 0 dirs
/usr/share/fonts/truetype/lao: skipping, existing cache is valid: 1 fonts, 0 dirs
/usr/share/fonts/truetype/liberation: skipping, existing cache is valid: 16 fonts, 0 dirs
/usr/share/fonts/truetype/liberation2: skipping, existing cache is valid: 12 fonts, 0 dirs
/usr/share/fonts/truetype/lohit-assamese: skipping, existing cache is valid: 1 fonts, 0 dirs
/usr/share/fonts/truetype/lohit-bengali: skipping, existing cache is valid: 1 fonts, 0 dirs
/usr/share/fonts/truetype/lohit-devanagari: skipping, existing cache is valid: 1 fonts, 0 dirs
/usr/share/fonts/truetype/lohit-gujarati: skipping, existing cache is valid: 1 fonts, 0 dirs
/usr/share/fonts/truetype/lohit-kannada: skipping, existing cache is valid: 1 fonts, 0 dirs
/usr/share/fonts/truetype/lohit-malayalam: skipping, existing cache is valid: 1 fonts, 0 dirs
/usr/share/fonts/truetype/lohit-oriya: skipping, existing cache is valid: 1 fonts, 0 dirs
/usr/share/fonts/truetype/lohit-punjabi: skipping, existing cache is valid: 1 fonts, 0 dirs
/usr/share/fonts/truetype/lohit-tamil: skipping, existing cache is valid: 1 fonts, 0 dirs
/usr/share/fonts/truetype/lohit-tamil-classical: skipping, existing cache is valid: 1 fonts, 0 dirs
/usr/share/fonts/truetype/lohit-telugu: skipping, existing cache is valid: 1 fonts, 0 dirs
/usr/share/fonts/truetype/malayalam: skipping, existing cache is valid: 10 fonts, 0 dirs
/usr/share/fonts/truetype/noto: skipping, existing cache is valid: 2 fonts, 0 dirs
/usr/share/fonts/truetype/openoffice: skipping, existing cache is valid: 1 fonts, 0 dirs
/usr/share/fonts/truetype/padauk: skipping, existing cache is valid: 4 fonts, 0 dirs
/usr/share/fonts/truetype/pagul: skipping, existing cache is valid: 1 fonts, 0 dirs
/usr/share/fonts/truetype/quicksand: skipping, existing cache is valid: 4 fonts, 0 dirs
/usr/share/fonts/truetype/samyak: skipping, existing cache is valid: 1 fonts, 0 dirs
/usr/share/fonts/truetype/samyak-fonts: skipping, existing cache is valid: 3 fonts, 0 dirs
/usr/share/fonts/truetype/sinhala: skipping, existing cache is valid: 1 fonts, 0 dirs
/usr/share/fonts/truetype/tibetan-machine: skipping, existing cache is valid: 1 fonts, 0 dirs
/usr/share/fonts/truetype/tlwg: skipping, existing cache is valid: 58 fonts, 0 dirs
/usr/share/fonts/truetype/ttf-khmeros-core: skipping, existing cache is valid: 2 fonts, 0 dirs
/usr/share/fonts/truetype/ubuntu: skipping, existing cache is valid: 14 fonts, 0 dirs
/usr/share/fonts/type1: skipping, existing cache is valid: 0 fonts, 1 dirs
/usr/share/fonts/type1/urw-base35: skipping, existing cache is valid: 35 fonts, 0 dirs
/usr/local/share/fonts: skipping, existing cache is valid: 0 fonts, 0 dirs
/usr/share/fonts/X11: skipping, looped directory detected
/usr/share/fonts/cMap: skipping, looped directory detected
/usr/share/fonts/cmap: skipping, looped directory detected
/usr/share/fonts/opentype: skipping, looped directory detected
/usr/share/fonts/truetype: skipping, looped directory detected
/usr/share/fonts/type1: skipping, looped directory detected
/usr/share/fonts/X11/Type1: skipping, looped directory detected
/usr/share/fonts/X11/encodings: skipping, looped directory detected
/usr/share/fonts/X11/misc: skipping, looped directory detected
/usr/share/fonts/X11/util: skipping, looped directory detected
/usr/share/fonts/cmap/adobe-cns1: skipping, looped directory detected
/usr/share/fonts/cmap/adobe-gb1: skipping, looped directory detected
/usr/share/fonts/cmap/adobe-japan1: skipping, looped directory detected
/usr/share/fonts/cmap/adobe-japan2: skipping, looped directory detected
/usr/share/fonts/cmap/adobe-korea1: skipping, looped directory detected
/usr/share/fonts/opentype/cantarell: skipping, looped directory detected
/usr/share/fonts/opentype/malayalam: skipping, looped directory detected
/usr/share/fonts/opentype/noto: skipping, looped directory detected
/usr/share/fonts/opentype/urw-base35: skipping, looped directory detected
/usr/share/fonts/truetype/Gargi: skipping, looped directory detected
/usr/share/fonts/truetype/Gubbi: skipping, looped directory detected
/usr/share/fonts/truetype/Nakula: skipping, looped directory detected
/usr/share/fonts/truetype/Navilu: skipping, looped directory detected
/usr/share/fonts/truetype/Sahadeva: skipping, looped directory detected
/usr/share/fonts/truetype/Sarai: skipping, looped directory detected
/usr/share/fonts/truetype/abyssinica: skipping, looped directory detected
/usr/share/fonts/truetype/dejavu: skipping, looped directory detected
/usr/share/fonts/truetype/droid: skipping, looped directory detected
/usr/share/fonts/truetype/fonts-beng-extra: skipping, looped directory detected
/usr/share/fonts/truetype/fonts-deva-extra: skipping, looped directory detected
/usr/share/fonts/truetype/fonts-gujr-extra: skipping, looped directory detected
/usr/share/fonts/truetype/fonts-guru-extra: skipping, looped directory detected
/usr/share/fonts/truetype/fonts-kalapi: skipping, looped directory detected
/usr/share/fonts/truetype/fonts-orya-extra: skipping, looped directory detected
/usr/share/fonts/truetype/fonts-telu-extra: skipping, looped directory detected
/usr/share/fonts/truetype/fonts-yrsa-rasa: skipping, looped directory detected
/usr/share/fonts/truetype/freefont: skipping, looped directory detected
/usr/share/fonts/truetype/kacst: skipping, looped directory detected
/usr/share/fonts/truetype/kacst-one: skipping, looped directory detected
/usr/share/fonts/truetype/lao: skipping, looped directory detected
/usr/share/fonts/truetype/liberation: skipping, looped directory detected
/usr/share/fonts/truetype/liberation2: skipping, looped directory detected
/usr/share/fonts/truetype/lohit-assamese: skipping, looped directory detected
/usr/share/fonts/truetype/lohit-bengali: skipping, looped directory detected
/usr/share/fonts/truetype/lohit-devanagari: skipping, looped directory detected
/usr/share/fonts/truetype/lohit-gujarati: skipping, looped directory detected
/usr/share/fonts/truetype/lohit-kannada: skipping, looped directory detected
/usr/share/fonts/truetype/lohit-malayalam: skipping, looped directory detected
/usr/share/fonts/truetype/lohit-oriya: skipping, looped directory detected
/usr/share/fonts/truetype/lohit-punjabi: skipping, looped directory detected
/usr/share/fonts/truetype/lohit-tamil: skipping, looped directory detected
/usr/share/fonts/truetype/lohit-tamil-classical: skipping, looped directory detected
/usr/share/fonts/truetype/lohit-telugu: skipping, looped directory detected
/usr/share/fonts/truetype/malayalam: skipping, looped directory detected
/usr/share/fonts/truetype/noto: skipping, looped directory detected
/usr/share/fonts/truetype/openoffice: skipping, looped directory detected
/usr/share/fonts/truetype/padauk: skipping, looped directory detected
/usr/share/fonts/truetype/pagul: skipping, looped directory detected
/usr/share/fonts/truetype/quicksand: skipping, looped directory detected
/usr/share/fonts/truetype/samyak: skipping, looped directory detected
/usr/share/fonts/truetype/samyak-fonts: skipping, looped directory detected
/usr/share/fonts/truetype/sinhala: skipping, looped directory detected
/usr/share/fonts/truetype/tibetan-machine: skipping, looped directory detected
/usr/share/fonts/truetype/tlwg: skipping, looped directory detected
/usr/share/fonts/truetype/ttf-khmeros-core: skipping, looped directory detected
/usr/share/fonts/truetype/ubuntu: skipping, looped directory detected
/usr/share/fonts/type1/urw-base35: skipping, looped directory detected
/usr/share/fonts/X11/encodings/large: skipping, looped directory detected
/var/cache/fontconfig: cleaning cache directory
fc-cache: succeeded
From vagrant@ubuntu-3nity Thu Feb 29 21:41:28 2024
MIME-Version: 1.0
Content-Type: multipart/mixed; boundary="1242205496-1709242888=:6011"
Subject: Errors logs file
To: <hoolicontech@gmail.com>
X-Mailer: mail (GNU Mailutils 3.7)

--1242205496-1709242888=:6011
Content-Type: text/plain; charset=UTF-8
Content-Disposition: attachment
Content-Transfer-Encoding: 8bit
Content-ID: <20240229214128.6011.1@ubuntu-3nity>

read

--1242205496-1709242888=:6011
Content-Type: application/octet-stream; name="Xorg.0.log"
Content-Disposition: attachment; filename="/home/vagrant/bash/log_complain/Xorg.0.log"
Content-Transfer-Encoding: base64
Content-ID: <20240229214128.6011.1@ubuntu-3nity>

WyAgICAyNS4zMzhdIApYLk9yZyBYIFNlcnZlciAxLjIwLjEzClggUHJvdG9jb2wgVmVyc2lvbiAx
MSwgUmV2aXNpb24gMApbICAgIDI1LjMzOF0gQnVpbGQgT3BlcmF0aW5nIFN5c3RlbTogbGludXgg
VWJ1bnR1ClsgICAgMjUuMzM4XSBDdXJyZW50IE9wZXJhdGluZyBTeXN0ZW06IExpbnV4IHVidW50
dS0zbml0eSA1LjQuMC0xNzItZ2VuZXJpYyAjMTkwLVVidW50dSBTTVAgRnJpIEZlYiAyIDIzOjI0
OjIyIFVUQyAyMDI0IHg4Nl82NApbICAgIDI1LjMzOF0gS2VybmVsIGNvbW1hbmQgbGluZTogQk9P
VF9JTUFHRT0vYm9vdC92bWxpbnV6LTUuNC4wLTE3Mi1nZW5lcmljIHJvb3Q9VVVJRD1jMWJhZWMw
ZC1kZTY4LTQ5M2UtODhkYy03OTljMTBmNGRiOTAgcm8gY29uc29sZT10dHkxIGNvbnNvbGU9dHR5
UzAKWyAgICAyNS4zMzhdIEJ1aWxkIERhdGU6IDI5IEphbnVhcnkgMjAyNCAgMTI6NDQ6MjFQTQpb
ICAgIDI1LjMzOF0geG9yZy1zZXJ2ZXIgMjoxLjIwLjEzLTF1YnVudHUxfjIwLjA0LjE1IChGb3Ig
dGVjaG5pY2FsIHN1cHBvcnQgcGxlYXNlIHNlZSBodHRwOi8vd3d3LnVidW50dS5jb20vc3VwcG9y
dCkgClsgICAgMjUuMzM4XSBDdXJyZW50IHZlcnNpb24gb2YgcGl4bWFuOiAwLjM4LjQKWyAgICAy
NS4zMzhdIAlCZWZvcmUgcmVwb3J0aW5nIHByb2JsZW1zLCBjaGVjayBodHRwOi8vd2lraS54Lm9y
ZwoJdG8gbWFrZSBzdXJlIHRoYXQgeW91IGhhdmUgdGhlIGxhdGVzdCB2ZXJzaW9uLgpbICAgIDI1
LjMzOF0gTWFya2VyczogKC0tKSBwcm9iZWQsICgqKikgZnJvbSBjb25maWcgZmlsZSwgKD09KSBk
ZWZhdWx0IHNldHRpbmcsCgkoKyspIGZyb20gY29tbWFuZCBsaW5lLCAoISEpIG5vdGljZSwgKElJ
KSBpbmZvcm1hdGlvbmFsLAoJKFdXKSB3YXJuaW5nLCAoRUUpIGVycm9yLCAoTkkpIG5vdCBpbXBs
ZW1lbnRlZCwgKD8/KSB1bmtub3duLgpbICAgIDI1LjMzOF0gKD09KSBMb2cgZmlsZTogIi92YXIv
bG9nL1hvcmcuMC5sb2ciLCBUaW1lOiBUaHUgRmViIDI5IDIwOjI0OjMzIDIwMjQKWyAgICAyNS4z
NTJdICg9PSkgVXNpbmcgc3lzdGVtIGNvbmZpZyBkaXJlY3RvcnkgIi91c3Ivc2hhcmUvWDExL3hv
cmcuY29uZi5kIgpbICAgIDI1LjM1N10gKD09KSBObyBMYXlvdXQgc2VjdGlvbi4gIFVzaW5nIHRo
ZSBmaXJzdCBTY3JlZW4gc2VjdGlvbi4KWyAgICAyNS4zNThdICg9PSkgTm8gc2NyZWVuIHNlY3Rp
b24gYXZhaWxhYmxlLiBVc2luZyBkZWZhdWx0cy4KWyAgICAyNS4zNThdICgqKikgfC0tPlNjcmVl
biAiRGVmYXVsdCBTY3JlZW4gU2VjdGlvbiIgKDApClsgICAgMjUuMzU4XSAoKiopIHwgICB8LS0+
TW9uaXRvciAiPGRlZmF1bHQgbW9uaXRvcj4iClsgICAgMjUuMzYwXSAoPT0pIE5vIG1vbml0b3Ig
c3BlY2lmaWVkIGZvciBzY3JlZW4gIkRlZmF1bHQgU2NyZWVuIFNlY3Rpb24iLgoJVXNpbmcgYSBk
ZWZhdWx0IG1vbml0b3IgY29uZmlndXJhdGlvbi4KWyAgICAyNS4zNjBdICg9PSkgQXV0b21hdGlj
YWxseSBhZGRpbmcgZGV2aWNlcwpbICAgIDI1LjM2MF0gKD09KSBBdXRvbWF0aWNhbGx5IGVuYWJs
aW5nIGRldmljZXMKWyAgICAyNS4zNjBdICg9PSkgQXV0b21hdGljYWxseSBhZGRpbmcgR1BVIGRl
dmljZXMKWyAgICAyNS4zNjBdICg9PSkgQXV0b21hdGljYWxseSBiaW5kaW5nIEdQVSBkZXZpY2Vz
ClsgICAgMjUuMzYwXSAoPT0pIE1heCBjbGllbnRzIGFsbG93ZWQ6IDI1NiwgcmVzb3VyY2UgbWFz
azogMHgxZmZmZmYKWyAgICAyNS4zNjVdIChXVykgVGhlIGRpcmVjdG9yeSAiL3Vzci9zaGFyZS9m
b250cy9YMTEvY3lyaWxsaWMiIGRvZXMgbm90IGV4aXN0LgpbICAgIDI1LjM2NV0gCUVudHJ5IGRl
bGV0ZWQgZnJvbSBmb250IHBhdGguClsgICAgMjUuMzY1XSAoV1cpIFRoZSBkaXJlY3RvcnkgIi91
c3Ivc2hhcmUvZm9udHMvWDExLzEwMGRwaS8iIGRvZXMgbm90IGV4aXN0LgpbICAgIDI1LjM2NV0g
CUVudHJ5IGRlbGV0ZWQgZnJvbSBmb250IHBhdGguClsgICAgMjUuMzY1XSAoV1cpIFRoZSBkaXJl
Y3RvcnkgIi91c3Ivc2hhcmUvZm9udHMvWDExLzc1ZHBpLyIgZG9lcyBub3QgZXhpc3QuClsgICAg
MjUuMzY1XSAJRW50cnkgZGVsZXRlZCBmcm9tIGZvbnQgcGF0aC4KWyAgICAyNS4zNjddIChXVykg
VGhlIGRpcmVjdG9yeSAiL3Vzci9zaGFyZS9mb250cy9YMTEvMTAwZHBpIiBkb2VzIG5vdCBleGlz
dC4KWyAgICAyNS4zNjddIAlFbnRyeSBkZWxldGVkIGZyb20gZm9udCBwYXRoLgpbICAgIDI1LjM2
N10gKFdXKSBUaGUgZGlyZWN0b3J5ICIvdXNyL3NoYXJlL2ZvbnRzL1gxMS83NWRwaSIgZG9lcyBu
b3QgZXhpc3QuClsgICAgMjUuMzY3XSAJRW50cnkgZGVsZXRlZCBmcm9tIGZvbnQgcGF0aC4KWyAg
ICAyNS4zNjddICg9PSkgRm9udFBhdGggc2V0IHRvOgoJL3Vzci9zaGFyZS9mb250cy9YMTEvbWlz
YywKCS91c3Ivc2hhcmUvZm9udHMvWDExL1R5cGUxLAoJYnVpbHQtaW5zClsgICAgMjUuMzY3XSAo
PT0pIE1vZHVsZVBhdGggc2V0IHRvICIvdXNyL2xpYi94b3JnL21vZHVsZXMiClsgICAgMjUuMzY3
XSAoSUkpIFRoZSBzZXJ2ZXIgcmVsaWVzIG9uIHVkZXYgdG8gcHJvdmlkZSB0aGUgbGlzdCBvZiBp
bnB1dCBkZXZpY2VzLgoJSWYgbm8gZGV2aWNlcyBiZWNvbWUgYXZhaWxhYmxlLCByZWNvbmZpZ3Vy
ZSB1ZGV2IG9yIGRpc2FibGUgQXV0b0FkZERldmljZXMuClsgICAgMjUuMzY3XSAoSUkpIExvYWRl
ciBtYWdpYzogMHg1NWNiZjEwYzIwMjAKWyAgICAyNS4zNjddIChJSSkgTW9kdWxlIEFCSSB2ZXJz
aW9uczoKWyAgICAyNS4zNjddIAlYLk9yZyBBTlNJIEMgRW11bGF0aW9uOiAwLjQKWyAgICAyNS4z
NjddIAlYLk9yZyBWaWRlbyBEcml2ZXI6IDI0LjEKWyAgICAyNS4zNjddIAlYLk9yZyBYSW5wdXQg
ZHJpdmVyIDogMjQuMQpbICAgIDI1LjM2N10gCVguT3JnIFNlcnZlciBFeHRlbnNpb24gOiAxMC4w
ClsgICAgMjUuMzY5XSAoKyspIHVzaW5nIFZUIG51bWJlciA3CgpbICAgIDI1LjM2OV0gKElJKSBz
eXN0ZW1kLWxvZ2luZDogbG9naW5kIGludGVncmF0aW9uIHJlcXVpcmVzIC1rZWVwdHR5IGFuZCAt
a2VlcHR0eSB3YXMgbm90IHByb3ZpZGVkLCBkaXNhYmxpbmcgbG9naW5kIGludGVncmF0aW9uClsg
ICAgMjUuMzcwXSAoSUkpIHhmcmVlODY6IEFkZGluZyBkcm0gZGV2aWNlICgvZGV2L2RyaS9jYXJk
MCkKWyAgICAyNS4zODZdICgtLSkgUENJOiooMEAwOjI6MCkgODBlZTpiZWVmOjAwMDA6MDAwMCBy
ZXYgMCwgTWVtIEAgMHhlMDAwMDAwMC8xNjc3NzIxNiwgQklPUyBAIDB4Pz8/Pz8/Pz8vMTMxMDcy
ClsgICAgMjUuMzg3XSAoSUkpIExvYWRNb2R1bGU6ICJnbHgiClsgICAgMjUuNDE4XSAoSUkpIExv
YWRpbmcgL3Vzci9saWIveG9yZy9tb2R1bGVzL2V4dGVuc2lvbnMvbGliZ2x4LnNvClsgICAgMjUu
NTAxXSAoSUkpIE1vZHVsZSBnbHg6IHZlbmRvcj0iWC5PcmcgRm91bmRhdGlvbiIKWyAgICAyNS41
MDRdIAljb21waWxlZCBmb3IgMS4yMC4xMywgbW9kdWxlIHZlcnNpb24gPSAxLjAuMApbICAgIDI1
LjUwNF0gCUFCSSBjbGFzczogWC5PcmcgU2VydmVyIEV4dGVuc2lvbiwgdmVyc2lvbiAxMC4wClsg
ICAgMjUuNTA0XSAoPT0pIE1hdGNoZWQgdmJveHZpZGVvIGFzIGF1dG9jb25maWd1cmVkIGRyaXZl
ciAwClsgICAgMjUuNTA0XSAoPT0pIE1hdGNoZWQgbW9kZXNldHRpbmcgYXMgYXV0b2NvbmZpZ3Vy
ZWQgZHJpdmVyIDEKWyAgICAyNS41MDRdICg9PSkgTWF0Y2hlZCBmYmRldiBhcyBhdXRvY29uZmln
dXJlZCBkcml2ZXIgMgpbICAgIDI1LjUwNF0gKD09KSBNYXRjaGVkIHZlc2EgYXMgYXV0b2NvbmZp
Z3VyZWQgZHJpdmVyIDMKWyAgICAyNS41MDRdICg9PSkgQXNzaWduZWQgdGhlIGRyaXZlciB0byB0
aGUgeGY4NkNvbmZpZ0xheW91dApbICAgIDI1LjUwNF0gKElJKSBMb2FkTW9kdWxlOiAidmJveHZp
ZGVvIgpbICAgIDI1LjUwNF0gKFdXKSBXYXJuaW5nLCBjb3VsZG4ndCBvcGVuIG1vZHVsZSB2Ym94
dmlkZW8KWyAgICAyNS41MDRdIChFRSkgRmFpbGVkIHRvIGxvYWQgbW9kdWxlICJ2Ym94dmlkZW8i
IChtb2R1bGUgZG9lcyBub3QgZXhpc3QsIDApClsgICAgMjUuNTA0XSAoSUkpIExvYWRNb2R1bGU6
ICJtb2Rlc2V0dGluZyIKWyAgICAyNS41MDRdIChJSSkgTG9hZGluZyAvdXNyL2xpYi94b3JnL21v
ZHVsZXMvZHJpdmVycy9tb2Rlc2V0dGluZ19kcnYuc28KWyAgICAyNS41MTNdIChJSSkgTW9kdWxl
IG1vZGVzZXR0aW5nOiB2ZW5kb3I9IlguT3JnIEZvdW5kYXRpb24iClsgICAgMjUuNTEzXSAJY29t
cGlsZWQgZm9yIDEuMjAuMTMsIG1vZHVsZSB2ZXJzaW9uID0gMS4yMC4xMwpbICAgIDI1LjUxM10g
CU1vZHVsZSBjbGFzczogWC5PcmcgVmlkZW8gRHJpdmVyClsgICAgMjUuNTEzXSAJQUJJIGNsYXNz
OiBYLk9yZyBWaWRlbyBEcml2ZXIsIHZlcnNpb24gMjQuMQpbICAgIDI1LjUxM10gKElJKSBMb2Fk
TW9kdWxlOiAiZmJkZXYiClsgICAgMjUuNTEzXSAoSUkpIExvYWRpbmcgL3Vzci9saWIveG9yZy9t
b2R1bGVzL2RyaXZlcnMvZmJkZXZfZHJ2LnNvClsgICAgMjUuNTE2XSAoSUkpIE1vZHVsZSBmYmRl
djogdmVuZG9yPSJYLk9yZyBGb3VuZGF0aW9uIgpbICAgIDI1LjUxNl0gCWNvbXBpbGVkIGZvciAx
LjIwLjEsIG1vZHVsZSB2ZXJzaW9uID0gMC41LjAKWyAgICAyNS41MTZdIAlNb2R1bGUgY2xhc3M6
IFguT3JnIFZpZGVvIERyaXZlcgpbICAgIDI1LjUxNl0gCUFCSSBjbGFzczogWC5PcmcgVmlkZW8g
RHJpdmVyLCB2ZXJzaW9uIDI0LjAKWyAgICAyNS41MTZdIChJSSkgTG9hZE1vZHVsZTogInZlc2Ei
ClsgICAgMjUuNTE2XSAoSUkpIExvYWRpbmcgL3Vzci9saWIveG9yZy9tb2R1bGVzL2RyaXZlcnMv
dmVzYV9kcnYuc28KWyAgICAyNS41MjVdIChJSSkgTW9kdWxlIHZlc2E6IHZlbmRvcj0iWC5Pcmcg
Rm91bmRhdGlvbiIKWyAgICAyNS41MjVdIAljb21waWxlZCBmb3IgMS4yMC40LCBtb2R1bGUgdmVy
c2lvbiA9IDIuNC4wClsgICAgMjUuNTI1XSAJTW9kdWxlIGNsYXNzOiBYLk9yZyBWaWRlbyBEcml2
ZXIKWyAgICAyNS41MjVdIAlBQkkgY2xhc3M6IFguT3JnIFZpZGVvIERyaXZlciwgdmVyc2lvbiAy
NC4wClsgICAgMjUuNTI1XSAoPT0pIE1hdGNoZWQgdmJveHZpZGVvIGFzIGF1dG9jb25maWd1cmVk
IGRyaXZlciAwClsgICAgMjUuNTI1XSAoPT0pIE1hdGNoZWQgbW9kZXNldHRpbmcgYXMgYXV0b2Nv
bmZpZ3VyZWQgZHJpdmVyIDEKWyAgICAyNS41MjVdICg9PSkgTWF0Y2hlZCBmYmRldiBhcyBhdXRv
Y29uZmlndXJlZCBkcml2ZXIgMgpbICAgIDI1LjUyNV0gKD09KSBNYXRjaGVkIHZlc2EgYXMgYXV0
b2NvbmZpZ3VyZWQgZHJpdmVyIDMKWyAgICAyNS41MjVdICg9PSkgQXNzaWduZWQgdGhlIGRyaXZl
ciB0byB0aGUgeGY4NkNvbmZpZ0xheW91dApbICAgIDI1LjUyNV0gKElJKSBMb2FkTW9kdWxlOiAi
dmJveHZpZGVvIgpbICAgIDI1LjUyNV0gKFdXKSBXYXJuaW5nLCBjb3VsZG4ndCBvcGVuIG1vZHVs
ZSB2Ym94dmlkZW8KWyAgICAyNS41MjVdIChFRSkgRmFpbGVkIHRvIGxvYWQgbW9kdWxlICJ2Ym94
dmlkZW8iIChtb2R1bGUgZG9lcyBub3QgZXhpc3QsIDApClsgICAgMjUuNTI1XSAoSUkpIExvYWRN
b2R1bGU6ICJtb2Rlc2V0dGluZyIKWyAgICAyNS41MjVdIChJSSkgTG9hZGluZyAvdXNyL2xpYi94
b3JnL21vZHVsZXMvZHJpdmVycy9tb2Rlc2V0dGluZ19kcnYuc28KWyAgICAyNS41MjVdIChJSSkg
TW9kdWxlIG1vZGVzZXR0aW5nOiB2ZW5kb3I9IlguT3JnIEZvdW5kYXRpb24iClsgICAgMjUuNTI1
XSAJY29tcGlsZWQgZm9yIDEuMjAuMTMsIG1vZHVsZSB2ZXJzaW9uID0gMS4yMC4xMwpbICAgIDI1
LjUyNV0gCU1vZHVsZSBjbGFzczogWC5PcmcgVmlkZW8gRHJpdmVyClsgICAgMjUuNTI1XSAJQUJJ
IGNsYXNzOiBYLk9yZyBWaWRlbyBEcml2ZXIsIHZlcnNpb24gMjQuMQpbICAgIDI1LjUyNV0gKElJ
KSBVbmxvYWRNb2R1bGU6ICJtb2Rlc2V0dGluZyIKWyAgICAyNS41MjVdIChJSSkgVW5sb2FkaW5n
IG1vZGVzZXR0aW5nClsgICAgMjUuNTI1XSAoSUkpIEZhaWxlZCB0byBsb2FkIG1vZHVsZSAibW9k
ZXNldHRpbmciIChhbHJlYWR5IGxvYWRlZCwgMCkKWyAgICAyNS41MjVdIChJSSkgTG9hZE1vZHVs
ZTogImZiZGV2IgpbICAgIDI1LjUyNV0gKElJKSBMb2FkaW5nIC91c3IvbGliL3hvcmcvbW9kdWxl
cy9kcml2ZXJzL2ZiZGV2X2Rydi5zbwpbICAgIDI1LjUyNV0gKElJKSBNb2R1bGUgZmJkZXY6IHZl
bmRvcj0iWC5PcmcgRm91bmRhdGlvbiIKWyAgICAyNS41MjVdIAljb21waWxlZCBmb3IgMS4yMC4x
LCBtb2R1bGUgdmVyc2lvbiA9IDAuNS4wClsgICAgMjUuNTI1XSAJTW9kdWxlIGNsYXNzOiBYLk9y
ZyBWaWRlbyBEcml2ZXIKWyAgICAyNS41MjVdIAlBQkkgY2xhc3M6IFguT3JnIFZpZGVvIERyaXZl
ciwgdmVyc2lvbiAyNC4wClsgICAgMjUuNTI1XSAoSUkpIFVubG9hZE1vZHVsZTogImZiZGV2Igpb
ICAgIDI1LjUyNV0gKElJKSBVbmxvYWRpbmcgZmJkZXYKWyAgICAyNS41MjVdIChJSSkgRmFpbGVk
IHRvIGxvYWQgbW9kdWxlICJmYmRldiIgKGFscmVhZHkgbG9hZGVkLCAwKQpbICAgIDI1LjUyNV0g
KElJKSBMb2FkTW9kdWxlOiAidmVzYSIKWyAgICAyNS41MjVdIChJSSkgTG9hZGluZyAvdXNyL2xp
Yi94b3JnL21vZHVsZXMvZHJpdmVycy92ZXNhX2Rydi5zbwpbICAgIDI1LjUyNV0gKElJKSBNb2R1
bGUgdmVzYTogdmVuZG9yPSJYLk9yZyBGb3VuZGF0aW9uIgpbICAgIDI1LjUyNV0gCWNvbXBpbGVk
IGZvciAxLjIwLjQsIG1vZHVsZSB2ZXJzaW9uID0gMi40LjAKWyAgICAyNS41MjVdIAlNb2R1bGUg
Y2xhc3M6IFguT3JnIFZpZGVvIERyaXZlcgpbICAgIDI1LjUyNV0gCUFCSSBjbGFzczogWC5Pcmcg
VmlkZW8gRHJpdmVyLCB2ZXJzaW9uIDI0LjAKWyAgICAyNS41MjVdIChJSSkgVW5sb2FkTW9kdWxl
OiAidmVzYSIKWyAgICAyNS41MjVdIChJSSkgVW5sb2FkaW5nIHZlc2EKWyAgICAyNS41MjVdIChJ
SSkgRmFpbGVkIHRvIGxvYWQgbW9kdWxlICJ2ZXNhIiAoYWxyZWFkeSBsb2FkZWQsIDApClsgICAg
MjUuNTI1XSAoSUkpIG1vZGVzZXR0aW5nOiBEcml2ZXIgZm9yIE1vZGVzZXR0aW5nIEtlcm5lbCBE
cml2ZXJzOiBrbXMKWyAgICAyNS41MjVdIChJSSkgRkJERVY6IGRyaXZlciBmb3IgZnJhbWVidWZm
ZXI6IGZiZGV2ClsgICAgMjUuNTI1XSAoSUkpIFZFU0E6IGRyaXZlciBmb3IgVkVTQSBjaGlwc2V0
czogdmVzYQpbICAgIDI1LjYxN10gKElJKSBtb2Rlc2V0KDApOiB1c2luZyBkcnYgL2Rldi9kcmkv
Y2FyZDAKWyAgICAyNS42MTddIChXVykgRmFsbGluZyBiYWNrIHRvIG9sZCBwcm9iZSBtZXRob2Qg
Zm9yIGZiZGV2ClsgICAgMjUuNjE3XSAoSUkpIExvYWRpbmcgc3ViIG1vZHVsZSAiZmJkZXZodyIK
WyAgICAyNS42MTddIChJSSkgTG9hZE1vZHVsZTogImZiZGV2aHciClsgICAgMjUuNjE3XSAoSUkp
IExvYWRpbmcgL3Vzci9saWIveG9yZy9tb2R1bGVzL2xpYmZiZGV2aHcuc28KWyAgICAyNS42MjZd
IChJSSkgTW9kdWxlIGZiZGV2aHc6IHZlbmRvcj0iWC5PcmcgRm91bmRhdGlvbiIKWyAgICAyNS42
MjZdIAljb21waWxlZCBmb3IgMS4yMC4xMywgbW9kdWxlIHZlcnNpb24gPSAwLjAuMgpbICAgIDI1
LjYyN10gCUFCSSBjbGFzczogWC5PcmcgVmlkZW8gRHJpdmVyLCB2ZXJzaW9uIDI0LjEKWyAgICAy
NS42MjddIChJSSkgbW9kZXNldCgwKTogQ3JlYXRpbmcgZGVmYXVsdCBEaXNwbGF5IHN1YnNlY3Rp
b24gaW4gU2NyZWVuIHNlY3Rpb24KCSJEZWZhdWx0IFNjcmVlbiBTZWN0aW9uIiBmb3IgZGVwdGgv
ZmJicHAgMjQvMzIKWyAgICAyNS42MjddICg9PSkgbW9kZXNldCgwKTogRGVwdGggMjQsICg9PSkg
ZnJhbWVidWZmZXIgYnBwIDMyClsgICAgMjUuNjI3XSAoPT0pIG1vZGVzZXQoMCk6IFJHQiB3ZWln
aHQgODg4ClsgICAgMjUuNjI3XSAoPT0pIG1vZGVzZXQoMCk6IERlZmF1bHQgdmlzdWFsIGlzIFRy
dWVDb2xvcgpbICAgIDI1LjYyN10gKElJKSBMb2FkaW5nIHN1YiBtb2R1bGUgImdsYW1vcmVnbCIK
WyAgICAyNS42MjddIChJSSkgTG9hZE1vZHVsZTogImdsYW1vcmVnbCIKWyAgICAyNS42MjddIChJ
SSkgTG9hZGluZyAvdXNyL2xpYi94b3JnL21vZHVsZXMvbGliZ2xhbW9yZWdsLnNvClsgICAgMjUu
NjcyXSAoSUkpIE1vZHVsZSBnbGFtb3JlZ2w6IHZlbmRvcj0iWC5PcmcgRm91bmRhdGlvbiIKWyAg
ICAyNS42NzJdIAljb21waWxlZCBmb3IgMS4yMC4xMywgbW9kdWxlIHZlcnNpb24gPSAxLjAuMQpb
ICAgIDI1LjY3Ml0gCUFCSSBjbGFzczogWC5PcmcgQU5TSSBDIEVtdWxhdGlvbiwgdmVyc2lvbiAw
LjQKWyAgICAyNy41MzBdIChJSSkgbW9kZXNldCgwKTogUmVmdXNpbmcgdG8gdHJ5IGdsYW1vciBv
biBsbHZtcGlwZQpbICAgIDI3LjU1Nl0gKEVFKSBtb2Rlc2V0KDApOiBnbGFtb3IgaW5pdGlhbGl6
YXRpb24gZmFpbGVkClsgICAgMjcuNTU2XSAoSUkpIG1vZGVzZXQoMCk6IFNoYWRvd0ZCOiBwcmVm
ZXJyZWQgTk8sIGVuYWJsZWQgTk8KWyAgICAyNy41NTddIChJSSkgbW9kZXNldCgwKTogT3V0cHV0
IFZHQS0xIGhhcyBubyBtb25pdG9yIHNlY3Rpb24KWyAgICAyNy41NThdIChJSSkgbW9kZXNldCgw
KTogRURJRCBmb3Igb3V0cHV0IFZHQS0xClsgICAgMjcuNTU4XSAoSUkpIG1vZGVzZXQoMCk6IE1h
bnVmYWN0dXJlcjogVkJYICBNb2RlbDogMCAgU2VyaWFsIzogNTAzMzI2NzIKWyAgICAyNy41NThd
IChJSSkgbW9kZXNldCgwKTogWWVhcjogMTk5MCAgV2VlazogMQpbICAgIDI3LjU1OF0gKElJKSBt
b2Rlc2V0KDApOiBFRElEIFZlcnNpb246IDEuMwpbICAgIDI3LjU1OF0gKElJKSBtb2Rlc2V0KDAp
OiBEaWdpdGFsIERpc3BsYXkgSW5wdXQKWyAgICAyNy41NThdIChJSSkgbW9kZXNldCgwKTogSW5k
ZXRlcm1pbmF0ZSBvdXRwdXQgc2l6ZQpbICAgIDI3LjU1OF0gKElJKSBtb2Rlc2V0KDApOiBHYW1t
YTogMi4yMApbICAgIDI3LjU1OF0gKElJKSBtb2Rlc2V0KDApOiBEUE1TIGNhcGFiaWxpdGllczog
U3RhbmRCeSBTdXNwZW5kIE9mZgpbICAgIDI3LjU1OF0gKElJKSBtb2Rlc2V0KDApOiBTdXBwb3J0
ZWQgY29sb3IgZW5jb2RpbmdzOiBSR0IgNDo0OjQgWUNyQ2IgNDo0OjQgClsgICAgMjcuNTU4XSAo
SUkpIG1vZGVzZXQoMCk6IERlZmF1bHQgY29sb3Igc3BhY2UgaXMgcHJpbWFyeSBjb2xvciBzcGFj
ZQpbICAgIDI3LjU1OF0gKElJKSBtb2Rlc2V0KDApOiBGaXJzdCBkZXRhaWxlZCB0aW1pbmcgaXMg
cHJlZmVycmVkIG1vZGUKWyAgICAyNy41NThdIChJSSkgbW9kZXNldCgwKTogcmVkWDogMC42NDAg
cmVkWTogMC4zMzAgICBncmVlblg6IDAuMzAwIGdyZWVuWTogMC42MDAKWyAgICAyNy41NThdIChJ
SSkgbW9kZXNldCgwKTogYmx1ZVg6IDAuMTUwIGJsdWVZOiAwLjA2MCAgIHdoaXRlWDogMC4zMTIg
d2hpdGVZOiAwLjMyOQpbICAgIDI3LjU1OF0gKElJKSBtb2Rlc2V0KDApOiBNYW51ZmFjdHVyZXIn
cyBtYXNrOiAwClsgICAgMjcuNTU4XSAoSUkpIG1vZGVzZXQoMCk6IFN1cHBvcnRlZCBkZXRhaWxl
ZCB0aW1pbmc6ClsgICAgMjcuNTU4XSAoSUkpIG1vZGVzZXQoMCk6IGNsb2NrOiA0Ny44IE1IeiAg
IEltYWdlIFNpemU6ICAwIHggMCBtbQpbICAgIDI3LjU1OF0gKElJKSBtb2Rlc2V0KDApOiBoX2Fj
dGl2ZTogMTAyNCAgaF9zeW5jOiAxMDI2ICBoX3N5bmNfZW5kIDEwMjggaF9ibGFua19lbmQgMTAz
MCBoX2JvcmRlcjogMApbICAgIDI3LjU1OF0gKElJKSBtb2Rlc2V0KDApOiB2X2FjdGl2ZTogNzY4
ICB2X3N5bmM6IDc2OCAgdl9zeW5jX2VuZCA4MDIgdl9ibGFua2luZzogNzc0IHZfYm9yZGVyOiAw
ClsgICAgMjcuNTU4XSAoSUkpIG1vZGVzZXQoMCk6IFJhbmdlczogViBtaW46IDAgViBtYXg6IDIw
MCBIeiwgSCBtaW46IDAgSCBtYXg6IDIwMCBrSHosIFBpeENsb2NrIG1heCAxMDA1IE1IegpbICAg
IDI3LjU1OF0gKElJKSBtb2Rlc2V0KDApOiBNb25pdG9yIG5hbWU6IFZCT1ggbW9uaXRvcgpbICAg
IDI3LjU1OF0gKElJKSBtb2Rlc2V0KDApOiBFRElEIChpbiBoZXgpOgpbICAgIDI3LjU1OF0gKElJ
KSBtb2Rlc2V0KDApOiAJMDBmZmZmZmZmZmZmZmYwMDU4NTgwMDAwMDAwNDAwMDMKWyAgICAyNy41
NThdIChJSSkgbW9kZXNldCgwKTogCTAxMDAwMTAzODAwMDAwNzhlZWVlOTFhMzU0NGM5OTI2Clsg
ICAgMjcuNTU4XSAoSUkpIG1vZGVzZXQoMCk6IAkwZjUwNTQwMDAwMDAwMTAxMDEwMTAxMDEwMTAx
MDEwMQpbICAgIDI3LjU1OF0gKElJKSBtb2Rlc2V0KDApOiAJMDEwMTAxMDEwMTAxYWYxMjAwMDY0
MDAwMDYzMDAyMDIKWyAgICAyNy41NThdIChJSSkgbW9kZXNldCgwKTogCTAyMDIwMDAwMDAwMDAw
MDAwMDAwMDBmZDAwMDBjODAwClsgICAgMjcuNTU4XSAoSUkpIG1vZGVzZXQoMCk6IAljODY0MDAw
YTIwMjAyMDIwMjAyMDAwMDAwMGZjMDA1NgpbICAgIDI3LjU1OF0gKElJKSBtb2Rlc2V0KDApOiAJ
NDI0ZjU4MjA2ZDZmNmU2OTc0NmY3MjBhMDAwMDAwMTAKWyAgICAyNy41NThdIChJSSkgbW9kZXNl
dCgwKTogCTAwMGEyMDIwMjAyMDIwMjAyMDIwMjAyMDIwMjAwMDE5ClsgICAgMjcuNTU4XSAoSUkp
IG1vZGVzZXQoMCk6IFByaW50aW5nIHByb2JlZCBtb2RlcyBmb3Igb3V0cHV0IFZHQS0xClsgICAg
MjcuNTU5XSAoSUkpIG1vZGVzZXQoMCk6IE1vZGVsaW5lICIxMDI0eDc2OCJ4NTkuOSAgIDYzLjUz
ICAxMDI0IDEwNzIgMTE3NiAxMzI4ICA3NjggNzcxIDc3NSA3OTggLWhzeW5jICt2c3luYyAoNDcu
OCBrSHogUCkKWyAgICAyNy41NTldIChJSSkgbW9kZXNldCgwKTogTW9kZWxpbmUgIjI1NjB4MTYw
MCJ4NjAuMCAgMzQ4LjUwICAyNTYwIDI3NTIgMzAzMiAzNTA0ICAxNjAwIDE2MDMgMTYwOSAxNjU4
IC1oc3luYyArdnN5bmMgKDk5LjUga0h6IGUpClsgICAgMjcuNTU5XSAoSUkpIG1vZGVzZXQoMCk6
IE1vZGVsaW5lICIyNTYweDE2MDAieDYwLjAgIDI2OC41MCAgMjU2MCAyNjA4IDI2NDAgMjcyMCAg
MTYwMCAxNjAzIDE2MDkgMTY0NiAraHN5bmMgLXZzeW5jICg5OC43IGtIeiBlKQpbICAgIDI3LjU1
OV0gKElJKSBtb2Rlc2V0KDApOiBNb2RlbGluZSAiMTkyMHgxNDQwIng2MC4wICAyMzQuMDAgIDE5
MjAgMjA0OCAyMjU2IDI2MDAgIDE0NDAgMTQ0MSAxNDQ0IDE1MDAgLWhzeW5jICt2c3luYyAoOTAu
MCBrSHogZSkKWyAgICAyNy41NTldIChJSSkgbW9kZXNldCgwKTogTW9kZWxpbmUgIjE4NTZ4MTM5
MiJ4NjAuMCAgMjE4LjI1ICAxODU2IDE5NTIgMjE3NiAyNTI4ICAxMzkyIDEzOTMgMTM5NiAxNDM5
IC1oc3luYyArdnN5bmMgKDg2LjMga0h6IGUpClsgICAgMjcuNTU5XSAoSUkpIG1vZGVzZXQoMCk6
IE1vZGVsaW5lICIxNzkyeDEzNDQieDYwLjAgIDIwNC43NSAgMTc5MiAxOTIwIDIxMjAgMjQ0OCAg
MTM0NCAxMzQ1IDEzNDggMTM5NCAtaHN5bmMgK3ZzeW5jICg4My42IGtIeiBlKQpbICAgIDI3LjU1
OV0gKElJKSBtb2Rlc2V0KDApOiBNb2RlbGluZSAiMjA0OHgxMTUyIng2MC4wICAxNjIuMDAgIDIw
NDggMjA3NCAyMTU0IDIyNTAgIDExNTIgMTE1MyAxMTU2IDEyMDAgK2hzeW5jICt2c3luYyAoNzIu
MCBrSHogZSkKWyAgICAyNy41NTldIChJSSkgbW9kZXNldCgwKTogTW9kZWxpbmUgIjE5MjB4MTIw
MCJ4NTkuOSAgMTkzLjI1ICAxOTIwIDIwNTYgMjI1NiAyNTkyICAxMjAwIDEyMDMgMTIwOSAxMjQ1
IC1oc3luYyArdnN5bmMgKDc0LjYga0h6IGUpClsgICAgMjcuNTU5XSAoSUkpIG1vZGVzZXQoMCk6
IE1vZGVsaW5lICIxOTIweDEyMDAieDYwLjAgIDE1NC4wMCAgMTkyMCAxOTY4IDIwMDAgMjA4MCAg
MTIwMCAxMjAzIDEyMDkgMTIzNSAraHN5bmMgLXZzeW5jICg3NC4wIGtIeiBlKQpbICAgIDI3LjU1
OV0gKElJKSBtb2Rlc2V0KDApOiBNb2RlbGluZSAiMTkyMHgxMDgwIng2MC4wICAxNDguNTAgIDE5
MjAgMjAwOCAyMDUyIDIyMDAgIDEwODAgMTA4NCAxMDg5IDExMjUgLWhzeW5jIC12c3luYyAoNjcu
NSBrSHogZSkKWyAgICAyNy41NTldIChJSSkgbW9kZXNldCgwKTogTW9kZWxpbmUgIjE2MDB4MTIw
MCJ4NjAuMCAgMTYyLjAwICAxNjAwIDE2NjQgMTg1NiAyMTYwICAxMjAwIDEyMDEgMTIwNCAxMjUw
ICtoc3luYyArdnN5bmMgKDc1LjAga0h6IGUpClsgICAgMjcuNTU5XSAoSUkpIG1vZGVzZXQoMCk6
IE1vZGVsaW5lICIxNjgweDEwNTAieDYwLjAgIDE0Ni4yNSAgMTY4MCAxNzg0IDE5NjAgMjI0MCAg
MTA1MCAxMDUzIDEwNTkgMTA4OSAtaHN5bmMgK3ZzeW5jICg2NS4zIGtIeiBlKQpbICAgIDI3LjU1
OV0gKElJKSBtb2Rlc2V0KDApOiBNb2RlbGluZSAiMTY4MHgxMDUwIng1OS45ICAxMTkuMDAgIDE2
ODAgMTcyOCAxNzYwIDE4NDAgIDEwNTAgMTA1MyAxMDU5IDEwODAgK2hzeW5jIC12c3luYyAoNjQu
NyBrSHogZSkKWyAgICAyNy41NTldIChJSSkgbW9kZXNldCgwKTogTW9kZWxpbmUgIjE0MDB4MTA1
MCJ4NjAuMCAgMTIxLjc1ICAxNDAwIDE0ODggMTYzMiAxODY0ICAxMDUwIDEwNTMgMTA1NyAxMDg5
IC1oc3luYyArdnN5bmMgKDY1LjMga0h6IGUpClsgICAgMjcuNTU5XSAoSUkpIG1vZGVzZXQoMCk6
IE1vZGVsaW5lICIxNDAweDEwNTAieDU5LjkgIDEwMS4wMCAgMTQwMCAxNDQ4IDE0ODAgMTU2MCAg
MTA1MCAxMDUzIDEwNTcgMTA4MCAraHN5bmMgLXZzeW5jICg2NC43IGtIeiBlKQpbICAgIDI3LjU1
OV0gKElJKSBtb2Rlc2V0KDApOiBNb2RlbGluZSAiMTYwMHg5MDAieDYwLjAgIDEwOC4wMCAgMTYw
MCAxNjI0IDE3MDQgMTgwMCAgOTAwIDkwMSA5MDQgMTAwMCAraHN5bmMgK3ZzeW5jICg2MC4wIGtI
eiBlKQpbICAgIDI3LjU1OV0gKElJKSBtb2Rlc2V0KDApOiBNb2RlbGluZSAiMTI4MHgxMDI0Ing2
MC4wICAxMDguMDAgIDEyODAgMTMyOCAxNDQwIDE2ODggIDEwMjQgMTAyNSAxMDI4IDEwNjYgK2hz
eW5jICt2c3luYyAoNjQuMCBrSHogZSkKWyAgICAyNy41NTldIChJSSkgbW9kZXNldCgwKTogTW9k
ZWxpbmUgIjE0NDB4OTAwIng1OS45ICAxMDYuNTAgIDE0NDAgMTUyMCAxNjcyIDE5MDQgIDkwMCA5
MDMgOTA5IDkzNCAtaHN5bmMgK3ZzeW5jICg1NS45IGtIeiBlKQpbICAgIDI3LjU1OV0gKElJKSBt
b2Rlc2V0KDApOiBNb2RlbGluZSAiMTQ0MHg5MDAieDU5LjkgICA4OC43NSAgMTQ0MCAxNDg4IDE1
MjAgMTYwMCAgOTAwIDkwMyA5MDkgOTI2ICtoc3luYyAtdnN5bmMgKDU1LjUga0h6IGUpClsgICAg
MjcuNTU5XSAoSUkpIG1vZGVzZXQoMCk6IE1vZGVsaW5lICIxMjgweDk2MCJ4NjAuMCAgMTA4LjAw
ICAxMjgwIDEzNzYgMTQ4OCAxODAwICA5NjAgOTYxIDk2NCAxMDAwICtoc3luYyArdnN5bmMgKDYw
LjAga0h6IGUpClsgICAgMjcuNTU5XSAoSUkpIG1vZGVzZXQoMCk6IE1vZGVsaW5lICIxMzY2eDc2
OCJ4NTkuOCAgIDg1LjUwICAxMzY2IDE0MzYgMTU3OSAxNzkyICA3NjggNzcxIDc3NCA3OTggK2hz
eW5jICt2c3luYyAoNDcuNyBrSHogZSkKWyAgICAyNy41NTldIChJSSkgbW9kZXNldCgwKTogTW9k
ZWxpbmUgIjEzNjZ4NzY4Ing2MC4wICAgNzIuMDAgIDEzNjYgMTM4MCAxNDM2IDE1MDAgIDc2OCA3
NjkgNzcyIDgwMCAraHN5bmMgK3ZzeW5jICg0OC4wIGtIeiBlKQpbICAgIDI3LjU1OV0gKElJKSBt
b2Rlc2V0KDApOiBNb2RlbGluZSAiMTM2MHg3NjgieDYwLjAgICA4NS41MCAgMTM2MCAxNDI0IDE1
MzYgMTc5MiAgNzY4IDc3MSA3NzcgNzk1ICtoc3luYyArdnN5bmMgKDQ3Ljcga0h6IGUpClsgICAg
MjcuNTU5XSAoSUkpIG1vZGVzZXQoMCk6IE1vZGVsaW5lICIxMjgweDgwMCJ4NTkuOCAgIDgzLjUw
ICAxMjgwIDEzNTIgMTQ4MCAxNjgwICA4MDAgODAzIDgwOSA4MzEgLWhzeW5jICt2c3luYyAoNDku
NyBrSHogZSkKWyAgICAyNy41NTldIChJSSkgbW9kZXNldCgwKTogTW9kZWxpbmUgIjEyODB4ODAw
Ing1OS45ICAgNzEuMDAgIDEyODAgMTMyOCAxMzYwIDE0NDAgIDgwMCA4MDMgODA5IDgyMyAraHN5
bmMgLXZzeW5jICg0OS4zIGtIeiBlKQpbICAgIDI3LjU1OV0gKElJKSBtb2Rlc2V0KDApOiBNb2Rl
bGluZSAiMTI4MHg3NjgieDU5LjkgICA3OS41MCAgMTI4MCAxMzQ0IDE0NzIgMTY2NCAgNzY4IDc3
MSA3NzggNzk4IC1oc3luYyArdnN5bmMgKDQ3Ljgga0h6IGUpClsgICAgMjcuNTU5XSAoSUkpIG1v
ZGVzZXQoMCk6IE1vZGVsaW5lICIxMjgweDc2OCJ4NjAuMCAgIDY4LjI1ICAxMjgwIDEzMjggMTM2
MCAxNDQwICA3NjggNzcxIDc3OCA3OTAgK2hzeW5jIC12c3luYyAoNDcuNCBrSHogZSkKWyAgICAy
Ny41NTldIChJSSkgbW9kZXNldCgwKTogTW9kZWxpbmUgIjEyODB4NzIwIng2MC4wICAgNzQuMjUg
IDEyODAgMTM5MCAxNDMwIDE2NTAgIDcyMCA3MjUgNzMwIDc1MCAraHN5bmMgK3ZzeW5jICg0NS4w
IGtIeiBlKQpbICAgIDI3LjU1OV0gKElJKSBtb2Rlc2V0KDApOiBNb2RlbGluZSAiMTAyNHg3Njgi
eDYwLjAgICA2NS4wMCAgMTAyNCAxMDQ4IDExODQgMTM0NCAgNzY4IDc3MSA3NzcgODA2IC1oc3lu
YyAtdnN5bmMgKDQ4LjQga0h6IGUpClsgICAgMjcuNTU5XSAoSUkpIG1vZGVzZXQoMCk6IE1vZGVs
aW5lICI4MDB4NjAwIng2MC4zICAgNDAuMDAgIDgwMCA4NDAgOTY4IDEwNTYgIDYwMCA2MDEgNjA1
IDYyOCAraHN5bmMgK3ZzeW5jICgzNy45IGtIeiBlKQpbICAgIDI3LjU1OV0gKElJKSBtb2Rlc2V0
KDApOiBNb2RlbGluZSAiODAweDYwMCJ4NTYuMiAgIDM2LjAwICA4MDAgODI0IDg5NiAxMDI0ICA2
MDAgNjAxIDYwMyA2MjUgK2hzeW5jICt2c3luYyAoMzUuMiBrSHogZSkKWyAgICAyNy41NTldIChJ
SSkgbW9kZXNldCgwKTogTW9kZWxpbmUgIjg0OHg0ODAieDYwLjAgICAzMy43NSAgODQ4IDg2NCA5
NzYgMTA4OCAgNDgwIDQ4NiA0OTQgNTE3ICtoc3luYyArdnN5bmMgKDMxLjAga0h6IGUpClsgICAg
MjcuNTU5XSAoSUkpIG1vZGVzZXQoMCk6IE1vZGVsaW5lICI2NDB4NDgwIng1OS45ICAgMjUuMTgg
IDY0MCA2NTYgNzUyIDgwMCAgNDgwIDQ5MCA0OTIgNTI1IC1oc3luYyAtdnN5bmMgKDMxLjUga0h6
IGUpClsgICAgMjcuNTU5XSAoSUkpIG1vZGVzZXQoMCk6IE91dHB1dCBWR0EtMSBjb25uZWN0ZWQK
WyAgICAyNy41NTldIChJSSkgbW9kZXNldCgwKTogVXNpbmcgZXhhY3Qgc2l6ZXMgZm9yIGluaXRp
YWwgbW9kZXMKWyAgICAyNy41NTldIChJSSkgbW9kZXNldCgwKTogT3V0cHV0IFZHQS0xIHVzaW5n
IGluaXRpYWwgbW9kZSAxMDI0eDc2OCArMCswClsgICAgMjcuNTU5XSAoPT0pIG1vZGVzZXQoMCk6
IFVzaW5nIGdhbW1hIGNvcnJlY3Rpb24gKDEuMCwgMS4wLCAxLjApClsgICAgMjcuNTU5XSAoPT0p
IG1vZGVzZXQoMCk6IERQSSBzZXQgdG8gKDk2LCA5NikKWyAgICAyNy41NTldIChJSSkgTG9hZGlu
ZyBzdWIgbW9kdWxlICJmYiIKWyAgICAyNy41NTldIChJSSkgTG9hZE1vZHVsZTogImZiIgpbICAg
IDI3LjU1OV0gKElJKSBMb2FkaW5nIC91c3IvbGliL3hvcmcvbW9kdWxlcy9saWJmYi5zbwpbICAg
IDI3LjU2NV0gKElJKSBNb2R1bGUgZmI6IHZlbmRvcj0iWC5PcmcgRm91bmRhdGlvbiIKWyAgICAy
Ny41NjVdIAljb21waWxlZCBmb3IgMS4yMC4xMywgbW9kdWxlIHZlcnNpb24gPSAxLjAuMApbICAg
IDI3LjU2NV0gCUFCSSBjbGFzczogWC5PcmcgQU5TSSBDIEVtdWxhdGlvbiwgdmVyc2lvbiAwLjQK
WyAgICAyNy41NjVdIChJSSkgVW5sb2FkTW9kdWxlOiAiZmJkZXYiClsgICAgMjcuNTY1XSAoSUkp
IFVubG9hZGluZyBmYmRldgpbICAgIDI3LjU2NV0gKElJKSBVbmxvYWRTdWJNb2R1bGU6ICJmYmRl
dmh3IgpbICAgIDI3LjU2NV0gKElJKSBVbmxvYWRpbmcgZmJkZXZodwpbICAgIDI3LjU2NV0gKElJ
KSBVbmxvYWRNb2R1bGU6ICJ2ZXNhIgpbICAgIDI3LjU2NV0gKElJKSBVbmxvYWRpbmcgdmVzYQpb
ICAgIDI3LjU3NV0gKD09KSBtb2Rlc2V0KDApOiBCYWNraW5nIHN0b3JlIGVuYWJsZWQKWyAgICAy
Ny41NzVdICg9PSkgbW9kZXNldCgwKTogU2lsa2VuIG1vdXNlIGVuYWJsZWQKWyAgICAyNy41Nzdd
IChJSSkgbW9kZXNldCgwKTogSW5pdGlhbGl6aW5nIGttcyBjb2xvciBtYXAgZm9yIGRlcHRoIDI0
LCA4IGJwYy4KWyAgICAyNy41NzddICg9PSkgbW9kZXNldCgwKTogRFBNUyBlbmFibGVkClsgICAg
MjcuNTc3XSAoSUkpIEluaXRpYWxpemluZyBleHRlbnNpb24gR2VuZXJpYyBFdmVudCBFeHRlbnNp
b24KWyAgICAyNy41NzddIChJSSkgSW5pdGlhbGl6aW5nIGV4dGVuc2lvbiBTSEFQRQpbICAgIDI3
LjU3N10gKElJKSBJbml0aWFsaXppbmcgZXh0ZW5zaW9uIE1JVC1TSE0KWyAgICAyNy41NzddIChJ
SSkgSW5pdGlhbGl6aW5nIGV4dGVuc2lvbiBYSW5wdXRFeHRlbnNpb24KWyAgICAyNy41NzhdIChJ
SSkgSW5pdGlhbGl6aW5nIGV4dGVuc2lvbiBYVEVTVApbICAgIDI3LjU3OF0gKElJKSBJbml0aWFs
aXppbmcgZXh0ZW5zaW9uIEJJRy1SRVFVRVNUUwpbICAgIDI3LjU3OF0gKElJKSBJbml0aWFsaXpp
bmcgZXh0ZW5zaW9uIFNZTkMKWyAgICAyNy41NzldIChJSSkgSW5pdGlhbGl6aW5nIGV4dGVuc2lv
biBYS0VZQk9BUkQKWyAgICAyNy41NzldIChJSSkgSW5pdGlhbGl6aW5nIGV4dGVuc2lvbiBYQy1N
SVNDClsgICAgMjcuNTc5XSAoSUkpIEluaXRpYWxpemluZyBleHRlbnNpb24gU0VDVVJJVFkKWyAg
ICAyNy41NzldIChJSSkgSW5pdGlhbGl6aW5nIGV4dGVuc2lvbiBYRklYRVMKWyAgICAyNy41ODBd
IChJSSkgSW5pdGlhbGl6aW5nIGV4dGVuc2lvbiBSRU5ERVIKWyAgICAyNy41ODBdIChJSSkgSW5p
dGlhbGl6aW5nIGV4dGVuc2lvbiBSQU5EUgpbICAgIDI3LjU4MF0gKElJKSBJbml0aWFsaXppbmcg
ZXh0ZW5zaW9uIENPTVBPU0lURQpbICAgIDI3LjU4MF0gKElJKSBJbml0aWFsaXppbmcgZXh0ZW5z
aW9uIERBTUFHRQpbICAgIDI3LjU4MV0gKElJKSBJbml0aWFsaXppbmcgZXh0ZW5zaW9uIE1JVC1T
Q1JFRU4tU0FWRVIKWyAgICAyNy41ODFdIChJSSkgSW5pdGlhbGl6aW5nIGV4dGVuc2lvbiBET1VC
TEUtQlVGRkVSClsgICAgMjcuNTgxXSAoSUkpIEluaXRpYWxpemluZyBleHRlbnNpb24gUkVDT1JE
ClsgICAgMjcuNTgxXSAoSUkpIEluaXRpYWxpemluZyBleHRlbnNpb24gRFBNUwpbICAgIDI3LjU4
MV0gKElJKSBJbml0aWFsaXppbmcgZXh0ZW5zaW9uIFByZXNlbnQKWyAgICAyNy41ODFdIChJSSkg
SW5pdGlhbGl6aW5nIGV4dGVuc2lvbiBEUkkzClsgICAgMjcuNTgxXSAoSUkpIEluaXRpYWxpemlu
ZyBleHRlbnNpb24gWC1SZXNvdXJjZQpbICAgIDI3LjU4Ml0gKElJKSBJbml0aWFsaXppbmcgZXh0
ZW5zaW9uIFhWaWRlbwpbICAgIDI3LjU4Ml0gKElJKSBJbml0aWFsaXppbmcgZXh0ZW5zaW9uIFhW
aWRlby1Nb3Rpb25Db21wZW5zYXRpb24KWyAgICAyNy41ODJdIChJSSkgSW5pdGlhbGl6aW5nIGV4
dGVuc2lvbiBTRUxpbnV4ClsgICAgMjcuNTgyXSAoSUkpIFNFTGludXg6IERpc2FibGVkIG9uIHN5
c3RlbQpbICAgIDI3LjU4Ml0gKElJKSBJbml0aWFsaXppbmcgZXh0ZW5zaW9uIEdMWApbICAgIDI3
LjU4Ml0gKElJKSBBSUdMWDogU2NyZWVuIDAgaXMgbm90IERSSTIgY2FwYWJsZQpbICAgIDI3LjYz
N10gKElJKSBJR0xYOiBMb2FkZWQgYW5kIGluaXRpYWxpemVkIHN3cmFzdApbICAgIDI3LjYzOF0g
KElJKSBHTFg6IEluaXRpYWxpemVkIERSSVNXUkFTVCBHTCBwcm92aWRlciBmb3Igc2NyZWVuIDAK
WyAgICAyNy42MzhdIChJSSkgSW5pdGlhbGl6aW5nIGV4dGVuc2lvbiBYRnJlZTg2LVZpZE1vZGVF
eHRlbnNpb24KWyAgICAyNy42MzhdIChJSSkgSW5pdGlhbGl6aW5nIGV4dGVuc2lvbiBYRnJlZTg2
LURHQQpbICAgIDI3LjYzOF0gKElJKSBJbml0aWFsaXppbmcgZXh0ZW5zaW9uIFhGcmVlODYtRFJJ
ClsgICAgMjcuNjQ0XSAoSUkpIEluaXRpYWxpemluZyBleHRlbnNpb24gRFJJMgpbICAgIDI3LjY0
NF0gKElJKSBtb2Rlc2V0KDApOiBEYW1hZ2UgdHJhY2tpbmcgaW5pdGlhbGl6ZWQKWyAgICAyNy42
NDRdIChJSSkgbW9kZXNldCgwKTogU2V0dGluZyBzY3JlZW4gcGh5c2ljYWwgc2l6ZSB0byAyNzAg
eCAyMDMKWyAgICAyOC4wNTNdIChJSSkgY29uZmlnL3VkZXY6IEFkZGluZyBpbnB1dCBkZXZpY2Ug
UG93ZXIgQnV0dG9uICgvZGV2L2lucHV0L2V2ZW50MCkKWyAgICAyOC4wNTNdICgqKikgUG93ZXIg
QnV0dG9uOiBBcHBseWluZyBJbnB1dENsYXNzICJsaWJpbnB1dCBrZXlib2FyZCBjYXRjaGFsbCIK
WyAgICAyOC4wNTNdIChJSSkgTG9hZE1vZHVsZTogImxpYmlucHV0IgpbICAgIDI4LjA1M10gKElJ
KSBMb2FkaW5nIC91c3IvbGliL3hvcmcvbW9kdWxlcy9pbnB1dC9saWJpbnB1dF9kcnYuc28KWyAg
ICAyOC4xMTRdIChJSSkgTW9kdWxlIGxpYmlucHV0OiB2ZW5kb3I9IlguT3JnIEZvdW5kYXRpb24i
ClsgICAgMjguMTE0XSAJY29tcGlsZWQgZm9yIDEuMjAuNCwgbW9kdWxlIHZlcnNpb24gPSAwLjI5
LjAKWyAgICAyOC4xMTRdIAlNb2R1bGUgY2xhc3M6IFguT3JnIFhJbnB1dCBEcml2ZXIKWyAgICAy
OC4xMTRdIAlBQkkgY2xhc3M6IFguT3JnIFhJbnB1dCBkcml2ZXIsIHZlcnNpb24gMjQuMQpbICAg
IDI4LjExNF0gKElJKSBVc2luZyBpbnB1dCBkcml2ZXIgJ2xpYmlucHV0JyBmb3IgJ1Bvd2VyIEJ1
dHRvbicKWyAgICAyOC4xMTRdICgqKikgUG93ZXIgQnV0dG9uOiBhbHdheXMgcmVwb3J0cyBjb3Jl
IGV2ZW50cwpbICAgIDI4LjExNF0gKCoqKSBPcHRpb24gIkRldmljZSIgIi9kZXYvaW5wdXQvZXZl
bnQwIgpbICAgIDI4LjExN10gKCoqKSBPcHRpb24gIl9zb3VyY2UiICJzZXJ2ZXIvdWRldiIKWyAg
ICAyOC4xNTJdIChJSSkgZXZlbnQwICAtIFBvd2VyIEJ1dHRvbjogaXMgdGFnZ2VkIGJ5IHVkZXYg
YXM6IEtleWJvYXJkClsgICAgMjguMTUyXSAoSUkpIGV2ZW50MCAgLSBQb3dlciBCdXR0b246IGRl
dmljZSBpcyBhIGtleWJvYXJkClsgICAgMjguMTUyXSAoSUkpIGV2ZW50MCAgLSBQb3dlciBCdXR0
b246IGRldmljZSByZW1vdmVkClsgICAgMjguMTYxXSAoKiopIE9wdGlvbiAiY29uZmlnX2luZm8i
ICJ1ZGV2Oi9zeXMvZGV2aWNlcy9MTlhTWVNUTTowMC9MTlhQV1JCTjowMC9pbnB1dC9pbnB1dDAv
ZXZlbnQwIgpbICAgIDI4LjE2MV0gKElJKSBYSU5QVVQ6IEFkZGluZyBleHRlbmRlZCBpbnB1dCBk
ZXZpY2UgIlBvd2VyIEJ1dHRvbiIgKHR5cGU6IEtFWUJPQVJELCBpZCA2KQpbICAgIDI4LjE2MV0g
KCoqKSBPcHRpb24gInhrYl9tb2RlbCIgInBjMTA1IgpbICAgIDI4LjE2MV0gKCoqKSBPcHRpb24g
InhrYl9sYXlvdXQiICJ1cyIKWyAgICAyOC4xNjFdIChJSSkgZXZlbnQwICAtIFBvd2VyIEJ1dHRv
bjogaXMgdGFnZ2VkIGJ5IHVkZXYgYXM6IEtleWJvYXJkClsgICAgMjguMTYxXSAoSUkpIGV2ZW50
MCAgLSBQb3dlciBCdXR0b246IGRldmljZSBpcyBhIGtleWJvYXJkClsgICAgMjguMTYyXSAoSUkp
IGNvbmZpZy91ZGV2OiBBZGRpbmcgaW5wdXQgZGV2aWNlIFNsZWVwIEJ1dHRvbiAoL2Rldi9pbnB1
dC9ldmVudDEpClsgICAgMjguMTYyXSAoKiopIFNsZWVwIEJ1dHRvbjogQXBwbHlpbmcgSW5wdXRD
bGFzcyAibGliaW5wdXQga2V5Ym9hcmQgY2F0Y2hhbGwiClsgICAgMjguMTYyXSAoSUkpIFVzaW5n
IGlucHV0IGRyaXZlciAnbGliaW5wdXQnIGZvciAnU2xlZXAgQnV0dG9uJwpbICAgIDI4LjE2Ml0g
KCoqKSBTbGVlcCBCdXR0b246IGFsd2F5cyByZXBvcnRzIGNvcmUgZXZlbnRzClsgICAgMjguMTYy
XSAoKiopIE9wdGlvbiAiRGV2aWNlIiAiL2Rldi9pbnB1dC9ldmVudDEiClsgICAgMjguMTYyXSAo
KiopIE9wdGlvbiAiX3NvdXJjZSIgInNlcnZlci91ZGV2IgpbICAgIDI4LjE2Ml0gKElJKSBldmVu
dDEgIC0gU2xlZXAgQnV0dG9uOiBpcyB0YWdnZWQgYnkgdWRldiBhczogS2V5Ym9hcmQKWyAgICAy
OC4xNjJdIChJSSkgZXZlbnQxICAtIFNsZWVwIEJ1dHRvbjogZGV2aWNlIGlzIGEga2V5Ym9hcmQK
WyAgICAyOC4xNjJdIChJSSkgZXZlbnQxICAtIFNsZWVwIEJ1dHRvbjogZGV2aWNlIHJlbW92ZWQK
WyAgICAyOC4xODNdICgqKikgT3B0aW9uICJjb25maWdfaW5mbyIgInVkZXY6L3N5cy9kZXZpY2Vz
L0xOWFNZU1RNOjAwL0xOWFNMUEJOOjAwL2lucHV0L2lucHV0MS9ldmVudDEiClsgICAgMjguMTgz
XSAoSUkpIFhJTlBVVDogQWRkaW5nIGV4dGVuZGVkIGlucHV0IGRldmljZSAiU2xlZXAgQnV0dG9u
IiAodHlwZTogS0VZQk9BUkQsIGlkIDcpClsgICAgMjguMTgzXSAoKiopIE9wdGlvbiAieGtiX21v
ZGVsIiAicGMxMDUiClsgICAgMjguMTg0XSAoKiopIE9wdGlvbiAieGtiX2xheW91dCIgInVzIgpb
ICAgIDI4LjE4NV0gKElJKSBldmVudDEgIC0gU2xlZXAgQnV0dG9uOiBpcyB0YWdnZWQgYnkgdWRl
diBhczogS2V5Ym9hcmQKWyAgICAyOC4xODVdIChJSSkgZXZlbnQxICAtIFNsZWVwIEJ1dHRvbjog
ZGV2aWNlIGlzIGEga2V5Ym9hcmQKWyAgICAyOC4xODZdIChJSSkgY29uZmlnL3VkZXY6IEFkZGlu
ZyBpbnB1dCBkZXZpY2UgVmlkZW8gQnVzICgvZGV2L2lucHV0L2V2ZW50NCkKWyAgICAyOC4xODZd
ICgqKikgVmlkZW8gQnVzOiBBcHBseWluZyBJbnB1dENsYXNzICJsaWJpbnB1dCBrZXlib2FyZCBj
YXRjaGFsbCIKWyAgICAyOC4xODZdIChJSSkgVXNpbmcgaW5wdXQgZHJpdmVyICdsaWJpbnB1dCcg
Zm9yICdWaWRlbyBCdXMnClsgICAgMjguMTg2XSAoKiopIFZpZGVvIEJ1czogYWx3YXlzIHJlcG9y
dHMgY29yZSBldmVudHMKWyAgICAyOC4xODZdICgqKikgT3B0aW9uICJEZXZpY2UiICIvZGV2L2lu
cHV0L2V2ZW50NCIKWyAgICAyOC4xODZdICgqKikgT3B0aW9uICJfc291cmNlIiAic2VydmVyL3Vk
ZXYiClsgICAgMjguMTg3XSAoSUkpIGV2ZW50NCAgLSBWaWRlbyBCdXM6IGlzIHRhZ2dlZCBieSB1
ZGV2IGFzOiBLZXlib2FyZApbICAgIDI4LjE4N10gKElJKSBldmVudDQgIC0gVmlkZW8gQnVzOiBk
ZXZpY2UgaXMgYSBrZXlib2FyZApbICAgIDI4LjE4N10gKElJKSBldmVudDQgIC0gVmlkZW8gQnVz
OiBkZXZpY2UgcmVtb3ZlZApbICAgIDI4LjE5OF0gKCoqKSBPcHRpb24gImNvbmZpZ19pbmZvIiAi
dWRldjovc3lzL2RldmljZXMvTE5YU1lTVE06MDAvTE5YU1lCVVM6MDAvUE5QMEEwMzowMC9MTlhW
SURFTzowMC9pbnB1dC9pbnB1dDUvZXZlbnQ0IgpbICAgIDI4LjE5OF0gKElJKSBYSU5QVVQ6IEFk
ZGluZyBleHRlbmRlZCBpbnB1dCBkZXZpY2UgIlZpZGVvIEJ1cyIgKHR5cGU6IEtFWUJPQVJELCBp
ZCA4KQpbICAgIDI4LjE5OF0gKCoqKSBPcHRpb24gInhrYl9tb2RlbCIgInBjMTA1IgpbICAgIDI4
LjE5OF0gKCoqKSBPcHRpb24gInhrYl9sYXlvdXQiICJ1cyIKWyAgICAyOC4xOTldIChJSSkgZXZl
bnQ0ICAtIFZpZGVvIEJ1czogaXMgdGFnZ2VkIGJ5IHVkZXYgYXM6IEtleWJvYXJkClsgICAgMjgu
MTk5XSAoSUkpIGV2ZW50NCAgLSBWaWRlbyBCdXM6IGRldmljZSBpcyBhIGtleWJvYXJkClsgICAg
MjguMjAwXSAoSUkpIGNvbmZpZy91ZGV2OiBBZGRpbmcgaW5wdXQgZGV2aWNlIFZpcnR1YWxCb3gg
bW91c2UgaW50ZWdyYXRpb24gKC9kZXYvaW5wdXQvZXZlbnQ1KQpbICAgIDI4LjIwMF0gKCoqKSBW
aXJ0dWFsQm94IG1vdXNlIGludGVncmF0aW9uOiBBcHBseWluZyBJbnB1dENsYXNzICJsaWJpbnB1
dCBwb2ludGVyIGNhdGNoYWxsIgpbICAgIDI4LjIwMF0gKElJKSBVc2luZyBpbnB1dCBkcml2ZXIg
J2xpYmlucHV0JyBmb3IgJ1ZpcnR1YWxCb3ggbW91c2UgaW50ZWdyYXRpb24nClsgICAgMjguMjAw
XSAoKiopIFZpcnR1YWxCb3ggbW91c2UgaW50ZWdyYXRpb246IGFsd2F5cyByZXBvcnRzIGNvcmUg
ZXZlbnRzClsgICAgMjguMjAwXSAoKiopIE9wdGlvbiAiRGV2aWNlIiAiL2Rldi9pbnB1dC9ldmVu
dDUiClsgICAgMjguMjAwXSAoKiopIE9wdGlvbiAiX3NvdXJjZSIgInNlcnZlci91ZGV2IgpbICAg
IDI4LjIwMV0gKElJKSBldmVudDUgIC0gVmlydHVhbEJveCBtb3VzZSBpbnRlZ3JhdGlvbjogaXMg
dGFnZ2VkIGJ5IHVkZXYgYXM6IE1vdXNlClsgICAgMjguMjAxXSAoSUkpIGV2ZW50NSAgLSBWaXJ0
dWFsQm94IG1vdXNlIGludGVncmF0aW9uOiBkZXZpY2UgaXMgYSBwb2ludGVyClsgICAgMjguMjAx
XSAoSUkpIGV2ZW50NSAgLSBWaXJ0dWFsQm94IG1vdXNlIGludGVncmF0aW9uOiBkZXZpY2UgcmVt
b3ZlZApbICAgIDI4LjIzM10gKCoqKSBPcHRpb24gImNvbmZpZ19pbmZvIiAidWRldjovc3lzL2Rl
dmljZXMvcGNpMDAwMDowMC8wMDAwOjAwOjA0LjAvaW5wdXQvaW5wdXQ2L2V2ZW50NSIKWyAgICAy
OC4yMzRdIChJSSkgWElOUFVUOiBBZGRpbmcgZXh0ZW5kZWQgaW5wdXQgZGV2aWNlICJWaXJ0dWFs
Qm94IG1vdXNlIGludGVncmF0aW9uIiAodHlwZTogTU9VU0UsIGlkIDkpClsgICAgMjguMjM0XSAo
KiopIE9wdGlvbiAiQWNjZWxlcmF0aW9uU2NoZW1lIiAibm9uZSIKWyAgICAyOC4yMzRdICgqKikg
VmlydHVhbEJveCBtb3VzZSBpbnRlZ3JhdGlvbjogKGFjY2VsKSBzZWxlY3RlZCBzY2hlbWUgbm9u
ZS8wClsgICAgMjguMjM0XSAoKiopIFZpcnR1YWxCb3ggbW91c2UgaW50ZWdyYXRpb246IChhY2Nl
bCkgYWNjZWxlcmF0aW9uIGZhY3RvcjogMi4wMDAKWyAgICAyOC4yMzRdICgqKikgVmlydHVhbEJv
eCBtb3VzZSBpbnRlZ3JhdGlvbjogKGFjY2VsKSBhY2NlbGVyYXRpb24gdGhyZXNob2xkOiA0Clsg
ICAgMjguMjM1XSAoSUkpIGV2ZW50NSAgLSBWaXJ0dWFsQm94IG1vdXNlIGludGVncmF0aW9uOiBp
cyB0YWdnZWQgYnkgdWRldiBhczogTW91c2UKWyAgICAyOC4yMzVdIChJSSkgZXZlbnQ1ICAtIFZp
cnR1YWxCb3ggbW91c2UgaW50ZWdyYXRpb246IGRldmljZSBpcyBhIHBvaW50ZXIKWyAgICAyOC4y
MzVdIChJSSkgY29uZmlnL3VkZXY6IEFkZGluZyBpbnB1dCBkZXZpY2UgVmlydHVhbEJveCBtb3Vz
ZSBpbnRlZ3JhdGlvbiAoL2Rldi9pbnB1dC9qczApClsgICAgMjguMjM1XSAoSUkpIE5vIGlucHV0
IGRyaXZlciBzcGVjaWZpZWQsIGlnbm9yaW5nIHRoaXMgZGV2aWNlLgpbICAgIDI4LjIzNV0gKElJ
KSBUaGlzIGRldmljZSBtYXkgaGF2ZSBiZWVuIGFkZGVkIHdpdGggYW5vdGhlciBkZXZpY2UgZmls
ZS4KWyAgICAyOC4yMzVdIChJSSkgY29uZmlnL3VkZXY6IEFkZGluZyBpbnB1dCBkZXZpY2UgVmly
dHVhbEJveCBtb3VzZSBpbnRlZ3JhdGlvbiAoL2Rldi9pbnB1dC9tb3VzZTEpClsgICAgMjguMjM1
XSAoSUkpIE5vIGlucHV0IGRyaXZlciBzcGVjaWZpZWQsIGlnbm9yaW5nIHRoaXMgZGV2aWNlLgpb
ICAgIDI4LjIzNV0gKElJKSBUaGlzIGRldmljZSBtYXkgaGF2ZSBiZWVuIGFkZGVkIHdpdGggYW5v
dGhlciBkZXZpY2UgZmlsZS4KWyAgICAyOC4yMzZdIChJSSkgY29uZmlnL3VkZXY6IEFkZGluZyBp
bnB1dCBkZXZpY2UgQVQgVHJhbnNsYXRlZCBTZXQgMiBrZXlib2FyZCAoL2Rldi9pbnB1dC9ldmVu
dDIpClsgICAgMjguMjM2XSAoKiopIEFUIFRyYW5zbGF0ZWQgU2V0IDIga2V5Ym9hcmQ6IEFwcGx5
aW5nIElucHV0Q2xhc3MgImxpYmlucHV0IGtleWJvYXJkIGNhdGNoYWxsIgpbICAgIDI4LjIzNl0g
KElJKSBVc2luZyBpbnB1dCBkcml2ZXIgJ2xpYmlucHV0JyBmb3IgJ0FUIFRyYW5zbGF0ZWQgU2V0
IDIga2V5Ym9hcmQnClsgICAgMjguMjM2XSAoKiopIEFUIFRyYW5zbGF0ZWQgU2V0IDIga2V5Ym9h
cmQ6IGFsd2F5cyByZXBvcnRzIGNvcmUgZXZlbnRzClsgICAgMjguMjM2XSAoKiopIE9wdGlvbiAi
RGV2aWNlIiAiL2Rldi9pbnB1dC9ldmVudDIiClsgICAgMjguMjM2XSAoKiopIE9wdGlvbiAiX3Nv
dXJjZSIgInNlcnZlci91ZGV2IgpbICAgIDI4LjI0Ml0gKElJKSBldmVudDIgIC0gQVQgVHJhbnNs
YXRlZCBTZXQgMiBrZXlib2FyZDogaXMgdGFnZ2VkIGJ5IHVkZXYgYXM6IEtleWJvYXJkClsgICAg
MjguMjQyXSAoSUkpIGV2ZW50MiAgLSBBVCBUcmFuc2xhdGVkIFNldCAyIGtleWJvYXJkOiBkZXZp
Y2UgaXMgYSBrZXlib2FyZApbICAgIDI4LjI0Ml0gKElJKSBldmVudDIgIC0gQVQgVHJhbnNsYXRl
ZCBTZXQgMiBrZXlib2FyZDogZGV2aWNlIHJlbW92ZWQKWyAgICAyOC4yNjJdICgqKikgT3B0aW9u
ICJjb25maWdfaW5mbyIgInVkZXY6L3N5cy9kZXZpY2VzL3BsYXRmb3JtL2k4MDQyL3NlcmlvMC9p
bnB1dC9pbnB1dDIvZXZlbnQyIgpbICAgIDI4LjI2Ml0gKElJKSBYSU5QVVQ6IEFkZGluZyBleHRl
bmRlZCBpbnB1dCBkZXZpY2UgIkFUIFRyYW5zbGF0ZWQgU2V0IDIga2V5Ym9hcmQiICh0eXBlOiBL
RVlCT0FSRCwgaWQgMTApClsgICAgMjguMjYyXSAoKiopIE9wdGlvbiAieGtiX21vZGVsIiAicGMx
MDUiClsgICAgMjguMjYyXSAoKiopIE9wdGlvbiAieGtiX2xheW91dCIgInVzIgpbICAgIDI4LjI2
M10gKElJKSBldmVudDIgIC0gQVQgVHJhbnNsYXRlZCBTZXQgMiBrZXlib2FyZDogaXMgdGFnZ2Vk
IGJ5IHVkZXYgYXM6IEtleWJvYXJkClsgICAgMjguMjYzXSAoSUkpIGV2ZW50MiAgLSBBVCBUcmFu
c2xhdGVkIFNldCAyIGtleWJvYXJkOiBkZXZpY2UgaXMgYSBrZXlib2FyZApbICAgIDI4LjI2NF0g
KElJKSBjb25maWcvdWRldjogQWRkaW5nIGlucHV0IGRldmljZSBJbUV4UFMvMiBHZW5lcmljIEV4
cGxvcmVyIE1vdXNlICgvZGV2L2lucHV0L2V2ZW50MykKWyAgICAyOC4yNjRdICgqKikgSW1FeFBT
LzIgR2VuZXJpYyBFeHBsb3JlciBNb3VzZTogQXBwbHlpbmcgSW5wdXRDbGFzcyAibGliaW5wdXQg
cG9pbnRlciBjYXRjaGFsbCIKWyAgICAyOC4yNjRdIChJSSkgVXNpbmcgaW5wdXQgZHJpdmVyICds
aWJpbnB1dCcgZm9yICdJbUV4UFMvMiBHZW5lcmljIEV4cGxvcmVyIE1vdXNlJwpbICAgIDI4LjI2
NF0gKCoqKSBJbUV4UFMvMiBHZW5lcmljIEV4cGxvcmVyIE1vdXNlOiBhbHdheXMgcmVwb3J0cyBj
b3JlIGV2ZW50cwpbICAgIDI4LjI2NF0gKCoqKSBPcHRpb24gIkRldmljZSIgIi9kZXYvaW5wdXQv
ZXZlbnQzIgpbICAgIDI4LjI2NF0gKCoqKSBPcHRpb24gIl9zb3VyY2UiICJzZXJ2ZXIvdWRldiIK
WyAgICAyOC4yNjVdIChJSSkgZXZlbnQzICAtIEltRXhQUy8yIEdlbmVyaWMgRXhwbG9yZXIgTW91
c2U6IGlzIHRhZ2dlZCBieSB1ZGV2IGFzOiBNb3VzZQpbICAgIDI4LjI2NV0gKElJKSBldmVudDMg
IC0gSW1FeFBTLzIgR2VuZXJpYyBFeHBsb3JlciBNb3VzZTogZGV2aWNlIGlzIGEgcG9pbnRlcgpb
ICAgIDI4LjI2NV0gKElJKSBldmVudDMgIC0gSW1FeFBTLzIgR2VuZXJpYyBFeHBsb3JlciBNb3Vz
ZTogZGV2aWNlIHJlbW92ZWQKWyAgICAyOC4yOTddICgqKikgT3B0aW9uICJjb25maWdfaW5mbyIg
InVkZXY6L3N5cy9kZXZpY2VzL3BsYXRmb3JtL2k4MDQyL3NlcmlvMS9pbnB1dC9pbnB1dDQvZXZl
bnQzIgpbICAgIDI4LjI5N10gKElJKSBYSU5QVVQ6IEFkZGluZyBleHRlbmRlZCBpbnB1dCBkZXZp
Y2UgIkltRXhQUy8yIEdlbmVyaWMgRXhwbG9yZXIgTW91c2UiICh0eXBlOiBNT1VTRSwgaWQgMTEp
ClsgICAgMjguMjk3XSAoKiopIE9wdGlvbiAiQWNjZWxlcmF0aW9uU2NoZW1lIiAibm9uZSIKWyAg
ICAyOC4yOTddICgqKikgSW1FeFBTLzIgR2VuZXJpYyBFeHBsb3JlciBNb3VzZTogKGFjY2VsKSBz
ZWxlY3RlZCBzY2hlbWUgbm9uZS8wClsgICAgMjguMjk3XSAoKiopIEltRXhQUy8yIEdlbmVyaWMg
RXhwbG9yZXIgTW91c2U6IChhY2NlbCkgYWNjZWxlcmF0aW9uIGZhY3RvcjogMi4wMDAKWyAgICAy
OC4yOTddICgqKikgSW1FeFBTLzIgR2VuZXJpYyBFeHBsb3JlciBNb3VzZTogKGFjY2VsKSBhY2Nl
bGVyYXRpb24gdGhyZXNob2xkOiA0ClsgICAgMjguMjk4XSAoSUkpIGV2ZW50MyAgLSBJbUV4UFMv
MiBHZW5lcmljIEV4cGxvcmVyIE1vdXNlOiBpcyB0YWdnZWQgYnkgdWRldiBhczogTW91c2UKWyAg
ICAyOC4yOThdIChJSSkgZXZlbnQzICAtIEltRXhQUy8yIEdlbmVyaWMgRXhwbG9yZXIgTW91c2U6
IGRldmljZSBpcyBhIHBvaW50ZXIKWyAgICAyOC4yOThdIChJSSkgY29uZmlnL3VkZXY6IEFkZGlu
ZyBpbnB1dCBkZXZpY2UgSW1FeFBTLzIgR2VuZXJpYyBFeHBsb3JlciBNb3VzZSAoL2Rldi9pbnB1
dC9tb3VzZTApClsgICAgMjguMjk4XSAoSUkpIE5vIGlucHV0IGRyaXZlciBzcGVjaWZpZWQsIGln
bm9yaW5nIHRoaXMgZGV2aWNlLgpbICAgIDI4LjI5OF0gKElJKSBUaGlzIGRldmljZSBtYXkgaGF2
ZSBiZWVuIGFkZGVkIHdpdGggYW5vdGhlciBkZXZpY2UgZmlsZS4KWyAgICAzMS41MjRdIChJSSkg
bW9kZXNldCgwKTogRURJRCB2ZW5kb3IgIlZCWCIsIHByb2QgaWQgMApbICAgIDMxLjUyNF0gKElJ
KSBtb2Rlc2V0KDApOiBERENNb2RlRnJvbURldGFpbGVkVGltaW5nOiAxMDI0eDc2OCBXYXJuaW5n
OiBXZSBvbmx5IGhhbmRsZSBzZXBhcmF0ZSBzeW5jLgpbICAgIDMxLjUyNF0gKElJKSBtb2Rlc2V0
KDApOiBVc2luZyBFRElEIHJhbmdlIGluZm8gZm9yIGhvcml6b250YWwgc3luYwpbICAgIDMxLjUy
NF0gKElJKSBtb2Rlc2V0KDApOiBVc2luZyBFRElEIHJhbmdlIGluZm8gZm9yIHZlcnRpY2FsIHJl
ZnJlc2gKWyAgICAzMy4wNjNdIChJSSkgbW9kZXNldCgwKTogRURJRCB2ZW5kb3IgIlZCWCIsIHBy
b2QgaWQgMApbICAgIDMzLjA2NF0gKElJKSBtb2Rlc2V0KDApOiBERENNb2RlRnJvbURldGFpbGVk
VGltaW5nOiAxMDI0eDc2OCBXYXJuaW5nOiBXZSBvbmx5IGhhbmRsZSBzZXBhcmF0ZSBzeW5jLgpb
ICAgIDMzLjA2NF0gKElJKSBtb2Rlc2V0KDApOiBVc2luZyBoc3luYyByYW5nZXMgZnJvbSBjb25m
aWcgZmlsZQpbICAgIDMzLjA2NF0gKElJKSBtb2Rlc2V0KDApOiBVc2luZyB2cmVmcmVzaCByYW5n
ZXMgZnJvbSBjb25maWcgZmlsZQo=
--1242205496-1709242888=:6011--

From vagrant@ubuntu-3nity Thu Feb 29 21:42:05 2024
MIME-Version: 1.0
Content-Type: multipart/mixed; boundary="394764968-1709242925=:6031"
Subject: Errors logs file
To: <hoolicontech@gmail.com>
X-Mailer: mail (GNU Mailutils 3.7)

--394764968-1709242925=:6031
Content-Type: text/plain; charset=UTF-8
Content-Disposition: attachment
Content-Transfer-Encoding: 8bit
Content-ID: <20240229214205.6031.1@ubuntu-3nity>

read

--394764968-1709242925=:6031
Content-Type: application/octet-stream; name="Xorg.0.log"
Content-Disposition: attachment; filename="/home/vagrant/bash/log_complain/Xorg.0.log"
Content-Transfer-Encoding: base64
Content-ID: <20240229214205.6031.1@ubuntu-3nity>

WyAgICAyNS4zMzhdIApYLk9yZyBYIFNlcnZlciAxLjIwLjEzClggUHJvdG9jb2wgVmVyc2lvbiAx
MSwgUmV2aXNpb24gMApbICAgIDI1LjMzOF0gQnVpbGQgT3BlcmF0aW5nIFN5c3RlbTogbGludXgg
VWJ1bnR1ClsgICAgMjUuMzM4XSBDdXJyZW50IE9wZXJhdGluZyBTeXN0ZW06IExpbnV4IHVidW50
dS0zbml0eSA1LjQuMC0xNzItZ2VuZXJpYyAjMTkwLVVidW50dSBTTVAgRnJpIEZlYiAyIDIzOjI0
OjIyIFVUQyAyMDI0IHg4Nl82NApbICAgIDI1LjMzOF0gS2VybmVsIGNvbW1hbmQgbGluZTogQk9P
VF9JTUFHRT0vYm9vdC92bWxpbnV6LTUuNC4wLTE3Mi1nZW5lcmljIHJvb3Q9VVVJRD1jMWJhZWMw
ZC1kZTY4LTQ5M2UtODhkYy03OTljMTBmNGRiOTAgcm8gY29uc29sZT10dHkxIGNvbnNvbGU9dHR5
UzAKWyAgICAyNS4zMzhdIEJ1aWxkIERhdGU6IDI5IEphbnVhcnkgMjAyNCAgMTI6NDQ6MjFQTQpb
ICAgIDI1LjMzOF0geG9yZy1zZXJ2ZXIgMjoxLjIwLjEzLTF1YnVudHUxfjIwLjA0LjE1IChGb3Ig
dGVjaG5pY2FsIHN1cHBvcnQgcGxlYXNlIHNlZSBodHRwOi8vd3d3LnVidW50dS5jb20vc3VwcG9y
dCkgClsgICAgMjUuMzM4XSBDdXJyZW50IHZlcnNpb24gb2YgcGl4bWFuOiAwLjM4LjQKWyAgICAy
NS4zMzhdIAlCZWZvcmUgcmVwb3J0aW5nIHByb2JsZW1zLCBjaGVjayBodHRwOi8vd2lraS54Lm9y
ZwoJdG8gbWFrZSBzdXJlIHRoYXQgeW91IGhhdmUgdGhlIGxhdGVzdCB2ZXJzaW9uLgpbICAgIDI1
LjMzOF0gTWFya2VyczogKC0tKSBwcm9iZWQsICgqKikgZnJvbSBjb25maWcgZmlsZSwgKD09KSBk
ZWZhdWx0IHNldHRpbmcsCgkoKyspIGZyb20gY29tbWFuZCBsaW5lLCAoISEpIG5vdGljZSwgKElJ
KSBpbmZvcm1hdGlvbmFsLAoJKFdXKSB3YXJuaW5nLCAoRUUpIGVycm9yLCAoTkkpIG5vdCBpbXBs
ZW1lbnRlZCwgKD8/KSB1bmtub3duLgpbICAgIDI1LjMzOF0gKD09KSBMb2cgZmlsZTogIi92YXIv
bG9nL1hvcmcuMC5sb2ciLCBUaW1lOiBUaHUgRmViIDI5IDIwOjI0OjMzIDIwMjQKWyAgICAyNS4z
NTJdICg9PSkgVXNpbmcgc3lzdGVtIGNvbmZpZyBkaXJlY3RvcnkgIi91c3Ivc2hhcmUvWDExL3hv
cmcuY29uZi5kIgpbICAgIDI1LjM1N10gKD09KSBObyBMYXlvdXQgc2VjdGlvbi4gIFVzaW5nIHRo
ZSBmaXJzdCBTY3JlZW4gc2VjdGlvbi4KWyAgICAyNS4zNThdICg9PSkgTm8gc2NyZWVuIHNlY3Rp
b24gYXZhaWxhYmxlLiBVc2luZyBkZWZhdWx0cy4KWyAgICAyNS4zNThdICgqKikgfC0tPlNjcmVl
biAiRGVmYXVsdCBTY3JlZW4gU2VjdGlvbiIgKDApClsgICAgMjUuMzU4XSAoKiopIHwgICB8LS0+
TW9uaXRvciAiPGRlZmF1bHQgbW9uaXRvcj4iClsgICAgMjUuMzYwXSAoPT0pIE5vIG1vbml0b3Ig
c3BlY2lmaWVkIGZvciBzY3JlZW4gIkRlZmF1bHQgU2NyZWVuIFNlY3Rpb24iLgoJVXNpbmcgYSBk
ZWZhdWx0IG1vbml0b3IgY29uZmlndXJhdGlvbi4KWyAgICAyNS4zNjBdICg9PSkgQXV0b21hdGlj
YWxseSBhZGRpbmcgZGV2aWNlcwpbICAgIDI1LjM2MF0gKD09KSBBdXRvbWF0aWNhbGx5IGVuYWJs
aW5nIGRldmljZXMKWyAgICAyNS4zNjBdICg9PSkgQXV0b21hdGljYWxseSBhZGRpbmcgR1BVIGRl
dmljZXMKWyAgICAyNS4zNjBdICg9PSkgQXV0b21hdGljYWxseSBiaW5kaW5nIEdQVSBkZXZpY2Vz
ClsgICAgMjUuMzYwXSAoPT0pIE1heCBjbGllbnRzIGFsbG93ZWQ6IDI1NiwgcmVzb3VyY2UgbWFz
azogMHgxZmZmZmYKWyAgICAyNS4zNjVdIChXVykgVGhlIGRpcmVjdG9yeSAiL3Vzci9zaGFyZS9m
b250cy9YMTEvY3lyaWxsaWMiIGRvZXMgbm90IGV4aXN0LgpbICAgIDI1LjM2NV0gCUVudHJ5IGRl
bGV0ZWQgZnJvbSBmb250IHBhdGguClsgICAgMjUuMzY1XSAoV1cpIFRoZSBkaXJlY3RvcnkgIi91
c3Ivc2hhcmUvZm9udHMvWDExLzEwMGRwaS8iIGRvZXMgbm90IGV4aXN0LgpbICAgIDI1LjM2NV0g
CUVudHJ5IGRlbGV0ZWQgZnJvbSBmb250IHBhdGguClsgICAgMjUuMzY1XSAoV1cpIFRoZSBkaXJl
Y3RvcnkgIi91c3Ivc2hhcmUvZm9udHMvWDExLzc1ZHBpLyIgZG9lcyBub3QgZXhpc3QuClsgICAg
MjUuMzY1XSAJRW50cnkgZGVsZXRlZCBmcm9tIGZvbnQgcGF0aC4KWyAgICAyNS4zNjddIChXVykg
VGhlIGRpcmVjdG9yeSAiL3Vzci9zaGFyZS9mb250cy9YMTEvMTAwZHBpIiBkb2VzIG5vdCBleGlz
dC4KWyAgICAyNS4zNjddIAlFbnRyeSBkZWxldGVkIGZyb20gZm9udCBwYXRoLgpbICAgIDI1LjM2
N10gKFdXKSBUaGUgZGlyZWN0b3J5ICIvdXNyL3NoYXJlL2ZvbnRzL1gxMS83NWRwaSIgZG9lcyBu
b3QgZXhpc3QuClsgICAgMjUuMzY3XSAJRW50cnkgZGVsZXRlZCBmcm9tIGZvbnQgcGF0aC4KWyAg
ICAyNS4zNjddICg9PSkgRm9udFBhdGggc2V0IHRvOgoJL3Vzci9zaGFyZS9mb250cy9YMTEvbWlz
YywKCS91c3Ivc2hhcmUvZm9udHMvWDExL1R5cGUxLAoJYnVpbHQtaW5zClsgICAgMjUuMzY3XSAo
PT0pIE1vZHVsZVBhdGggc2V0IHRvICIvdXNyL2xpYi94b3JnL21vZHVsZXMiClsgICAgMjUuMzY3
XSAoSUkpIFRoZSBzZXJ2ZXIgcmVsaWVzIG9uIHVkZXYgdG8gcHJvdmlkZSB0aGUgbGlzdCBvZiBp
bnB1dCBkZXZpY2VzLgoJSWYgbm8gZGV2aWNlcyBiZWNvbWUgYXZhaWxhYmxlLCByZWNvbmZpZ3Vy
ZSB1ZGV2IG9yIGRpc2FibGUgQXV0b0FkZERldmljZXMuClsgICAgMjUuMzY3XSAoSUkpIExvYWRl
ciBtYWdpYzogMHg1NWNiZjEwYzIwMjAKWyAgICAyNS4zNjddIChJSSkgTW9kdWxlIEFCSSB2ZXJz
aW9uczoKWyAgICAyNS4zNjddIAlYLk9yZyBBTlNJIEMgRW11bGF0aW9uOiAwLjQKWyAgICAyNS4z
NjddIAlYLk9yZyBWaWRlbyBEcml2ZXI6IDI0LjEKWyAgICAyNS4zNjddIAlYLk9yZyBYSW5wdXQg
ZHJpdmVyIDogMjQuMQpbICAgIDI1LjM2N10gCVguT3JnIFNlcnZlciBFeHRlbnNpb24gOiAxMC4w
ClsgICAgMjUuMzY5XSAoKyspIHVzaW5nIFZUIG51bWJlciA3CgpbICAgIDI1LjM2OV0gKElJKSBz
eXN0ZW1kLWxvZ2luZDogbG9naW5kIGludGVncmF0aW9uIHJlcXVpcmVzIC1rZWVwdHR5IGFuZCAt
a2VlcHR0eSB3YXMgbm90IHByb3ZpZGVkLCBkaXNhYmxpbmcgbG9naW5kIGludGVncmF0aW9uClsg
ICAgMjUuMzcwXSAoSUkpIHhmcmVlODY6IEFkZGluZyBkcm0gZGV2aWNlICgvZGV2L2RyaS9jYXJk
MCkKWyAgICAyNS4zODZdICgtLSkgUENJOiooMEAwOjI6MCkgODBlZTpiZWVmOjAwMDA6MDAwMCBy
ZXYgMCwgTWVtIEAgMHhlMDAwMDAwMC8xNjc3NzIxNiwgQklPUyBAIDB4Pz8/Pz8/Pz8vMTMxMDcy
ClsgICAgMjUuMzg3XSAoSUkpIExvYWRNb2R1bGU6ICJnbHgiClsgICAgMjUuNDE4XSAoSUkpIExv
YWRpbmcgL3Vzci9saWIveG9yZy9tb2R1bGVzL2V4dGVuc2lvbnMvbGliZ2x4LnNvClsgICAgMjUu
NTAxXSAoSUkpIE1vZHVsZSBnbHg6IHZlbmRvcj0iWC5PcmcgRm91bmRhdGlvbiIKWyAgICAyNS41
MDRdIAljb21waWxlZCBmb3IgMS4yMC4xMywgbW9kdWxlIHZlcnNpb24gPSAxLjAuMApbICAgIDI1
LjUwNF0gCUFCSSBjbGFzczogWC5PcmcgU2VydmVyIEV4dGVuc2lvbiwgdmVyc2lvbiAxMC4wClsg
ICAgMjUuNTA0XSAoPT0pIE1hdGNoZWQgdmJveHZpZGVvIGFzIGF1dG9jb25maWd1cmVkIGRyaXZl
ciAwClsgICAgMjUuNTA0XSAoPT0pIE1hdGNoZWQgbW9kZXNldHRpbmcgYXMgYXV0b2NvbmZpZ3Vy
ZWQgZHJpdmVyIDEKWyAgICAyNS41MDRdICg9PSkgTWF0Y2hlZCBmYmRldiBhcyBhdXRvY29uZmln
dXJlZCBkcml2ZXIgMgpbICAgIDI1LjUwNF0gKD09KSBNYXRjaGVkIHZlc2EgYXMgYXV0b2NvbmZp
Z3VyZWQgZHJpdmVyIDMKWyAgICAyNS41MDRdICg9PSkgQXNzaWduZWQgdGhlIGRyaXZlciB0byB0
aGUgeGY4NkNvbmZpZ0xheW91dApbICAgIDI1LjUwNF0gKElJKSBMb2FkTW9kdWxlOiAidmJveHZp
ZGVvIgpbICAgIDI1LjUwNF0gKFdXKSBXYXJuaW5nLCBjb3VsZG4ndCBvcGVuIG1vZHVsZSB2Ym94
dmlkZW8KWyAgICAyNS41MDRdIChFRSkgRmFpbGVkIHRvIGxvYWQgbW9kdWxlICJ2Ym94dmlkZW8i
IChtb2R1bGUgZG9lcyBub3QgZXhpc3QsIDApClsgICAgMjUuNTA0XSAoSUkpIExvYWRNb2R1bGU6
ICJtb2Rlc2V0dGluZyIKWyAgICAyNS41MDRdIChJSSkgTG9hZGluZyAvdXNyL2xpYi94b3JnL21v
ZHVsZXMvZHJpdmVycy9tb2Rlc2V0dGluZ19kcnYuc28KWyAgICAyNS41MTNdIChJSSkgTW9kdWxl
IG1vZGVzZXR0aW5nOiB2ZW5kb3I9IlguT3JnIEZvdW5kYXRpb24iClsgICAgMjUuNTEzXSAJY29t
cGlsZWQgZm9yIDEuMjAuMTMsIG1vZHVsZSB2ZXJzaW9uID0gMS4yMC4xMwpbICAgIDI1LjUxM10g
CU1vZHVsZSBjbGFzczogWC5PcmcgVmlkZW8gRHJpdmVyClsgICAgMjUuNTEzXSAJQUJJIGNsYXNz
OiBYLk9yZyBWaWRlbyBEcml2ZXIsIHZlcnNpb24gMjQuMQpbICAgIDI1LjUxM10gKElJKSBMb2Fk
TW9kdWxlOiAiZmJkZXYiClsgICAgMjUuNTEzXSAoSUkpIExvYWRpbmcgL3Vzci9saWIveG9yZy9t
b2R1bGVzL2RyaXZlcnMvZmJkZXZfZHJ2LnNvClsgICAgMjUuNTE2XSAoSUkpIE1vZHVsZSBmYmRl
djogdmVuZG9yPSJYLk9yZyBGb3VuZGF0aW9uIgpbICAgIDI1LjUxNl0gCWNvbXBpbGVkIGZvciAx
LjIwLjEsIG1vZHVsZSB2ZXJzaW9uID0gMC41LjAKWyAgICAyNS41MTZdIAlNb2R1bGUgY2xhc3M6
IFguT3JnIFZpZGVvIERyaXZlcgpbICAgIDI1LjUxNl0gCUFCSSBjbGFzczogWC5PcmcgVmlkZW8g
RHJpdmVyLCB2ZXJzaW9uIDI0LjAKWyAgICAyNS41MTZdIChJSSkgTG9hZE1vZHVsZTogInZlc2Ei
ClsgICAgMjUuNTE2XSAoSUkpIExvYWRpbmcgL3Vzci9saWIveG9yZy9tb2R1bGVzL2RyaXZlcnMv
dmVzYV9kcnYuc28KWyAgICAyNS41MjVdIChJSSkgTW9kdWxlIHZlc2E6IHZlbmRvcj0iWC5Pcmcg
Rm91bmRhdGlvbiIKWyAgICAyNS41MjVdIAljb21waWxlZCBmb3IgMS4yMC40LCBtb2R1bGUgdmVy
c2lvbiA9IDIuNC4wClsgICAgMjUuNTI1XSAJTW9kdWxlIGNsYXNzOiBYLk9yZyBWaWRlbyBEcml2
ZXIKWyAgICAyNS41MjVdIAlBQkkgY2xhc3M6IFguT3JnIFZpZGVvIERyaXZlciwgdmVyc2lvbiAy
NC4wClsgICAgMjUuNTI1XSAoPT0pIE1hdGNoZWQgdmJveHZpZGVvIGFzIGF1dG9jb25maWd1cmVk
IGRyaXZlciAwClsgICAgMjUuNTI1XSAoPT0pIE1hdGNoZWQgbW9kZXNldHRpbmcgYXMgYXV0b2Nv
bmZpZ3VyZWQgZHJpdmVyIDEKWyAgICAyNS41MjVdICg9PSkgTWF0Y2hlZCBmYmRldiBhcyBhdXRv
Y29uZmlndXJlZCBkcml2ZXIgMgpbICAgIDI1LjUyNV0gKD09KSBNYXRjaGVkIHZlc2EgYXMgYXV0
b2NvbmZpZ3VyZWQgZHJpdmVyIDMKWyAgICAyNS41MjVdICg9PSkgQXNzaWduZWQgdGhlIGRyaXZl
ciB0byB0aGUgeGY4NkNvbmZpZ0xheW91dApbICAgIDI1LjUyNV0gKElJKSBMb2FkTW9kdWxlOiAi
dmJveHZpZGVvIgpbICAgIDI1LjUyNV0gKFdXKSBXYXJuaW5nLCBjb3VsZG4ndCBvcGVuIG1vZHVs
ZSB2Ym94dmlkZW8KWyAgICAyNS41MjVdIChFRSkgRmFpbGVkIHRvIGxvYWQgbW9kdWxlICJ2Ym94
dmlkZW8iIChtb2R1bGUgZG9lcyBub3QgZXhpc3QsIDApClsgICAgMjUuNTI1XSAoSUkpIExvYWRN
b2R1bGU6ICJtb2Rlc2V0dGluZyIKWyAgICAyNS41MjVdIChJSSkgTG9hZGluZyAvdXNyL2xpYi94
b3JnL21vZHVsZXMvZHJpdmVycy9tb2Rlc2V0dGluZ19kcnYuc28KWyAgICAyNS41MjVdIChJSSkg
TW9kdWxlIG1vZGVzZXR0aW5nOiB2ZW5kb3I9IlguT3JnIEZvdW5kYXRpb24iClsgICAgMjUuNTI1
XSAJY29tcGlsZWQgZm9yIDEuMjAuMTMsIG1vZHVsZSB2ZXJzaW9uID0gMS4yMC4xMwpbICAgIDI1
LjUyNV0gCU1vZHVsZSBjbGFzczogWC5PcmcgVmlkZW8gRHJpdmVyClsgICAgMjUuNTI1XSAJQUJJ
IGNsYXNzOiBYLk9yZyBWaWRlbyBEcml2ZXIsIHZlcnNpb24gMjQuMQpbICAgIDI1LjUyNV0gKElJ
KSBVbmxvYWRNb2R1bGU6ICJtb2Rlc2V0dGluZyIKWyAgICAyNS41MjVdIChJSSkgVW5sb2FkaW5n
IG1vZGVzZXR0aW5nClsgICAgMjUuNTI1XSAoSUkpIEZhaWxlZCB0byBsb2FkIG1vZHVsZSAibW9k
ZXNldHRpbmciIChhbHJlYWR5IGxvYWRlZCwgMCkKWyAgICAyNS41MjVdIChJSSkgTG9hZE1vZHVs
ZTogImZiZGV2IgpbICAgIDI1LjUyNV0gKElJKSBMb2FkaW5nIC91c3IvbGliL3hvcmcvbW9kdWxl
cy9kcml2ZXJzL2ZiZGV2X2Rydi5zbwpbICAgIDI1LjUyNV0gKElJKSBNb2R1bGUgZmJkZXY6IHZl
bmRvcj0iWC5PcmcgRm91bmRhdGlvbiIKWyAgICAyNS41MjVdIAljb21waWxlZCBmb3IgMS4yMC4x
LCBtb2R1bGUgdmVyc2lvbiA9IDAuNS4wClsgICAgMjUuNTI1XSAJTW9kdWxlIGNsYXNzOiBYLk9y
ZyBWaWRlbyBEcml2ZXIKWyAgICAyNS41MjVdIAlBQkkgY2xhc3M6IFguT3JnIFZpZGVvIERyaXZl
ciwgdmVyc2lvbiAyNC4wClsgICAgMjUuNTI1XSAoSUkpIFVubG9hZE1vZHVsZTogImZiZGV2Igpb
ICAgIDI1LjUyNV0gKElJKSBVbmxvYWRpbmcgZmJkZXYKWyAgICAyNS41MjVdIChJSSkgRmFpbGVk
IHRvIGxvYWQgbW9kdWxlICJmYmRldiIgKGFscmVhZHkgbG9hZGVkLCAwKQpbICAgIDI1LjUyNV0g
KElJKSBMb2FkTW9kdWxlOiAidmVzYSIKWyAgICAyNS41MjVdIChJSSkgTG9hZGluZyAvdXNyL2xp
Yi94b3JnL21vZHVsZXMvZHJpdmVycy92ZXNhX2Rydi5zbwpbICAgIDI1LjUyNV0gKElJKSBNb2R1
bGUgdmVzYTogdmVuZG9yPSJYLk9yZyBGb3VuZGF0aW9uIgpbICAgIDI1LjUyNV0gCWNvbXBpbGVk
IGZvciAxLjIwLjQsIG1vZHVsZSB2ZXJzaW9uID0gMi40LjAKWyAgICAyNS41MjVdIAlNb2R1bGUg
Y2xhc3M6IFguT3JnIFZpZGVvIERyaXZlcgpbICAgIDI1LjUyNV0gCUFCSSBjbGFzczogWC5Pcmcg
VmlkZW8gRHJpdmVyLCB2ZXJzaW9uIDI0LjAKWyAgICAyNS41MjVdIChJSSkgVW5sb2FkTW9kdWxl
OiAidmVzYSIKWyAgICAyNS41MjVdIChJSSkgVW5sb2FkaW5nIHZlc2EKWyAgICAyNS41MjVdIChJ
SSkgRmFpbGVkIHRvIGxvYWQgbW9kdWxlICJ2ZXNhIiAoYWxyZWFkeSBsb2FkZWQsIDApClsgICAg
MjUuNTI1XSAoSUkpIG1vZGVzZXR0aW5nOiBEcml2ZXIgZm9yIE1vZGVzZXR0aW5nIEtlcm5lbCBE
cml2ZXJzOiBrbXMKWyAgICAyNS41MjVdIChJSSkgRkJERVY6IGRyaXZlciBmb3IgZnJhbWVidWZm
ZXI6IGZiZGV2ClsgICAgMjUuNTI1XSAoSUkpIFZFU0E6IGRyaXZlciBmb3IgVkVTQSBjaGlwc2V0
czogdmVzYQpbICAgIDI1LjYxN10gKElJKSBtb2Rlc2V0KDApOiB1c2luZyBkcnYgL2Rldi9kcmkv
Y2FyZDAKWyAgICAyNS42MTddIChXVykgRmFsbGluZyBiYWNrIHRvIG9sZCBwcm9iZSBtZXRob2Qg
Zm9yIGZiZGV2ClsgICAgMjUuNjE3XSAoSUkpIExvYWRpbmcgc3ViIG1vZHVsZSAiZmJkZXZodyIK
WyAgICAyNS42MTddIChJSSkgTG9hZE1vZHVsZTogImZiZGV2aHciClsgICAgMjUuNjE3XSAoSUkp
IExvYWRpbmcgL3Vzci9saWIveG9yZy9tb2R1bGVzL2xpYmZiZGV2aHcuc28KWyAgICAyNS42MjZd
IChJSSkgTW9kdWxlIGZiZGV2aHc6IHZlbmRvcj0iWC5PcmcgRm91bmRhdGlvbiIKWyAgICAyNS42
MjZdIAljb21waWxlZCBmb3IgMS4yMC4xMywgbW9kdWxlIHZlcnNpb24gPSAwLjAuMgpbICAgIDI1
LjYyN10gCUFCSSBjbGFzczogWC5PcmcgVmlkZW8gRHJpdmVyLCB2ZXJzaW9uIDI0LjEKWyAgICAy
NS42MjddIChJSSkgbW9kZXNldCgwKTogQ3JlYXRpbmcgZGVmYXVsdCBEaXNwbGF5IHN1YnNlY3Rp
b24gaW4gU2NyZWVuIHNlY3Rpb24KCSJEZWZhdWx0IFNjcmVlbiBTZWN0aW9uIiBmb3IgZGVwdGgv
ZmJicHAgMjQvMzIKWyAgICAyNS42MjddICg9PSkgbW9kZXNldCgwKTogRGVwdGggMjQsICg9PSkg
ZnJhbWVidWZmZXIgYnBwIDMyClsgICAgMjUuNjI3XSAoPT0pIG1vZGVzZXQoMCk6IFJHQiB3ZWln
aHQgODg4ClsgICAgMjUuNjI3XSAoPT0pIG1vZGVzZXQoMCk6IERlZmF1bHQgdmlzdWFsIGlzIFRy
dWVDb2xvcgpbICAgIDI1LjYyN10gKElJKSBMb2FkaW5nIHN1YiBtb2R1bGUgImdsYW1vcmVnbCIK
WyAgICAyNS42MjddIChJSSkgTG9hZE1vZHVsZTogImdsYW1vcmVnbCIKWyAgICAyNS42MjddIChJ
SSkgTG9hZGluZyAvdXNyL2xpYi94b3JnL21vZHVsZXMvbGliZ2xhbW9yZWdsLnNvClsgICAgMjUu
NjcyXSAoSUkpIE1vZHVsZSBnbGFtb3JlZ2w6IHZlbmRvcj0iWC5PcmcgRm91bmRhdGlvbiIKWyAg
ICAyNS42NzJdIAljb21waWxlZCBmb3IgMS4yMC4xMywgbW9kdWxlIHZlcnNpb24gPSAxLjAuMQpb
ICAgIDI1LjY3Ml0gCUFCSSBjbGFzczogWC5PcmcgQU5TSSBDIEVtdWxhdGlvbiwgdmVyc2lvbiAw
LjQKWyAgICAyNy41MzBdIChJSSkgbW9kZXNldCgwKTogUmVmdXNpbmcgdG8gdHJ5IGdsYW1vciBv
biBsbHZtcGlwZQpbICAgIDI3LjU1Nl0gKEVFKSBtb2Rlc2V0KDApOiBnbGFtb3IgaW5pdGlhbGl6
YXRpb24gZmFpbGVkClsgICAgMjcuNTU2XSAoSUkpIG1vZGVzZXQoMCk6IFNoYWRvd0ZCOiBwcmVm
ZXJyZWQgTk8sIGVuYWJsZWQgTk8KWyAgICAyNy41NTddIChJSSkgbW9kZXNldCgwKTogT3V0cHV0
IFZHQS0xIGhhcyBubyBtb25pdG9yIHNlY3Rpb24KWyAgICAyNy41NThdIChJSSkgbW9kZXNldCgw
KTogRURJRCBmb3Igb3V0cHV0IFZHQS0xClsgICAgMjcuNTU4XSAoSUkpIG1vZGVzZXQoMCk6IE1h
bnVmYWN0dXJlcjogVkJYICBNb2RlbDogMCAgU2VyaWFsIzogNTAzMzI2NzIKWyAgICAyNy41NThd
IChJSSkgbW9kZXNldCgwKTogWWVhcjogMTk5MCAgV2VlazogMQpbICAgIDI3LjU1OF0gKElJKSBt
b2Rlc2V0KDApOiBFRElEIFZlcnNpb246IDEuMwpbICAgIDI3LjU1OF0gKElJKSBtb2Rlc2V0KDAp
OiBEaWdpdGFsIERpc3BsYXkgSW5wdXQKWyAgICAyNy41NThdIChJSSkgbW9kZXNldCgwKTogSW5k
ZXRlcm1pbmF0ZSBvdXRwdXQgc2l6ZQpbICAgIDI3LjU1OF0gKElJKSBtb2Rlc2V0KDApOiBHYW1t
YTogMi4yMApbICAgIDI3LjU1OF0gKElJKSBtb2Rlc2V0KDApOiBEUE1TIGNhcGFiaWxpdGllczog
U3RhbmRCeSBTdXNwZW5kIE9mZgpbICAgIDI3LjU1OF0gKElJKSBtb2Rlc2V0KDApOiBTdXBwb3J0
ZWQgY29sb3IgZW5jb2RpbmdzOiBSR0IgNDo0OjQgWUNyQ2IgNDo0OjQgClsgICAgMjcuNTU4XSAo
SUkpIG1vZGVzZXQoMCk6IERlZmF1bHQgY29sb3Igc3BhY2UgaXMgcHJpbWFyeSBjb2xvciBzcGFj
ZQpbICAgIDI3LjU1OF0gKElJKSBtb2Rlc2V0KDApOiBGaXJzdCBkZXRhaWxlZCB0aW1pbmcgaXMg
cHJlZmVycmVkIG1vZGUKWyAgICAyNy41NThdIChJSSkgbW9kZXNldCgwKTogcmVkWDogMC42NDAg
cmVkWTogMC4zMzAgICBncmVlblg6IDAuMzAwIGdyZWVuWTogMC42MDAKWyAgICAyNy41NThdIChJ
SSkgbW9kZXNldCgwKTogYmx1ZVg6IDAuMTUwIGJsdWVZOiAwLjA2MCAgIHdoaXRlWDogMC4zMTIg
d2hpdGVZOiAwLjMyOQpbICAgIDI3LjU1OF0gKElJKSBtb2Rlc2V0KDApOiBNYW51ZmFjdHVyZXIn
cyBtYXNrOiAwClsgICAgMjcuNTU4XSAoSUkpIG1vZGVzZXQoMCk6IFN1cHBvcnRlZCBkZXRhaWxl
ZCB0aW1pbmc6ClsgICAgMjcuNTU4XSAoSUkpIG1vZGVzZXQoMCk6IGNsb2NrOiA0Ny44IE1IeiAg
IEltYWdlIFNpemU6ICAwIHggMCBtbQpbICAgIDI3LjU1OF0gKElJKSBtb2Rlc2V0KDApOiBoX2Fj
dGl2ZTogMTAyNCAgaF9zeW5jOiAxMDI2ICBoX3N5bmNfZW5kIDEwMjggaF9ibGFua19lbmQgMTAz
MCBoX2JvcmRlcjogMApbICAgIDI3LjU1OF0gKElJKSBtb2Rlc2V0KDApOiB2X2FjdGl2ZTogNzY4
ICB2X3N5bmM6IDc2OCAgdl9zeW5jX2VuZCA4MDIgdl9ibGFua2luZzogNzc0IHZfYm9yZGVyOiAw
ClsgICAgMjcuNTU4XSAoSUkpIG1vZGVzZXQoMCk6IFJhbmdlczogViBtaW46IDAgViBtYXg6IDIw
MCBIeiwgSCBtaW46IDAgSCBtYXg6IDIwMCBrSHosIFBpeENsb2NrIG1heCAxMDA1IE1IegpbICAg
IDI3LjU1OF0gKElJKSBtb2Rlc2V0KDApOiBNb25pdG9yIG5hbWU6IFZCT1ggbW9uaXRvcgpbICAg
IDI3LjU1OF0gKElJKSBtb2Rlc2V0KDApOiBFRElEIChpbiBoZXgpOgpbICAgIDI3LjU1OF0gKElJ
KSBtb2Rlc2V0KDApOiAJMDBmZmZmZmZmZmZmZmYwMDU4NTgwMDAwMDAwNDAwMDMKWyAgICAyNy41
NThdIChJSSkgbW9kZXNldCgwKTogCTAxMDAwMTAzODAwMDAwNzhlZWVlOTFhMzU0NGM5OTI2Clsg
ICAgMjcuNTU4XSAoSUkpIG1vZGVzZXQoMCk6IAkwZjUwNTQwMDAwMDAwMTAxMDEwMTAxMDEwMTAx
MDEwMQpbICAgIDI3LjU1OF0gKElJKSBtb2Rlc2V0KDApOiAJMDEwMTAxMDEwMTAxYWYxMjAwMDY0
MDAwMDYzMDAyMDIKWyAgICAyNy41NThdIChJSSkgbW9kZXNldCgwKTogCTAyMDIwMDAwMDAwMDAw
MDAwMDAwMDBmZDAwMDBjODAwClsgICAgMjcuNTU4XSAoSUkpIG1vZGVzZXQoMCk6IAljODY0MDAw
YTIwMjAyMDIwMjAyMDAwMDAwMGZjMDA1NgpbICAgIDI3LjU1OF0gKElJKSBtb2Rlc2V0KDApOiAJ
NDI0ZjU4MjA2ZDZmNmU2OTc0NmY3MjBhMDAwMDAwMTAKWyAgICAyNy41NThdIChJSSkgbW9kZXNl
dCgwKTogCTAwMGEyMDIwMjAyMDIwMjAyMDIwMjAyMDIwMjAwMDE5ClsgICAgMjcuNTU4XSAoSUkp
IG1vZGVzZXQoMCk6IFByaW50aW5nIHByb2JlZCBtb2RlcyBmb3Igb3V0cHV0IFZHQS0xClsgICAg
MjcuNTU5XSAoSUkpIG1vZGVzZXQoMCk6IE1vZGVsaW5lICIxMDI0eDc2OCJ4NTkuOSAgIDYzLjUz
ICAxMDI0IDEwNzIgMTE3NiAxMzI4ICA3NjggNzcxIDc3NSA3OTggLWhzeW5jICt2c3luYyAoNDcu
OCBrSHogUCkKWyAgICAyNy41NTldIChJSSkgbW9kZXNldCgwKTogTW9kZWxpbmUgIjI1NjB4MTYw
MCJ4NjAuMCAgMzQ4LjUwICAyNTYwIDI3NTIgMzAzMiAzNTA0ICAxNjAwIDE2MDMgMTYwOSAxNjU4
IC1oc3luYyArdnN5bmMgKDk5LjUga0h6IGUpClsgICAgMjcuNTU5XSAoSUkpIG1vZGVzZXQoMCk6
IE1vZGVsaW5lICIyNTYweDE2MDAieDYwLjAgIDI2OC41MCAgMjU2MCAyNjA4IDI2NDAgMjcyMCAg
MTYwMCAxNjAzIDE2MDkgMTY0NiAraHN5bmMgLXZzeW5jICg5OC43IGtIeiBlKQpbICAgIDI3LjU1
OV0gKElJKSBtb2Rlc2V0KDApOiBNb2RlbGluZSAiMTkyMHgxNDQwIng2MC4wICAyMzQuMDAgIDE5
MjAgMjA0OCAyMjU2IDI2MDAgIDE0NDAgMTQ0MSAxNDQ0IDE1MDAgLWhzeW5jICt2c3luYyAoOTAu
MCBrSHogZSkKWyAgICAyNy41NTldIChJSSkgbW9kZXNldCgwKTogTW9kZWxpbmUgIjE4NTZ4MTM5
MiJ4NjAuMCAgMjE4LjI1ICAxODU2IDE5NTIgMjE3NiAyNTI4ICAxMzkyIDEzOTMgMTM5NiAxNDM5
IC1oc3luYyArdnN5bmMgKDg2LjMga0h6IGUpClsgICAgMjcuNTU5XSAoSUkpIG1vZGVzZXQoMCk6
IE1vZGVsaW5lICIxNzkyeDEzNDQieDYwLjAgIDIwNC43NSAgMTc5MiAxOTIwIDIxMjAgMjQ0OCAg
MTM0NCAxMzQ1IDEzNDggMTM5NCAtaHN5bmMgK3ZzeW5jICg4My42IGtIeiBlKQpbICAgIDI3LjU1
OV0gKElJKSBtb2Rlc2V0KDApOiBNb2RlbGluZSAiMjA0OHgxMTUyIng2MC4wICAxNjIuMDAgIDIw
NDggMjA3NCAyMTU0IDIyNTAgIDExNTIgMTE1MyAxMTU2IDEyMDAgK2hzeW5jICt2c3luYyAoNzIu
MCBrSHogZSkKWyAgICAyNy41NTldIChJSSkgbW9kZXNldCgwKTogTW9kZWxpbmUgIjE5MjB4MTIw
MCJ4NTkuOSAgMTkzLjI1ICAxOTIwIDIwNTYgMjI1NiAyNTkyICAxMjAwIDEyMDMgMTIwOSAxMjQ1
IC1oc3luYyArdnN5bmMgKDc0LjYga0h6IGUpClsgICAgMjcuNTU5XSAoSUkpIG1vZGVzZXQoMCk6
IE1vZGVsaW5lICIxOTIweDEyMDAieDYwLjAgIDE1NC4wMCAgMTkyMCAxOTY4IDIwMDAgMjA4MCAg
MTIwMCAxMjAzIDEyMDkgMTIzNSAraHN5bmMgLXZzeW5jICg3NC4wIGtIeiBlKQpbICAgIDI3LjU1
OV0gKElJKSBtb2Rlc2V0KDApOiBNb2RlbGluZSAiMTkyMHgxMDgwIng2MC4wICAxNDguNTAgIDE5
MjAgMjAwOCAyMDUyIDIyMDAgIDEwODAgMTA4NCAxMDg5IDExMjUgLWhzeW5jIC12c3luYyAoNjcu
NSBrSHogZSkKWyAgICAyNy41NTldIChJSSkgbW9kZXNldCgwKTogTW9kZWxpbmUgIjE2MDB4MTIw
MCJ4NjAuMCAgMTYyLjAwICAxNjAwIDE2NjQgMTg1NiAyMTYwICAxMjAwIDEyMDEgMTIwNCAxMjUw
ICtoc3luYyArdnN5bmMgKDc1LjAga0h6IGUpClsgICAgMjcuNTU5XSAoSUkpIG1vZGVzZXQoMCk6
IE1vZGVsaW5lICIxNjgweDEwNTAieDYwLjAgIDE0Ni4yNSAgMTY4MCAxNzg0IDE5NjAgMjI0MCAg
MTA1MCAxMDUzIDEwNTkgMTA4OSAtaHN5bmMgK3ZzeW5jICg2NS4zIGtIeiBlKQpbICAgIDI3LjU1
OV0gKElJKSBtb2Rlc2V0KDApOiBNb2RlbGluZSAiMTY4MHgxMDUwIng1OS45ICAxMTkuMDAgIDE2
ODAgMTcyOCAxNzYwIDE4NDAgIDEwNTAgMTA1MyAxMDU5IDEwODAgK2hzeW5jIC12c3luYyAoNjQu
NyBrSHogZSkKWyAgICAyNy41NTldIChJSSkgbW9kZXNldCgwKTogTW9kZWxpbmUgIjE0MDB4MTA1
MCJ4NjAuMCAgMTIxLjc1ICAxNDAwIDE0ODggMTYzMiAxODY0ICAxMDUwIDEwNTMgMTA1NyAxMDg5
IC1oc3luYyArdnN5bmMgKDY1LjMga0h6IGUpClsgICAgMjcuNTU5XSAoSUkpIG1vZGVzZXQoMCk6
IE1vZGVsaW5lICIxNDAweDEwNTAieDU5LjkgIDEwMS4wMCAgMTQwMCAxNDQ4IDE0ODAgMTU2MCAg
MTA1MCAxMDUzIDEwNTcgMTA4MCAraHN5bmMgLXZzeW5jICg2NC43IGtIeiBlKQpbICAgIDI3LjU1
OV0gKElJKSBtb2Rlc2V0KDApOiBNb2RlbGluZSAiMTYwMHg5MDAieDYwLjAgIDEwOC4wMCAgMTYw
MCAxNjI0IDE3MDQgMTgwMCAgOTAwIDkwMSA5MDQgMTAwMCAraHN5bmMgK3ZzeW5jICg2MC4wIGtI
eiBlKQpbICAgIDI3LjU1OV0gKElJKSBtb2Rlc2V0KDApOiBNb2RlbGluZSAiMTI4MHgxMDI0Ing2
MC4wICAxMDguMDAgIDEyODAgMTMyOCAxNDQwIDE2ODggIDEwMjQgMTAyNSAxMDI4IDEwNjYgK2hz
eW5jICt2c3luYyAoNjQuMCBrSHogZSkKWyAgICAyNy41NTldIChJSSkgbW9kZXNldCgwKTogTW9k
ZWxpbmUgIjE0NDB4OTAwIng1OS45ICAxMDYuNTAgIDE0NDAgMTUyMCAxNjcyIDE5MDQgIDkwMCA5
MDMgOTA5IDkzNCAtaHN5bmMgK3ZzeW5jICg1NS45IGtIeiBlKQpbICAgIDI3LjU1OV0gKElJKSBt
b2Rlc2V0KDApOiBNb2RlbGluZSAiMTQ0MHg5MDAieDU5LjkgICA4OC43NSAgMTQ0MCAxNDg4IDE1
MjAgMTYwMCAgOTAwIDkwMyA5MDkgOTI2ICtoc3luYyAtdnN5bmMgKDU1LjUga0h6IGUpClsgICAg
MjcuNTU5XSAoSUkpIG1vZGVzZXQoMCk6IE1vZGVsaW5lICIxMjgweDk2MCJ4NjAuMCAgMTA4LjAw
ICAxMjgwIDEzNzYgMTQ4OCAxODAwICA5NjAgOTYxIDk2NCAxMDAwICtoc3luYyArdnN5bmMgKDYw
LjAga0h6IGUpClsgICAgMjcuNTU5XSAoSUkpIG1vZGVzZXQoMCk6IE1vZGVsaW5lICIxMzY2eDc2
OCJ4NTkuOCAgIDg1LjUwICAxMzY2IDE0MzYgMTU3OSAxNzkyICA3NjggNzcxIDc3NCA3OTggK2hz
eW5jICt2c3luYyAoNDcuNyBrSHogZSkKWyAgICAyNy41NTldIChJSSkgbW9kZXNldCgwKTogTW9k
ZWxpbmUgIjEzNjZ4NzY4Ing2MC4wICAgNzIuMDAgIDEzNjYgMTM4MCAxNDM2IDE1MDAgIDc2OCA3
NjkgNzcyIDgwMCAraHN5bmMgK3ZzeW5jICg0OC4wIGtIeiBlKQpbICAgIDI3LjU1OV0gKElJKSBt
b2Rlc2V0KDApOiBNb2RlbGluZSAiMTM2MHg3NjgieDYwLjAgICA4NS41MCAgMTM2MCAxNDI0IDE1
MzYgMTc5MiAgNzY4IDc3MSA3NzcgNzk1ICtoc3luYyArdnN5bmMgKDQ3Ljcga0h6IGUpClsgICAg
MjcuNTU5XSAoSUkpIG1vZGVzZXQoMCk6IE1vZGVsaW5lICIxMjgweDgwMCJ4NTkuOCAgIDgzLjUw
ICAxMjgwIDEzNTIgMTQ4MCAxNjgwICA4MDAgODAzIDgwOSA4MzEgLWhzeW5jICt2c3luYyAoNDku
NyBrSHogZSkKWyAgICAyNy41NTldIChJSSkgbW9kZXNldCgwKTogTW9kZWxpbmUgIjEyODB4ODAw
Ing1OS45ICAgNzEuMDAgIDEyODAgMTMyOCAxMzYwIDE0NDAgIDgwMCA4MDMgODA5IDgyMyAraHN5
bmMgLXZzeW5jICg0OS4zIGtIeiBlKQpbICAgIDI3LjU1OV0gKElJKSBtb2Rlc2V0KDApOiBNb2Rl
bGluZSAiMTI4MHg3NjgieDU5LjkgICA3OS41MCAgMTI4MCAxMzQ0IDE0NzIgMTY2NCAgNzY4IDc3
MSA3NzggNzk4IC1oc3luYyArdnN5bmMgKDQ3Ljgga0h6IGUpClsgICAgMjcuNTU5XSAoSUkpIG1v
ZGVzZXQoMCk6IE1vZGVsaW5lICIxMjgweDc2OCJ4NjAuMCAgIDY4LjI1ICAxMjgwIDEzMjggMTM2
MCAxNDQwICA3NjggNzcxIDc3OCA3OTAgK2hzeW5jIC12c3luYyAoNDcuNCBrSHogZSkKWyAgICAy
Ny41NTldIChJSSkgbW9kZXNldCgwKTogTW9kZWxpbmUgIjEyODB4NzIwIng2MC4wICAgNzQuMjUg
IDEyODAgMTM5MCAxNDMwIDE2NTAgIDcyMCA3MjUgNzMwIDc1MCAraHN5bmMgK3ZzeW5jICg0NS4w
IGtIeiBlKQpbICAgIDI3LjU1OV0gKElJKSBtb2Rlc2V0KDApOiBNb2RlbGluZSAiMTAyNHg3Njgi
eDYwLjAgICA2NS4wMCAgMTAyNCAxMDQ4IDExODQgMTM0NCAgNzY4IDc3MSA3NzcgODA2IC1oc3lu
YyAtdnN5bmMgKDQ4LjQga0h6IGUpClsgICAgMjcuNTU5XSAoSUkpIG1vZGVzZXQoMCk6IE1vZGVs
aW5lICI4MDB4NjAwIng2MC4zICAgNDAuMDAgIDgwMCA4NDAgOTY4IDEwNTYgIDYwMCA2MDEgNjA1
IDYyOCAraHN5bmMgK3ZzeW5jICgzNy45IGtIeiBlKQpbICAgIDI3LjU1OV0gKElJKSBtb2Rlc2V0
KDApOiBNb2RlbGluZSAiODAweDYwMCJ4NTYuMiAgIDM2LjAwICA4MDAgODI0IDg5NiAxMDI0ICA2
MDAgNjAxIDYwMyA2MjUgK2hzeW5jICt2c3luYyAoMzUuMiBrSHogZSkKWyAgICAyNy41NTldIChJ
SSkgbW9kZXNldCgwKTogTW9kZWxpbmUgIjg0OHg0ODAieDYwLjAgICAzMy43NSAgODQ4IDg2NCA5
NzYgMTA4OCAgNDgwIDQ4NiA0OTQgNTE3ICtoc3luYyArdnN5bmMgKDMxLjAga0h6IGUpClsgICAg
MjcuNTU5XSAoSUkpIG1vZGVzZXQoMCk6IE1vZGVsaW5lICI2NDB4NDgwIng1OS45ICAgMjUuMTgg
IDY0MCA2NTYgNzUyIDgwMCAgNDgwIDQ5MCA0OTIgNTI1IC1oc3luYyAtdnN5bmMgKDMxLjUga0h6
IGUpClsgICAgMjcuNTU5XSAoSUkpIG1vZGVzZXQoMCk6IE91dHB1dCBWR0EtMSBjb25uZWN0ZWQK
WyAgICAyNy41NTldIChJSSkgbW9kZXNldCgwKTogVXNpbmcgZXhhY3Qgc2l6ZXMgZm9yIGluaXRp
YWwgbW9kZXMKWyAgICAyNy41NTldIChJSSkgbW9kZXNldCgwKTogT3V0cHV0IFZHQS0xIHVzaW5n
IGluaXRpYWwgbW9kZSAxMDI0eDc2OCArMCswClsgICAgMjcuNTU5XSAoPT0pIG1vZGVzZXQoMCk6
IFVzaW5nIGdhbW1hIGNvcnJlY3Rpb24gKDEuMCwgMS4wLCAxLjApClsgICAgMjcuNTU5XSAoPT0p
IG1vZGVzZXQoMCk6IERQSSBzZXQgdG8gKDk2LCA5NikKWyAgICAyNy41NTldIChJSSkgTG9hZGlu
ZyBzdWIgbW9kdWxlICJmYiIKWyAgICAyNy41NTldIChJSSkgTG9hZE1vZHVsZTogImZiIgpbICAg
IDI3LjU1OV0gKElJKSBMb2FkaW5nIC91c3IvbGliL3hvcmcvbW9kdWxlcy9saWJmYi5zbwpbICAg
IDI3LjU2NV0gKElJKSBNb2R1bGUgZmI6IHZlbmRvcj0iWC5PcmcgRm91bmRhdGlvbiIKWyAgICAy
Ny41NjVdIAljb21waWxlZCBmb3IgMS4yMC4xMywgbW9kdWxlIHZlcnNpb24gPSAxLjAuMApbICAg
IDI3LjU2NV0gCUFCSSBjbGFzczogWC5PcmcgQU5TSSBDIEVtdWxhdGlvbiwgdmVyc2lvbiAwLjQK
WyAgICAyNy41NjVdIChJSSkgVW5sb2FkTW9kdWxlOiAiZmJkZXYiClsgICAgMjcuNTY1XSAoSUkp
IFVubG9hZGluZyBmYmRldgpbICAgIDI3LjU2NV0gKElJKSBVbmxvYWRTdWJNb2R1bGU6ICJmYmRl
dmh3IgpbICAgIDI3LjU2NV0gKElJKSBVbmxvYWRpbmcgZmJkZXZodwpbICAgIDI3LjU2NV0gKElJ
KSBVbmxvYWRNb2R1bGU6ICJ2ZXNhIgpbICAgIDI3LjU2NV0gKElJKSBVbmxvYWRpbmcgdmVzYQpb
ICAgIDI3LjU3NV0gKD09KSBtb2Rlc2V0KDApOiBCYWNraW5nIHN0b3JlIGVuYWJsZWQKWyAgICAy
Ny41NzVdICg9PSkgbW9kZXNldCgwKTogU2lsa2VuIG1vdXNlIGVuYWJsZWQKWyAgICAyNy41Nzdd
IChJSSkgbW9kZXNldCgwKTogSW5pdGlhbGl6aW5nIGttcyBjb2xvciBtYXAgZm9yIGRlcHRoIDI0
LCA4IGJwYy4KWyAgICAyNy41NzddICg9PSkgbW9kZXNldCgwKTogRFBNUyBlbmFibGVkClsgICAg
MjcuNTc3XSAoSUkpIEluaXRpYWxpemluZyBleHRlbnNpb24gR2VuZXJpYyBFdmVudCBFeHRlbnNp
b24KWyAgICAyNy41NzddIChJSSkgSW5pdGlhbGl6aW5nIGV4dGVuc2lvbiBTSEFQRQpbICAgIDI3
LjU3N10gKElJKSBJbml0aWFsaXppbmcgZXh0ZW5zaW9uIE1JVC1TSE0KWyAgICAyNy41NzddIChJ
SSkgSW5pdGlhbGl6aW5nIGV4dGVuc2lvbiBYSW5wdXRFeHRlbnNpb24KWyAgICAyNy41NzhdIChJ
SSkgSW5pdGlhbGl6aW5nIGV4dGVuc2lvbiBYVEVTVApbICAgIDI3LjU3OF0gKElJKSBJbml0aWFs
aXppbmcgZXh0ZW5zaW9uIEJJRy1SRVFVRVNUUwpbICAgIDI3LjU3OF0gKElJKSBJbml0aWFsaXpp
bmcgZXh0ZW5zaW9uIFNZTkMKWyAgICAyNy41NzldIChJSSkgSW5pdGlhbGl6aW5nIGV4dGVuc2lv
biBYS0VZQk9BUkQKWyAgICAyNy41NzldIChJSSkgSW5pdGlhbGl6aW5nIGV4dGVuc2lvbiBYQy1N
SVNDClsgICAgMjcuNTc5XSAoSUkpIEluaXRpYWxpemluZyBleHRlbnNpb24gU0VDVVJJVFkKWyAg
ICAyNy41NzldIChJSSkgSW5pdGlhbGl6aW5nIGV4dGVuc2lvbiBYRklYRVMKWyAgICAyNy41ODBd
IChJSSkgSW5pdGlhbGl6aW5nIGV4dGVuc2lvbiBSRU5ERVIKWyAgICAyNy41ODBdIChJSSkgSW5p
dGlhbGl6aW5nIGV4dGVuc2lvbiBSQU5EUgpbICAgIDI3LjU4MF0gKElJKSBJbml0aWFsaXppbmcg
ZXh0ZW5zaW9uIENPTVBPU0lURQpbICAgIDI3LjU4MF0gKElJKSBJbml0aWFsaXppbmcgZXh0ZW5z
aW9uIERBTUFHRQpbICAgIDI3LjU4MV0gKElJKSBJbml0aWFsaXppbmcgZXh0ZW5zaW9uIE1JVC1T
Q1JFRU4tU0FWRVIKWyAgICAyNy41ODFdIChJSSkgSW5pdGlhbGl6aW5nIGV4dGVuc2lvbiBET1VC
TEUtQlVGRkVSClsgICAgMjcuNTgxXSAoSUkpIEluaXRpYWxpemluZyBleHRlbnNpb24gUkVDT1JE
ClsgICAgMjcuNTgxXSAoSUkpIEluaXRpYWxpemluZyBleHRlbnNpb24gRFBNUwpbICAgIDI3LjU4
MV0gKElJKSBJbml0aWFsaXppbmcgZXh0ZW5zaW9uIFByZXNlbnQKWyAgICAyNy41ODFdIChJSSkg
SW5pdGlhbGl6aW5nIGV4dGVuc2lvbiBEUkkzClsgICAgMjcuNTgxXSAoSUkpIEluaXRpYWxpemlu
ZyBleHRlbnNpb24gWC1SZXNvdXJjZQpbICAgIDI3LjU4Ml0gKElJKSBJbml0aWFsaXppbmcgZXh0
ZW5zaW9uIFhWaWRlbwpbICAgIDI3LjU4Ml0gKElJKSBJbml0aWFsaXppbmcgZXh0ZW5zaW9uIFhW
aWRlby1Nb3Rpb25Db21wZW5zYXRpb24KWyAgICAyNy41ODJdIChJSSkgSW5pdGlhbGl6aW5nIGV4
dGVuc2lvbiBTRUxpbnV4ClsgICAgMjcuNTgyXSAoSUkpIFNFTGludXg6IERpc2FibGVkIG9uIHN5
c3RlbQpbICAgIDI3LjU4Ml0gKElJKSBJbml0aWFsaXppbmcgZXh0ZW5zaW9uIEdMWApbICAgIDI3
LjU4Ml0gKElJKSBBSUdMWDogU2NyZWVuIDAgaXMgbm90IERSSTIgY2FwYWJsZQpbICAgIDI3LjYz
N10gKElJKSBJR0xYOiBMb2FkZWQgYW5kIGluaXRpYWxpemVkIHN3cmFzdApbICAgIDI3LjYzOF0g
KElJKSBHTFg6IEluaXRpYWxpemVkIERSSVNXUkFTVCBHTCBwcm92aWRlciBmb3Igc2NyZWVuIDAK
WyAgICAyNy42MzhdIChJSSkgSW5pdGlhbGl6aW5nIGV4dGVuc2lvbiBYRnJlZTg2LVZpZE1vZGVF
eHRlbnNpb24KWyAgICAyNy42MzhdIChJSSkgSW5pdGlhbGl6aW5nIGV4dGVuc2lvbiBYRnJlZTg2
LURHQQpbICAgIDI3LjYzOF0gKElJKSBJbml0aWFsaXppbmcgZXh0ZW5zaW9uIFhGcmVlODYtRFJJ
ClsgICAgMjcuNjQ0XSAoSUkpIEluaXRpYWxpemluZyBleHRlbnNpb24gRFJJMgpbICAgIDI3LjY0
NF0gKElJKSBtb2Rlc2V0KDApOiBEYW1hZ2UgdHJhY2tpbmcgaW5pdGlhbGl6ZWQKWyAgICAyNy42
NDRdIChJSSkgbW9kZXNldCgwKTogU2V0dGluZyBzY3JlZW4gcGh5c2ljYWwgc2l6ZSB0byAyNzAg
eCAyMDMKWyAgICAyOC4wNTNdIChJSSkgY29uZmlnL3VkZXY6IEFkZGluZyBpbnB1dCBkZXZpY2Ug
UG93ZXIgQnV0dG9uICgvZGV2L2lucHV0L2V2ZW50MCkKWyAgICAyOC4wNTNdICgqKikgUG93ZXIg
QnV0dG9uOiBBcHBseWluZyBJbnB1dENsYXNzICJsaWJpbnB1dCBrZXlib2FyZCBjYXRjaGFsbCIK
WyAgICAyOC4wNTNdIChJSSkgTG9hZE1vZHVsZTogImxpYmlucHV0IgpbICAgIDI4LjA1M10gKElJ
KSBMb2FkaW5nIC91c3IvbGliL3hvcmcvbW9kdWxlcy9pbnB1dC9saWJpbnB1dF9kcnYuc28KWyAg
ICAyOC4xMTRdIChJSSkgTW9kdWxlIGxpYmlucHV0OiB2ZW5kb3I9IlguT3JnIEZvdW5kYXRpb24i
ClsgICAgMjguMTE0XSAJY29tcGlsZWQgZm9yIDEuMjAuNCwgbW9kdWxlIHZlcnNpb24gPSAwLjI5
LjAKWyAgICAyOC4xMTRdIAlNb2R1bGUgY2xhc3M6IFguT3JnIFhJbnB1dCBEcml2ZXIKWyAgICAy
OC4xMTRdIAlBQkkgY2xhc3M6IFguT3JnIFhJbnB1dCBkcml2ZXIsIHZlcnNpb24gMjQuMQpbICAg
IDI4LjExNF0gKElJKSBVc2luZyBpbnB1dCBkcml2ZXIgJ2xpYmlucHV0JyBmb3IgJ1Bvd2VyIEJ1
dHRvbicKWyAgICAyOC4xMTRdICgqKikgUG93ZXIgQnV0dG9uOiBhbHdheXMgcmVwb3J0cyBjb3Jl
IGV2ZW50cwpbICAgIDI4LjExNF0gKCoqKSBPcHRpb24gIkRldmljZSIgIi9kZXYvaW5wdXQvZXZl
bnQwIgpbICAgIDI4LjExN10gKCoqKSBPcHRpb24gIl9zb3VyY2UiICJzZXJ2ZXIvdWRldiIKWyAg
ICAyOC4xNTJdIChJSSkgZXZlbnQwICAtIFBvd2VyIEJ1dHRvbjogaXMgdGFnZ2VkIGJ5IHVkZXYg
YXM6IEtleWJvYXJkClsgICAgMjguMTUyXSAoSUkpIGV2ZW50MCAgLSBQb3dlciBCdXR0b246IGRl
dmljZSBpcyBhIGtleWJvYXJkClsgICAgMjguMTUyXSAoSUkpIGV2ZW50MCAgLSBQb3dlciBCdXR0
b246IGRldmljZSByZW1vdmVkClsgICAgMjguMTYxXSAoKiopIE9wdGlvbiAiY29uZmlnX2luZm8i
ICJ1ZGV2Oi9zeXMvZGV2aWNlcy9MTlhTWVNUTTowMC9MTlhQV1JCTjowMC9pbnB1dC9pbnB1dDAv
ZXZlbnQwIgpbICAgIDI4LjE2MV0gKElJKSBYSU5QVVQ6IEFkZGluZyBleHRlbmRlZCBpbnB1dCBk
ZXZpY2UgIlBvd2VyIEJ1dHRvbiIgKHR5cGU6IEtFWUJPQVJELCBpZCA2KQpbICAgIDI4LjE2MV0g
KCoqKSBPcHRpb24gInhrYl9tb2RlbCIgInBjMTA1IgpbICAgIDI4LjE2MV0gKCoqKSBPcHRpb24g
InhrYl9sYXlvdXQiICJ1cyIKWyAgICAyOC4xNjFdIChJSSkgZXZlbnQwICAtIFBvd2VyIEJ1dHRv
bjogaXMgdGFnZ2VkIGJ5IHVkZXYgYXM6IEtleWJvYXJkClsgICAgMjguMTYxXSAoSUkpIGV2ZW50
MCAgLSBQb3dlciBCdXR0b246IGRldmljZSBpcyBhIGtleWJvYXJkClsgICAgMjguMTYyXSAoSUkp
IGNvbmZpZy91ZGV2OiBBZGRpbmcgaW5wdXQgZGV2aWNlIFNsZWVwIEJ1dHRvbiAoL2Rldi9pbnB1
dC9ldmVudDEpClsgICAgMjguMTYyXSAoKiopIFNsZWVwIEJ1dHRvbjogQXBwbHlpbmcgSW5wdXRD
bGFzcyAibGliaW5wdXQga2V5Ym9hcmQgY2F0Y2hhbGwiClsgICAgMjguMTYyXSAoSUkpIFVzaW5n
IGlucHV0IGRyaXZlciAnbGliaW5wdXQnIGZvciAnU2xlZXAgQnV0dG9uJwpbICAgIDI4LjE2Ml0g
KCoqKSBTbGVlcCBCdXR0b246IGFsd2F5cyByZXBvcnRzIGNvcmUgZXZlbnRzClsgICAgMjguMTYy
XSAoKiopIE9wdGlvbiAiRGV2aWNlIiAiL2Rldi9pbnB1dC9ldmVudDEiClsgICAgMjguMTYyXSAo
KiopIE9wdGlvbiAiX3NvdXJjZSIgInNlcnZlci91ZGV2IgpbICAgIDI4LjE2Ml0gKElJKSBldmVu
dDEgIC0gU2xlZXAgQnV0dG9uOiBpcyB0YWdnZWQgYnkgdWRldiBhczogS2V5Ym9hcmQKWyAgICAy
OC4xNjJdIChJSSkgZXZlbnQxICAtIFNsZWVwIEJ1dHRvbjogZGV2aWNlIGlzIGEga2V5Ym9hcmQK
WyAgICAyOC4xNjJdIChJSSkgZXZlbnQxICAtIFNsZWVwIEJ1dHRvbjogZGV2aWNlIHJlbW92ZWQK
WyAgICAyOC4xODNdICgqKikgT3B0aW9uICJjb25maWdfaW5mbyIgInVkZXY6L3N5cy9kZXZpY2Vz
L0xOWFNZU1RNOjAwL0xOWFNMUEJOOjAwL2lucHV0L2lucHV0MS9ldmVudDEiClsgICAgMjguMTgz
XSAoSUkpIFhJTlBVVDogQWRkaW5nIGV4dGVuZGVkIGlucHV0IGRldmljZSAiU2xlZXAgQnV0dG9u
IiAodHlwZTogS0VZQk9BUkQsIGlkIDcpClsgICAgMjguMTgzXSAoKiopIE9wdGlvbiAieGtiX21v
ZGVsIiAicGMxMDUiClsgICAgMjguMTg0XSAoKiopIE9wdGlvbiAieGtiX2xheW91dCIgInVzIgpb
ICAgIDI4LjE4NV0gKElJKSBldmVudDEgIC0gU2xlZXAgQnV0dG9uOiBpcyB0YWdnZWQgYnkgdWRl
diBhczogS2V5Ym9hcmQKWyAgICAyOC4xODVdIChJSSkgZXZlbnQxICAtIFNsZWVwIEJ1dHRvbjog
ZGV2aWNlIGlzIGEga2V5Ym9hcmQKWyAgICAyOC4xODZdIChJSSkgY29uZmlnL3VkZXY6IEFkZGlu
ZyBpbnB1dCBkZXZpY2UgVmlkZW8gQnVzICgvZGV2L2lucHV0L2V2ZW50NCkKWyAgICAyOC4xODZd
ICgqKikgVmlkZW8gQnVzOiBBcHBseWluZyBJbnB1dENsYXNzICJsaWJpbnB1dCBrZXlib2FyZCBj
YXRjaGFsbCIKWyAgICAyOC4xODZdIChJSSkgVXNpbmcgaW5wdXQgZHJpdmVyICdsaWJpbnB1dCcg
Zm9yICdWaWRlbyBCdXMnClsgICAgMjguMTg2XSAoKiopIFZpZGVvIEJ1czogYWx3YXlzIHJlcG9y
dHMgY29yZSBldmVudHMKWyAgICAyOC4xODZdICgqKikgT3B0aW9uICJEZXZpY2UiICIvZGV2L2lu
cHV0L2V2ZW50NCIKWyAgICAyOC4xODZdICgqKikgT3B0aW9uICJfc291cmNlIiAic2VydmVyL3Vk
ZXYiClsgICAgMjguMTg3XSAoSUkpIGV2ZW50NCAgLSBWaWRlbyBCdXM6IGlzIHRhZ2dlZCBieSB1
ZGV2IGFzOiBLZXlib2FyZApbICAgIDI4LjE4N10gKElJKSBldmVudDQgIC0gVmlkZW8gQnVzOiBk
ZXZpY2UgaXMgYSBrZXlib2FyZApbICAgIDI4LjE4N10gKElJKSBldmVudDQgIC0gVmlkZW8gQnVz
OiBkZXZpY2UgcmVtb3ZlZApbICAgIDI4LjE5OF0gKCoqKSBPcHRpb24gImNvbmZpZ19pbmZvIiAi
dWRldjovc3lzL2RldmljZXMvTE5YU1lTVE06MDAvTE5YU1lCVVM6MDAvUE5QMEEwMzowMC9MTlhW
SURFTzowMC9pbnB1dC9pbnB1dDUvZXZlbnQ0IgpbICAgIDI4LjE5OF0gKElJKSBYSU5QVVQ6IEFk
ZGluZyBleHRlbmRlZCBpbnB1dCBkZXZpY2UgIlZpZGVvIEJ1cyIgKHR5cGU6IEtFWUJPQVJELCBp
ZCA4KQpbICAgIDI4LjE5OF0gKCoqKSBPcHRpb24gInhrYl9tb2RlbCIgInBjMTA1IgpbICAgIDI4
LjE5OF0gKCoqKSBPcHRpb24gInhrYl9sYXlvdXQiICJ1cyIKWyAgICAyOC4xOTldIChJSSkgZXZl
bnQ0ICAtIFZpZGVvIEJ1czogaXMgdGFnZ2VkIGJ5IHVkZXYgYXM6IEtleWJvYXJkClsgICAgMjgu
MTk5XSAoSUkpIGV2ZW50NCAgLSBWaWRlbyBCdXM6IGRldmljZSBpcyBhIGtleWJvYXJkClsgICAg
MjguMjAwXSAoSUkpIGNvbmZpZy91ZGV2OiBBZGRpbmcgaW5wdXQgZGV2aWNlIFZpcnR1YWxCb3gg
bW91c2UgaW50ZWdyYXRpb24gKC9kZXYvaW5wdXQvZXZlbnQ1KQpbICAgIDI4LjIwMF0gKCoqKSBW
aXJ0dWFsQm94IG1vdXNlIGludGVncmF0aW9uOiBBcHBseWluZyBJbnB1dENsYXNzICJsaWJpbnB1
dCBwb2ludGVyIGNhdGNoYWxsIgpbICAgIDI4LjIwMF0gKElJKSBVc2luZyBpbnB1dCBkcml2ZXIg
J2xpYmlucHV0JyBmb3IgJ1ZpcnR1YWxCb3ggbW91c2UgaW50ZWdyYXRpb24nClsgICAgMjguMjAw
XSAoKiopIFZpcnR1YWxCb3ggbW91c2UgaW50ZWdyYXRpb246IGFsd2F5cyByZXBvcnRzIGNvcmUg
ZXZlbnRzClsgICAgMjguMjAwXSAoKiopIE9wdGlvbiAiRGV2aWNlIiAiL2Rldi9pbnB1dC9ldmVu
dDUiClsgICAgMjguMjAwXSAoKiopIE9wdGlvbiAiX3NvdXJjZSIgInNlcnZlci91ZGV2IgpbICAg
IDI4LjIwMV0gKElJKSBldmVudDUgIC0gVmlydHVhbEJveCBtb3VzZSBpbnRlZ3JhdGlvbjogaXMg
dGFnZ2VkIGJ5IHVkZXYgYXM6IE1vdXNlClsgICAgMjguMjAxXSAoSUkpIGV2ZW50NSAgLSBWaXJ0
dWFsQm94IG1vdXNlIGludGVncmF0aW9uOiBkZXZpY2UgaXMgYSBwb2ludGVyClsgICAgMjguMjAx
XSAoSUkpIGV2ZW50NSAgLSBWaXJ0dWFsQm94IG1vdXNlIGludGVncmF0aW9uOiBkZXZpY2UgcmVt
b3ZlZApbICAgIDI4LjIzM10gKCoqKSBPcHRpb24gImNvbmZpZ19pbmZvIiAidWRldjovc3lzL2Rl
dmljZXMvcGNpMDAwMDowMC8wMDAwOjAwOjA0LjAvaW5wdXQvaW5wdXQ2L2V2ZW50NSIKWyAgICAy
OC4yMzRdIChJSSkgWElOUFVUOiBBZGRpbmcgZXh0ZW5kZWQgaW5wdXQgZGV2aWNlICJWaXJ0dWFs
Qm94IG1vdXNlIGludGVncmF0aW9uIiAodHlwZTogTU9VU0UsIGlkIDkpClsgICAgMjguMjM0XSAo
KiopIE9wdGlvbiAiQWNjZWxlcmF0aW9uU2NoZW1lIiAibm9uZSIKWyAgICAyOC4yMzRdICgqKikg
VmlydHVhbEJveCBtb3VzZSBpbnRlZ3JhdGlvbjogKGFjY2VsKSBzZWxlY3RlZCBzY2hlbWUgbm9u
ZS8wClsgICAgMjguMjM0XSAoKiopIFZpcnR1YWxCb3ggbW91c2UgaW50ZWdyYXRpb246IChhY2Nl
bCkgYWNjZWxlcmF0aW9uIGZhY3RvcjogMi4wMDAKWyAgICAyOC4yMzRdICgqKikgVmlydHVhbEJv
eCBtb3VzZSBpbnRlZ3JhdGlvbjogKGFjY2VsKSBhY2NlbGVyYXRpb24gdGhyZXNob2xkOiA0Clsg
ICAgMjguMjM1XSAoSUkpIGV2ZW50NSAgLSBWaXJ0dWFsQm94IG1vdXNlIGludGVncmF0aW9uOiBp
cyB0YWdnZWQgYnkgdWRldiBhczogTW91c2UKWyAgICAyOC4yMzVdIChJSSkgZXZlbnQ1ICAtIFZp
cnR1YWxCb3ggbW91c2UgaW50ZWdyYXRpb246IGRldmljZSBpcyBhIHBvaW50ZXIKWyAgICAyOC4y
MzVdIChJSSkgY29uZmlnL3VkZXY6IEFkZGluZyBpbnB1dCBkZXZpY2UgVmlydHVhbEJveCBtb3Vz
ZSBpbnRlZ3JhdGlvbiAoL2Rldi9pbnB1dC9qczApClsgICAgMjguMjM1XSAoSUkpIE5vIGlucHV0
IGRyaXZlciBzcGVjaWZpZWQsIGlnbm9yaW5nIHRoaXMgZGV2aWNlLgpbICAgIDI4LjIzNV0gKElJ
KSBUaGlzIGRldmljZSBtYXkgaGF2ZSBiZWVuIGFkZGVkIHdpdGggYW5vdGhlciBkZXZpY2UgZmls
ZS4KWyAgICAyOC4yMzVdIChJSSkgY29uZmlnL3VkZXY6IEFkZGluZyBpbnB1dCBkZXZpY2UgVmly
dHVhbEJveCBtb3VzZSBpbnRlZ3JhdGlvbiAoL2Rldi9pbnB1dC9tb3VzZTEpClsgICAgMjguMjM1
XSAoSUkpIE5vIGlucHV0IGRyaXZlciBzcGVjaWZpZWQsIGlnbm9yaW5nIHRoaXMgZGV2aWNlLgpb
ICAgIDI4LjIzNV0gKElJKSBUaGlzIGRldmljZSBtYXkgaGF2ZSBiZWVuIGFkZGVkIHdpdGggYW5v
dGhlciBkZXZpY2UgZmlsZS4KWyAgICAyOC4yMzZdIChJSSkgY29uZmlnL3VkZXY6IEFkZGluZyBp
bnB1dCBkZXZpY2UgQVQgVHJhbnNsYXRlZCBTZXQgMiBrZXlib2FyZCAoL2Rldi9pbnB1dC9ldmVu
dDIpClsgICAgMjguMjM2XSAoKiopIEFUIFRyYW5zbGF0ZWQgU2V0IDIga2V5Ym9hcmQ6IEFwcGx5
aW5nIElucHV0Q2xhc3MgImxpYmlucHV0IGtleWJvYXJkIGNhdGNoYWxsIgpbICAgIDI4LjIzNl0g
KElJKSBVc2luZyBpbnB1dCBkcml2ZXIgJ2xpYmlucHV0JyBmb3IgJ0FUIFRyYW5zbGF0ZWQgU2V0
IDIga2V5Ym9hcmQnClsgICAgMjguMjM2XSAoKiopIEFUIFRyYW5zbGF0ZWQgU2V0IDIga2V5Ym9h
cmQ6IGFsd2F5cyByZXBvcnRzIGNvcmUgZXZlbnRzClsgICAgMjguMjM2XSAoKiopIE9wdGlvbiAi
RGV2aWNlIiAiL2Rldi9pbnB1dC9ldmVudDIiClsgICAgMjguMjM2XSAoKiopIE9wdGlvbiAiX3Nv
dXJjZSIgInNlcnZlci91ZGV2IgpbICAgIDI4LjI0Ml0gKElJKSBldmVudDIgIC0gQVQgVHJhbnNs
YXRlZCBTZXQgMiBrZXlib2FyZDogaXMgdGFnZ2VkIGJ5IHVkZXYgYXM6IEtleWJvYXJkClsgICAg
MjguMjQyXSAoSUkpIGV2ZW50MiAgLSBBVCBUcmFuc2xhdGVkIFNldCAyIGtleWJvYXJkOiBkZXZp
Y2UgaXMgYSBrZXlib2FyZApbICAgIDI4LjI0Ml0gKElJKSBldmVudDIgIC0gQVQgVHJhbnNsYXRl
ZCBTZXQgMiBrZXlib2FyZDogZGV2aWNlIHJlbW92ZWQKWyAgICAyOC4yNjJdICgqKikgT3B0aW9u
ICJjb25maWdfaW5mbyIgInVkZXY6L3N5cy9kZXZpY2VzL3BsYXRmb3JtL2k4MDQyL3NlcmlvMC9p
bnB1dC9pbnB1dDIvZXZlbnQyIgpbICAgIDI4LjI2Ml0gKElJKSBYSU5QVVQ6IEFkZGluZyBleHRl
bmRlZCBpbnB1dCBkZXZpY2UgIkFUIFRyYW5zbGF0ZWQgU2V0IDIga2V5Ym9hcmQiICh0eXBlOiBL
RVlCT0FSRCwgaWQgMTApClsgICAgMjguMjYyXSAoKiopIE9wdGlvbiAieGtiX21vZGVsIiAicGMx
MDUiClsgICAgMjguMjYyXSAoKiopIE9wdGlvbiAieGtiX2xheW91dCIgInVzIgpbICAgIDI4LjI2
M10gKElJKSBldmVudDIgIC0gQVQgVHJhbnNsYXRlZCBTZXQgMiBrZXlib2FyZDogaXMgdGFnZ2Vk
IGJ5IHVkZXYgYXM6IEtleWJvYXJkClsgICAgMjguMjYzXSAoSUkpIGV2ZW50MiAgLSBBVCBUcmFu
c2xhdGVkIFNldCAyIGtleWJvYXJkOiBkZXZpY2UgaXMgYSBrZXlib2FyZApbICAgIDI4LjI2NF0g
KElJKSBjb25maWcvdWRldjogQWRkaW5nIGlucHV0IGRldmljZSBJbUV4UFMvMiBHZW5lcmljIEV4
cGxvcmVyIE1vdXNlICgvZGV2L2lucHV0L2V2ZW50MykKWyAgICAyOC4yNjRdICgqKikgSW1FeFBT
LzIgR2VuZXJpYyBFeHBsb3JlciBNb3VzZTogQXBwbHlpbmcgSW5wdXRDbGFzcyAibGliaW5wdXQg
cG9pbnRlciBjYXRjaGFsbCIKWyAgICAyOC4yNjRdIChJSSkgVXNpbmcgaW5wdXQgZHJpdmVyICds
aWJpbnB1dCcgZm9yICdJbUV4UFMvMiBHZW5lcmljIEV4cGxvcmVyIE1vdXNlJwpbICAgIDI4LjI2
NF0gKCoqKSBJbUV4UFMvMiBHZW5lcmljIEV4cGxvcmVyIE1vdXNlOiBhbHdheXMgcmVwb3J0cyBj
b3JlIGV2ZW50cwpbICAgIDI4LjI2NF0gKCoqKSBPcHRpb24gIkRldmljZSIgIi9kZXYvaW5wdXQv
ZXZlbnQzIgpbICAgIDI4LjI2NF0gKCoqKSBPcHRpb24gIl9zb3VyY2UiICJzZXJ2ZXIvdWRldiIK
WyAgICAyOC4yNjVdIChJSSkgZXZlbnQzICAtIEltRXhQUy8yIEdlbmVyaWMgRXhwbG9yZXIgTW91
c2U6IGlzIHRhZ2dlZCBieSB1ZGV2IGFzOiBNb3VzZQpbICAgIDI4LjI2NV0gKElJKSBldmVudDMg
IC0gSW1FeFBTLzIgR2VuZXJpYyBFeHBsb3JlciBNb3VzZTogZGV2aWNlIGlzIGEgcG9pbnRlcgpb
ICAgIDI4LjI2NV0gKElJKSBldmVudDMgIC0gSW1FeFBTLzIgR2VuZXJpYyBFeHBsb3JlciBNb3Vz
ZTogZGV2aWNlIHJlbW92ZWQKWyAgICAyOC4yOTddICgqKikgT3B0aW9uICJjb25maWdfaW5mbyIg
InVkZXY6L3N5cy9kZXZpY2VzL3BsYXRmb3JtL2k4MDQyL3NlcmlvMS9pbnB1dC9pbnB1dDQvZXZl
bnQzIgpbICAgIDI4LjI5N10gKElJKSBYSU5QVVQ6IEFkZGluZyBleHRlbmRlZCBpbnB1dCBkZXZp
Y2UgIkltRXhQUy8yIEdlbmVyaWMgRXhwbG9yZXIgTW91c2UiICh0eXBlOiBNT1VTRSwgaWQgMTEp
ClsgICAgMjguMjk3XSAoKiopIE9wdGlvbiAiQWNjZWxlcmF0aW9uU2NoZW1lIiAibm9uZSIKWyAg
ICAyOC4yOTddICgqKikgSW1FeFBTLzIgR2VuZXJpYyBFeHBsb3JlciBNb3VzZTogKGFjY2VsKSBz
ZWxlY3RlZCBzY2hlbWUgbm9uZS8wClsgICAgMjguMjk3XSAoKiopIEltRXhQUy8yIEdlbmVyaWMg
RXhwbG9yZXIgTW91c2U6IChhY2NlbCkgYWNjZWxlcmF0aW9uIGZhY3RvcjogMi4wMDAKWyAgICAy
OC4yOTddICgqKikgSW1FeFBTLzIgR2VuZXJpYyBFeHBsb3JlciBNb3VzZTogKGFjY2VsKSBhY2Nl
bGVyYXRpb24gdGhyZXNob2xkOiA0ClsgICAgMjguMjk4XSAoSUkpIGV2ZW50MyAgLSBJbUV4UFMv
MiBHZW5lcmljIEV4cGxvcmVyIE1vdXNlOiBpcyB0YWdnZWQgYnkgdWRldiBhczogTW91c2UKWyAg
ICAyOC4yOThdIChJSSkgZXZlbnQzICAtIEltRXhQUy8yIEdlbmVyaWMgRXhwbG9yZXIgTW91c2U6
IGRldmljZSBpcyBhIHBvaW50ZXIKWyAgICAyOC4yOThdIChJSSkgY29uZmlnL3VkZXY6IEFkZGlu
ZyBpbnB1dCBkZXZpY2UgSW1FeFBTLzIgR2VuZXJpYyBFeHBsb3JlciBNb3VzZSAoL2Rldi9pbnB1
dC9tb3VzZTApClsgICAgMjguMjk4XSAoSUkpIE5vIGlucHV0IGRyaXZlciBzcGVjaWZpZWQsIGln
bm9yaW5nIHRoaXMgZGV2aWNlLgpbICAgIDI4LjI5OF0gKElJKSBUaGlzIGRldmljZSBtYXkgaGF2
ZSBiZWVuIGFkZGVkIHdpdGggYW5vdGhlciBkZXZpY2UgZmlsZS4KWyAgICAzMS41MjRdIChJSSkg
bW9kZXNldCgwKTogRURJRCB2ZW5kb3IgIlZCWCIsIHByb2QgaWQgMApbICAgIDMxLjUyNF0gKElJ
KSBtb2Rlc2V0KDApOiBERENNb2RlRnJvbURldGFpbGVkVGltaW5nOiAxMDI0eDc2OCBXYXJuaW5n
OiBXZSBvbmx5IGhhbmRsZSBzZXBhcmF0ZSBzeW5jLgpbICAgIDMxLjUyNF0gKElJKSBtb2Rlc2V0
KDApOiBVc2luZyBFRElEIHJhbmdlIGluZm8gZm9yIGhvcml6b250YWwgc3luYwpbICAgIDMxLjUy
NF0gKElJKSBtb2Rlc2V0KDApOiBVc2luZyBFRElEIHJhbmdlIGluZm8gZm9yIHZlcnRpY2FsIHJl
ZnJlc2gKWyAgICAzMy4wNjNdIChJSSkgbW9kZXNldCgwKTogRURJRCB2ZW5kb3IgIlZCWCIsIHBy
b2QgaWQgMApbICAgIDMzLjA2NF0gKElJKSBtb2Rlc2V0KDApOiBERENNb2RlRnJvbURldGFpbGVk
VGltaW5nOiAxMDI0eDc2OCBXYXJuaW5nOiBXZSBvbmx5IGhhbmRsZSBzZXBhcmF0ZSBzeW5jLgpb
ICAgIDMzLjA2NF0gKElJKSBtb2Rlc2V0KDApOiBVc2luZyBoc3luYyByYW5nZXMgZnJvbSBjb25m
aWcgZmlsZQpbICAgIDMzLjA2NF0gKElJKSBtb2Rlc2V0KDApOiBVc2luZyB2cmVmcmVzaCByYW5n
ZXMgZnJvbSBjb25maWcgZmlsZQo=
--394764968-1709242925=:6031--

