[    25.338] 
X.Org X Server 1.20.13
X Protocol Version 11, Revision 0
[    25.338] Build Operating System: linux Ubuntu
[    25.338] Current Operating System: Linux ubuntu-3nity 5.4.0-172-generic #190-Ubuntu SMP Fri Feb 2 23:24:22 UTC 2024 x86_64
[    25.338] Kernel command line: BOOT_IMAGE=/boot/vmlinuz-5.4.0-172-generic root=UUID=c1baec0d-de68-493e-88dc-799c10f4db90 ro console=tty1 console=ttyS0
[    25.338] Build Date: 29 January 2024  12:44:21PM
[    25.338] xorg-server 2:1.20.13-1ubuntu1~20.04.15 (For technical support please see http://www.ubuntu.com/support) 
[    25.338] Current version of pixman: 0.38.4
[    25.338] 	Before reporting problems, check http://wiki.x.org
	to make sure that you have the latest version.
[    25.338] Markers: (--) probed, (**) from config file, (==) default setting,
	(++) from command line, (!!) notice, (II) informational,
	(WW) warning, (EE) error, (NI) not implemented, (??) unknown.
[    25.338] (==) Log file: "/var/log/Xorg.0.log", Time: Thu Feb 29 20:24:33 2024
[    25.352] (==) Using system config directory "/usr/share/X11/xorg.conf.d"
[    25.357] (==) No Layout section.  Using the first Screen section.
[    25.358] (==) No screen section available. Using defaults.
[    25.358] (**) |-->Screen "Default Screen Section" (0)
[    25.358] (**) |   |-->Monitor "<default monitor>"
[    25.360] (==) No monitor specified for screen "Default Screen Section".
	Using a default monitor configuration.
[    25.360] (==) Automatically adding devices
[    25.360] (==) Automatically enabling devices
[    25.360] (==) Automatically adding GPU devices
[    25.360] (==) Automatically binding GPU devices
[    25.360] (==) Max clients allowed: 256, resource mask: 0x1fffff
[    25.365] (WW) The directory "/usr/share/fonts/X11/cyrillic" does not exist.
[    25.365] 	Entry deleted from font path.
[    25.365] (WW) The directory "/usr/share/fonts/X11/100dpi/" does not exist.
[    25.365] 	Entry deleted from font path.
[    25.365] (WW) The directory "/usr/share/fonts/X11/75dpi/" does not exist.
[    25.365] 	Entry deleted from font path.
[    25.367] (WW) The directory "/usr/share/fonts/X11/100dpi" does not exist.
[    25.367] 	Entry deleted from font path.
[    25.367] (WW) The directory "/usr/share/fonts/X11/75dpi" does not exist.
[    25.367] 	Entry deleted from font path.
[    25.367] (==) FontPath set to:
	/usr/share/fonts/X11/misc,
	/usr/share/fonts/X11/Type1,
	built-ins
[    25.367] (==) ModulePath set to "/usr/lib/xorg/modules"
[    25.367] (II) The server relies on udev to provide the list of input devices.
	If no devices become available, reconfigure udev or disable AutoAddDevices.
[    25.367] (II) Loader magic: 0x55cbf10c2020
[    25.367] (II) Module ABI versions:
[    25.367] 	X.Org ANSI C Emulation: 0.4
[    25.367] 	X.Org Video Driver: 24.1
[    25.367] 	X.Org XInput driver : 24.1
[    25.367] 	X.Org Server Extension : 10.0
[    25.369] (++) using VT number 7

[    25.369] (II) systemd-logind: logind integration requires -keeptty and -keeptty was not provided, disabling logind integration
[    25.370] (II) xfree86: Adding drm device (/dev/dri/card0)
[    25.386] (--) PCI:*(0@0:2:0) 80ee:beef:0000:0000 rev 0, Mem @ 0xe0000000/16777216, BIOS @ 0x????????/131072
[    25.387] (II) LoadModule: "glx"
[    25.418] (II) Loading /usr/lib/xorg/modules/extensions/libglx.so
[    25.501] (II) Module glx: vendor="X.Org Foundation"
[    25.504] 	compiled for 1.20.13, module version = 1.0.0
[    25.504] 	ABI class: X.Org Server Extension, version 10.0
[    25.504] (==) Matched vboxvideo as autoconfigured driver 0
[    25.504] (==) Matched modesetting as autoconfigured driver 1
[    25.504] (==) Matched fbdev as autoconfigured driver 2
[    25.504] (==) Matched vesa as autoconfigured driver 3
[    25.504] (==) Assigned the driver to the xf86ConfigLayout
[    25.504] (II) LoadModule: "vboxvideo"
[    25.504] (WW) Warning, couldn't open module vboxvideo
[    25.504] (EE) Failed to load module "vboxvideo" (module does not exist, 0)
[    25.504] (II) LoadModule: "modesetting"
[    25.504] (II) Loading /usr/lib/xorg/modules/drivers/modesetting_drv.so
[    25.513] (II) Module modesetting: vendor="X.Org Foundation"
[    25.513] 	compiled for 1.20.13, module version = 1.20.13
[    25.513] 	Module class: X.Org Video Driver
[    25.513] 	ABI class: X.Org Video Driver, version 24.1
[    25.513] (II) LoadModule: "fbdev"
[    25.513] (II) Loading /usr/lib/xorg/modules/drivers/fbdev_drv.so
[    25.516] (II) Module fbdev: vendor="X.Org Foundation"
[    25.516] 	compiled for 1.20.1, module version = 0.5.0
[    25.516] 	Module class: X.Org Video Driver
[    25.516] 	ABI class: X.Org Video Driver, version 24.0
[    25.516] (II) LoadModule: "vesa"
[    25.516] (II) Loading /usr/lib/xorg/modules/drivers/vesa_drv.so
[    25.525] (II) Module vesa: vendor="X.Org Foundation"
[    25.525] 	compiled for 1.20.4, module version = 2.4.0
[    25.525] 	Module class: X.Org Video Driver
[    25.525] 	ABI class: X.Org Video Driver, version 24.0
[    25.525] (==) Matched vboxvideo as autoconfigured driver 0
[    25.525] (==) Matched modesetting as autoconfigured driver 1
[    25.525] (==) Matched fbdev as autoconfigured driver 2
[    25.525] (==) Matched vesa as autoconfigured driver 3
[    25.525] (==) Assigned the driver to the xf86ConfigLayout
[    25.525] (II) LoadModule: "vboxvideo"
[    25.525] (WW) Warning, couldn't open module vboxvideo
[    25.525] (EE) Failed to load module "vboxvideo" (module does not exist, 0)
[    25.525] (II) LoadModule: "modesetting"
[    25.525] (II) Loading /usr/lib/xorg/modules/drivers/modesetting_drv.so
[    25.525] (II) Module modesetting: vendor="X.Org Foundation"
[    25.525] 	compiled for 1.20.13, module version = 1.20.13
[    25.525] 	Module class: X.Org Video Driver
[    25.525] 	ABI class: X.Org Video Driver, version 24.1
[    25.525] (II) UnloadModule: "modesetting"
[    25.525] (II) Unloading modesetting
[    25.525] (II) Failed to load module "modesetting" (already loaded, 0)
[    25.525] (II) LoadModule: "fbdev"
[    25.525] (II) Loading /usr/lib/xorg/modules/drivers/fbdev_drv.so
[    25.525] (II) Module fbdev: vendor="X.Org Foundation"
[    25.525] 	compiled for 1.20.1, module version = 0.5.0
[    25.525] 	Module class: X.Org Video Driver
[    25.525] 	ABI class: X.Org Video Driver, version 24.0
[    25.525] (II) UnloadModule: "fbdev"
[    25.525] (II) Unloading fbdev
[    25.525] (II) Failed to load module "fbdev" (already loaded, 0)
[    25.525] (II) LoadModule: "vesa"
[    25.525] (II) Loading /usr/lib/xorg/modules/drivers/vesa_drv.so
[    25.525] (II) Module vesa: vendor="X.Org Foundation"
[    25.525] 	compiled for 1.20.4, module version = 2.4.0
[    25.525] 	Module class: X.Org Video Driver
[    25.525] 	ABI class: X.Org Video Driver, version 24.0
[    25.525] (II) UnloadModule: "vesa"
[    25.525] (II) Unloading vesa
[    25.525] (II) Failed to load module "vesa" (already loaded, 0)
[    25.525] (II) modesetting: Driver for Modesetting Kernel Drivers: kms
[    25.525] (II) FBDEV: driver for framebuffer: fbdev
[    25.525] (II) VESA: driver for VESA chipsets: vesa
[    25.617] (II) modeset(0): using drv /dev/dri/card0
[    25.617] (WW) Falling back to old probe method for fbdev
[    25.617] (II) Loading sub module "fbdevhw"
[    25.617] (II) LoadModule: "fbdevhw"
[    25.617] (II) Loading /usr/lib/xorg/modules/libfbdevhw.so
[    25.626] (II) Module fbdevhw: vendor="X.Org Foundation"
[    25.626] 	compiled for 1.20.13, module version = 0.0.2
[    25.627] 	ABI class: X.Org Video Driver, version 24.1
[    25.627] (II) modeset(0): Creating default Display subsection in Screen section
	"Default Screen Section" for depth/fbbpp 24/32
[    25.627] (==) modeset(0): Depth 24, (==) framebuffer bpp 32
[    25.627] (==) modeset(0): RGB weight 888
[    25.627] (==) modeset(0): Default visual is TrueColor
[    25.627] (II) Loading sub module "glamoregl"
[    25.627] (II) LoadModule: "glamoregl"
[    25.627] (II) Loading /usr/lib/xorg/modules/libglamoregl.so
[    25.672] (II) Module glamoregl: vendor="X.Org Foundation"
[    25.672] 	compiled for 1.20.13, module version = 1.0.1
[    25.672] 	ABI class: X.Org ANSI C Emulation, version 0.4
[    27.530] (II) modeset(0): Refusing to try glamor on llvmpipe
[    27.556] (EE) modeset(0): glamor initialization failed
[    27.556] (II) modeset(0): ShadowFB: preferred NO, enabled NO
[    27.557] (II) modeset(0): Output VGA-1 has no monitor section
[    27.558] (II) modeset(0): EDID for output VGA-1
[    27.558] (II) modeset(0): Manufacturer: VBX  Model: 0  Serial#: 50332672
[    27.558] (II) modeset(0): Year: 1990  Week: 1
[    27.558] (II) modeset(0): EDID Version: 1.3
[    27.558] (II) modeset(0): Digital Display Input
[    27.558] (II) modeset(0): Indeterminate output size
[    27.558] (II) modeset(0): Gamma: 2.20
[    27.558] (II) modeset(0): DPMS capabilities: StandBy Suspend Off
[    27.558] (II) modeset(0): Supported color encodings: RGB 4:4:4 YCrCb 4:4:4 
[    27.558] (II) modeset(0): Default color space is primary color space
[    27.558] (II) modeset(0): First detailed timing is preferred mode
[    27.558] (II) modeset(0): redX: 0.640 redY: 0.330   greenX: 0.300 greenY: 0.600
[    27.558] (II) modeset(0): blueX: 0.150 blueY: 0.060   whiteX: 0.312 whiteY: 0.329
[    27.558] (II) modeset(0): Manufacturer's mask: 0
[    27.558] (II) modeset(0): Supported detailed timing:
[    27.558] (II) modeset(0): clock: 47.8 MHz   Image Size:  0 x 0 mm
[    27.558] (II) modeset(0): h_active: 1024  h_sync: 1026  h_sync_end 1028 h_blank_end 1030 h_border: 0
[    27.558] (II) modeset(0): v_active: 768  v_sync: 768  v_sync_end 802 v_blanking: 774 v_border: 0
[    27.558] (II) modeset(0): Ranges: V min: 0 V max: 200 Hz, H min: 0 H max: 200 kHz, PixClock max 1005 MHz
[    27.558] (II) modeset(0): Monitor name: VBOX monitor
[    27.558] (II) modeset(0): EDID (in hex):
[    27.558] (II) modeset(0): 	00ffffffffffff005858000000040003
[    27.558] (II) modeset(0): 	0100010380000078eeee91a3544c9926
[    27.558] (II) modeset(0): 	0f505400000001010101010101010101
[    27.558] (II) modeset(0): 	010101010101af120006400006300202
[    27.558] (II) modeset(0): 	0202000000000000000000fd0000c800
[    27.558] (II) modeset(0): 	c864000a202020202020000000fc0056
[    27.558] (II) modeset(0): 	424f58206d6f6e69746f720a00000010
[    27.558] (II) modeset(0): 	000a2020202020202020202020200019
[    27.558] (II) modeset(0): Printing probed modes for output VGA-1
[    27.559] (II) modeset(0): Modeline "1024x768"x59.9   63.53  1024 1072 1176 1328  768 771 775 798 -hsync +vsync (47.8 kHz P)
[    27.559] (II) modeset(0): Modeline "2560x1600"x60.0  348.50  2560 2752 3032 3504  1600 1603 1609 1658 -hsync +vsync (99.5 kHz e)
[    27.559] (II) modeset(0): Modeline "2560x1600"x60.0  268.50  2560 2608 2640 2720  1600 1603 1609 1646 +hsync -vsync (98.7 kHz e)
[    27.559] (II) modeset(0): Modeline "1920x1440"x60.0  234.00  1920 2048 2256 2600  1440 1441 1444 1500 -hsync +vsync (90.0 kHz e)
[    27.559] (II) modeset(0): Modeline "1856x1392"x60.0  218.25  1856 1952 2176 2528  1392 1393 1396 1439 -hsync +vsync (86.3 kHz e)
[    27.559] (II) modeset(0): Modeline "1792x1344"x60.0  204.75  1792 1920 2120 2448  1344 1345 1348 1394 -hsync +vsync (83.6 kHz e)
[    27.559] (II) modeset(0): Modeline "2048x1152"x60.0  162.00  2048 2074 2154 2250  1152 1153 1156 1200 +hsync +vsync (72.0 kHz e)
[    27.559] (II) modeset(0): Modeline "1920x1200"x59.9  193.25  1920 2056 2256 2592  1200 1203 1209 1245 -hsync +vsync (74.6 kHz e)
[    27.559] (II) modeset(0): Modeline "1920x1200"x60.0  154.00  1920 1968 2000 2080  1200 1203 1209 1235 +hsync -vsync (74.0 kHz e)
[    27.559] (II) modeset(0): Modeline "1920x1080"x60.0  148.50  1920 2008 2052 2200  1080 1084 1089 1125 -hsync -vsync (67.5 kHz e)
[    27.559] (II) modeset(0): Modeline "1600x1200"x60.0  162.00  1600 1664 1856 2160  1200 1201 1204 1250 +hsync +vsync (75.0 kHz e)
[    27.559] (II) modeset(0): Modeline "1680x1050"x60.0  146.25  1680 1784 1960 2240  1050 1053 1059 1089 -hsync +vsync (65.3 kHz e)
[    27.559] (II) modeset(0): Modeline "1680x1050"x59.9  119.00  1680 1728 1760 1840  1050 1053 1059 1080 +hsync -vsync (64.7 kHz e)
[    27.559] (II) modeset(0): Modeline "1400x1050"x60.0  121.75  1400 1488 1632 1864  1050 1053 1057 1089 -hsync +vsync (65.3 kHz e)
[    27.559] (II) modeset(0): Modeline "1400x1050"x59.9  101.00  1400 1448 1480 1560  1050 1053 1057 1080 +hsync -vsync (64.7 kHz e)
[    27.559] (II) modeset(0): Modeline "1600x900"x60.0  108.00  1600 1624 1704 1800  900 901 904 1000 +hsync +vsync (60.0 kHz e)
[    27.559] (II) modeset(0): Modeline "1280x1024"x60.0  108.00  1280 1328 1440 1688  1024 1025 1028 1066 +hsync +vsync (64.0 kHz e)
[    27.559] (II) modeset(0): Modeline "1440x900"x59.9  106.50  1440 1520 1672 1904  900 903 909 934 -hsync +vsync (55.9 kHz e)
[    27.559] (II) modeset(0): Modeline "1440x900"x59.9   88.75  1440 1488 1520 1600  900 903 909 926 +hsync -vsync (55.5 kHz e)
[    27.559] (II) modeset(0): Modeline "1280x960"x60.0  108.00  1280 1376 1488 1800  960 961 964 1000 +hsync +vsync (60.0 kHz e)
[    27.559] (II) modeset(0): Modeline "1366x768"x59.8   85.50  1366 1436 1579 1792  768 771 774 798 +hsync +vsync (47.7 kHz e)
[    27.559] (II) modeset(0): Modeline "1366x768"x60.0   72.00  1366 1380 1436 1500  768 769 772 800 +hsync +vsync (48.0 kHz e)
[    27.559] (II) modeset(0): Modeline "1360x768"x60.0   85.50  1360 1424 1536 1792  768 771 777 795 +hsync +vsync (47.7 kHz e)
[    27.559] (II) modeset(0): Modeline "1280x800"x59.8   83.50  1280 1352 1480 1680  800 803 809 831 -hsync +vsync (49.7 kHz e)
[    27.559] (II) modeset(0): Modeline "1280x800"x59.9   71.00  1280 1328 1360 1440  800 803 809 823 +hsync -vsync (49.3 kHz e)
[    27.559] (II) modeset(0): Modeline "1280x768"x59.9   79.50  1280 1344 1472 1664  768 771 778 798 -hsync +vsync (47.8 kHz e)
[    27.559] (II) modeset(0): Modeline "1280x768"x60.0   68.25  1280 1328 1360 1440  768 771 778 790 +hsync -vsync (47.4 kHz e)
[    27.559] (II) modeset(0): Modeline "1280x720"x60.0   74.25  1280 1390 1430 1650  720 725 730 750 +hsync +vsync (45.0 kHz e)
[    27.559] (II) modeset(0): Modeline "1024x768"x60.0   65.00  1024 1048 1184 1344  768 771 777 806 -hsync -vsync (48.4 kHz e)
[    27.559] (II) modeset(0): Modeline "800x600"x60.3   40.00  800 840 968 1056  600 601 605 628 +hsync +vsync (37.9 kHz e)
[    27.559] (II) modeset(0): Modeline "800x600"x56.2   36.00  800 824 896 1024  600 601 603 625 +hsync +vsync (35.2 kHz e)
[    27.559] (II) modeset(0): Modeline "848x480"x60.0   33.75  848 864 976 1088  480 486 494 517 +hsync +vsync (31.0 kHz e)
[    27.559] (II) modeset(0): Modeline "640x480"x59.9   25.18  640 656 752 800  480 490 492 525 -hsync -vsync (31.5 kHz e)
[    27.559] (II) modeset(0): Output VGA-1 connected
[    27.559] (II) modeset(0): Using exact sizes for initial modes
[    27.559] (II) modeset(0): Output VGA-1 using initial mode 1024x768 +0+0
[    27.559] (==) modeset(0): Using gamma correction (1.0, 1.0, 1.0)
[    27.559] (==) modeset(0): DPI set to (96, 96)
[    27.559] (II) Loading sub module "fb"
[    27.559] (II) LoadModule: "fb"
[    27.559] (II) Loading /usr/lib/xorg/modules/libfb.so
[    27.565] (II) Module fb: vendor="X.Org Foundation"
[    27.565] 	compiled for 1.20.13, module version = 1.0.0
[    27.565] 	ABI class: X.Org ANSI C Emulation, version 0.4
[    27.565] (II) UnloadModule: "fbdev"
[    27.565] (II) Unloading fbdev
[    27.565] (II) UnloadSubModule: "fbdevhw"
[    27.565] (II) Unloading fbdevhw
[    27.565] (II) UnloadModule: "vesa"
[    27.565] (II) Unloading vesa
[    27.575] (==) modeset(0): Backing store enabled
[    27.575] (==) modeset(0): Silken mouse enabled
[    27.577] (II) modeset(0): Initializing kms color map for depth 24, 8 bpc.
[    27.577] (==) modeset(0): DPMS enabled
[    27.577] (II) Initializing extension Generic Event Extension
[    27.577] (II) Initializing extension SHAPE
[    27.577] (II) Initializing extension MIT-SHM
[    27.577] (II) Initializing extension XInputExtension
[    27.578] (II) Initializing extension XTEST
[    27.578] (II) Initializing extension BIG-REQUESTS
[    27.578] (II) Initializing extension SYNC
[    27.579] (II) Initializing extension XKEYBOARD
[    27.579] (II) Initializing extension XC-MISC
[    27.579] (II) Initializing extension SECURITY
[    27.579] (II) Initializing extension XFIXES
[    27.580] (II) Initializing extension RENDER
[    27.580] (II) Initializing extension RANDR
[    27.580] (II) Initializing extension COMPOSITE
[    27.580] (II) Initializing extension DAMAGE
[    27.581] (II) Initializing extension MIT-SCREEN-SAVER
[    27.581] (II) Initializing extension DOUBLE-BUFFER
[    27.581] (II) Initializing extension RECORD
[    27.581] (II) Initializing extension DPMS
[    27.581] (II) Initializing extension Present
[    27.581] (II) Initializing extension DRI3
[    27.581] (II) Initializing extension X-Resource
[    27.582] (II) Initializing extension XVideo
[    27.582] (II) Initializing extension XVideo-MotionCompensation
[    27.582] (II) Initializing extension SELinux
[    27.582] (II) SELinux: Disabled on system
[    27.582] (II) Initializing extension GLX
[    27.582] (II) AIGLX: Screen 0 is not DRI2 capable
[    27.637] (II) IGLX: Loaded and initialized swrast
[    27.638] (II) GLX: Initialized DRISWRAST GL provider for screen 0
[    27.638] (II) Initializing extension XFree86-VidModeExtension
[    27.638] (II) Initializing extension XFree86-DGA
[    27.638] (II) Initializing extension XFree86-DRI
[    27.644] (II) Initializing extension DRI2
[    27.644] (II) modeset(0): Damage tracking initialized
[    27.644] (II) modeset(0): Setting screen physical size to 270 x 203
[    28.053] (II) config/udev: Adding input device Power Button (/dev/input/event0)
[    28.053] (**) Power Button: Applying InputClass "libinput keyboard catchall"
[    28.053] (II) LoadModule: "libinput"
[    28.053] (II) Loading /usr/lib/xorg/modules/input/libinput_drv.so
[    28.114] (II) Module libinput: vendor="X.Org Foundation"
[    28.114] 	compiled for 1.20.4, module version = 0.29.0
[    28.114] 	Module class: X.Org XInput Driver
[    28.114] 	ABI class: X.Org XInput driver, version 24.1
[    28.114] (II) Using input driver 'libinput' for 'Power Button'
[    28.114] (**) Power Button: always reports core events
[    28.114] (**) Option "Device" "/dev/input/event0"
[    28.117] (**) Option "_source" "server/udev"
[    28.152] (II) event0  - Power Button: is tagged by udev as: Keyboard
[    28.152] (II) event0  - Power Button: device is a keyboard
[    28.152] (II) event0  - Power Button: device removed
[    28.161] (**) Option "config_info" "udev:/sys/devices/LNXSYSTM:00/LNXPWRBN:00/input/input0/event0"
[    28.161] (II) XINPUT: Adding extended input device "Power Button" (type: KEYBOARD, id 6)
[    28.161] (**) Option "xkb_model" "pc105"
[    28.161] (**) Option "xkb_layout" "us"
[    28.161] (II) event0  - Power Button: is tagged by udev as: Keyboard
[    28.161] (II) event0  - Power Button: device is a keyboard
[    28.162] (II) config/udev: Adding input device Sleep Button (/dev/input/event1)
[    28.162] (**) Sleep Button: Applying InputClass "libinput keyboard catchall"
[    28.162] (II) Using input driver 'libinput' for 'Sleep Button'
[    28.162] (**) Sleep Button: always reports core events
[    28.162] (**) Option "Device" "/dev/input/event1"
[    28.162] (**) Option "_source" "server/udev"
[    28.162] (II) event1  - Sleep Button: is tagged by udev as: Keyboard
[    28.162] (II) event1  - Sleep Button: device is a keyboard
[    28.162] (II) event1  - Sleep Button: device removed
[    28.183] (**) Option "config_info" "udev:/sys/devices/LNXSYSTM:00/LNXSLPBN:00/input/input1/event1"
[    28.183] (II) XINPUT: Adding extended input device "Sleep Button" (type: KEYBOARD, id 7)
[    28.183] (**) Option "xkb_model" "pc105"
[    28.184] (**) Option "xkb_layout" "us"
[    28.185] (II) event1  - Sleep Button: is tagged by udev as: Keyboard
[    28.185] (II) event1  - Sleep Button: device is a keyboard
[    28.186] (II) config/udev: Adding input device Video Bus (/dev/input/event4)
[    28.186] (**) Video Bus: Applying InputClass "libinput keyboard catchall"
[    28.186] (II) Using input driver 'libinput' for 'Video Bus'
[    28.186] (**) Video Bus: always reports core events
[    28.186] (**) Option "Device" "/dev/input/event4"
[    28.186] (**) Option "_source" "server/udev"
[    28.187] (II) event4  - Video Bus: is tagged by udev as: Keyboard
[    28.187] (II) event4  - Video Bus: device is a keyboard
[    28.187] (II) event4  - Video Bus: device removed
[    28.198] (**) Option "config_info" "udev:/sys/devices/LNXSYSTM:00/LNXSYBUS:00/PNP0A03:00/LNXVIDEO:00/input/input5/event4"
[    28.198] (II) XINPUT: Adding extended input device "Video Bus" (type: KEYBOARD, id 8)
[    28.198] (**) Option "xkb_model" "pc105"
[    28.198] (**) Option "xkb_layout" "us"
[    28.199] (II) event4  - Video Bus: is tagged by udev as: Keyboard
[    28.199] (II) event4  - Video Bus: device is a keyboard
[    28.200] (II) config/udev: Adding input device VirtualBox mouse integration (/dev/input/event5)
[    28.200] (**) VirtualBox mouse integration: Applying InputClass "libinput pointer catchall"
[    28.200] (II) Using input driver 'libinput' for 'VirtualBox mouse integration'
[    28.200] (**) VirtualBox mouse integration: always reports core events
[    28.200] (**) Option "Device" "/dev/input/event5"
[    28.200] (**) Option "_source" "server/udev"
[    28.201] (II) event5  - VirtualBox mouse integration: is tagged by udev as: Mouse
[    28.201] (II) event5  - VirtualBox mouse integration: device is a pointer
[    28.201] (II) event5  - VirtualBox mouse integration: device removed
[    28.233] (**) Option "config_info" "udev:/sys/devices/pci0000:00/0000:00:04.0/input/input6/event5"
[    28.234] (II) XINPUT: Adding extended input device "VirtualBox mouse integration" (type: MOUSE, id 9)
[    28.234] (**) Option "AccelerationScheme" "none"
[    28.234] (**) VirtualBox mouse integration: (accel) selected scheme none/0
[    28.234] (**) VirtualBox mouse integration: (accel) acceleration factor: 2.000
[    28.234] (**) VirtualBox mouse integration: (accel) acceleration threshold: 4
[    28.235] (II) event5  - VirtualBox mouse integration: is tagged by udev as: Mouse
[    28.235] (II) event5  - VirtualBox mouse integration: device is a pointer
[    28.235] (II) config/udev: Adding input device VirtualBox mouse integration (/dev/input/js0)
[    28.235] (II) No input driver specified, ignoring this device.
[    28.235] (II) This device may have been added with another device file.
[    28.235] (II) config/udev: Adding input device VirtualBox mouse integration (/dev/input/mouse1)
[    28.235] (II) No input driver specified, ignoring this device.
[    28.235] (II) This device may have been added with another device file.
[    28.236] (II) config/udev: Adding input device AT Translated Set 2 keyboard (/dev/input/event2)
[    28.236] (**) AT Translated Set 2 keyboard: Applying InputClass "libinput keyboard catchall"
[    28.236] (II) Using input driver 'libinput' for 'AT Translated Set 2 keyboard'
[    28.236] (**) AT Translated Set 2 keyboard: always reports core events
[    28.236] (**) Option "Device" "/dev/input/event2"
[    28.236] (**) Option "_source" "server/udev"
[    28.242] (II) event2  - AT Translated Set 2 keyboard: is tagged by udev as: Keyboard
[    28.242] (II) event2  - AT Translated Set 2 keyboard: device is a keyboard
[    28.242] (II) event2  - AT Translated Set 2 keyboard: device removed
[    28.262] (**) Option "config_info" "udev:/sys/devices/platform/i8042/serio0/input/input2/event2"
[    28.262] (II) XINPUT: Adding extended input device "AT Translated Set 2 keyboard" (type: KEYBOARD, id 10)
[    28.262] (**) Option "xkb_model" "pc105"
[    28.262] (**) Option "xkb_layout" "us"
[    28.263] (II) event2  - AT Translated Set 2 keyboard: is tagged by udev as: Keyboard
[    28.263] (II) event2  - AT Translated Set 2 keyboard: device is a keyboard
[    28.264] (II) config/udev: Adding input device ImExPS/2 Generic Explorer Mouse (/dev/input/event3)
[    28.264] (**) ImExPS/2 Generic Explorer Mouse: Applying InputClass "libinput pointer catchall"
[    28.264] (II) Using input driver 'libinput' for 'ImExPS/2 Generic Explorer Mouse'
[    28.264] (**) ImExPS/2 Generic Explorer Mouse: always reports core events
[    28.264] (**) Option "Device" "/dev/input/event3"
[    28.264] (**) Option "_source" "server/udev"
[    28.265] (II) event3  - ImExPS/2 Generic Explorer Mouse: is tagged by udev as: Mouse
[    28.265] (II) event3  - ImExPS/2 Generic Explorer Mouse: device is a pointer
[    28.265] (II) event3  - ImExPS/2 Generic Explorer Mouse: device removed
[    28.297] (**) Option "config_info" "udev:/sys/devices/platform/i8042/serio1/input/input4/event3"
[    28.297] (II) XINPUT: Adding extended input device "ImExPS/2 Generic Explorer Mouse" (type: MOUSE, id 11)
[    28.297] (**) Option "AccelerationScheme" "none"
[    28.297] (**) ImExPS/2 Generic Explorer Mouse: (accel) selected scheme none/0
[    28.297] (**) ImExPS/2 Generic Explorer Mouse: (accel) acceleration factor: 2.000
[    28.297] (**) ImExPS/2 Generic Explorer Mouse: (accel) acceleration threshold: 4
[    28.298] (II) event3  - ImExPS/2 Generic Explorer Mouse: is tagged by udev as: Mouse
[    28.298] (II) event3  - ImExPS/2 Generic Explorer Mouse: device is a pointer
[    28.298] (II) config/udev: Adding input device ImExPS/2 Generic Explorer Mouse (/dev/input/mouse0)
[    28.298] (II) No input driver specified, ignoring this device.
[    28.298] (II) This device may have been added with another device file.
[    31.524] (II) modeset(0): EDID vendor "VBX", prod id 0
[    31.524] (II) modeset(0): DDCModeFromDetailedTiming: 1024x768 Warning: We only handle separate sync.
[    31.524] (II) modeset(0): Using EDID range info for horizontal sync
[    31.524] (II) modeset(0): Using EDID range info for vertical refresh
[    33.063] (II) modeset(0): EDID vendor "VBX", prod id 0
[    33.064] (II) modeset(0): DDCModeFromDetailedTiming: 1024x768 Warning: We only handle separate sync.
[    33.064] (II) modeset(0): Using hsync ranges from config file
[    33.064] (II) modeset(0): Using vrefresh ranges from config file
